<?xml version="1.0" encoding="UTF-8"?>
<coverage generated="1553757831018" clover="3.2.0">
  <project timestamp="1553757831018" name="All files">
    <metrics statements="3545" coveredstatements="2173" conditionals="1830" coveredconditionals="827" methods="1253" coveredmethods="604" elements="6628" coveredelements="3604" complexity="0" loc="3545" ncloc="3545" packages="96" files="338" classes="338">
      <package name="src">
        <metrics statements="40" coveredstatements="0" conditionals="4" coveredconditionals="0" methods="4" coveredmethods="0"/>
        <file name="App.js" path="/Users/edward/Desktop/canopy-frontend/packages/canopy-frontend-common/src/App.js">
          <metrics statements="40" coveredstatements="0" conditionals="4" coveredconditionals="0" methods="4" coveredmethods="0"/>
          <line num="1" count="0" type="stmt"/>
          <line num="2" count="0" type="stmt"/>
          <line num="3" count="0" type="stmt"/>
          <line num="4" count="0" type="stmt"/>
          <line num="5" count="0" type="stmt"/>
          <line num="6" count="0" type="stmt"/>
          <line num="7" count="0" type="stmt"/>
          <line num="9" count="0" type="stmt"/>
          <line num="10" count="0" type="stmt"/>
          <line num="11" count="0" type="stmt"/>
          <line num="12" count="0" type="stmt"/>
          <line num="13" count="0" type="stmt"/>
          <line num="15" count="0" type="stmt"/>
          <line num="16" count="0" type="stmt"/>
          <line num="18" count="0" type="stmt"/>
          <line num="19" count="0" type="stmt"/>
          <line num="20" count="0" type="stmt"/>
          <line num="21" count="0" type="stmt"/>
          <line num="22" count="0" type="stmt"/>
          <line num="23" count="0" type="stmt"/>
          <line num="24" count="0" type="stmt"/>
          <line num="25" count="0" type="stmt"/>
          <line num="26" count="0" type="stmt"/>
          <line num="27" count="0" type="stmt"/>
          <line num="29" count="0" type="stmt"/>
          <line num="30" count="0" type="stmt"/>
          <line num="31" count="0" type="stmt"/>
          <line num="32" count="0" type="stmt"/>
          <line num="33" count="0" type="stmt"/>
          <line num="34" count="0" type="stmt"/>
          <line num="39" count="0" type="stmt"/>
          <line num="41" count="0" type="cond" truecount="0" falsecount="2"/>
          <line num="42" count="0" type="stmt"/>
          <line num="45" count="0" type="stmt"/>
          <line num="54" count="0" type="cond" truecount="0" falsecount="2"/>
          <line num="55" count="0" type="stmt"/>
          <line num="60" count="0" type="stmt"/>
          <line num="87" count="0" type="stmt"/>
          <line num="102" count="0" type="stmt"/>
          <line num="107" count="0" type="stmt"/>
        </file>
      </package>
      <package name="src.actions">
        <metrics statements="532" coveredstatements="449" conditionals="112" coveredconditionals="64" methods="228" coveredmethods="176"/>
        <file name="agencies.js" path="/Users/edward/Desktop/canopy-frontend/packages/canopy-frontend-common/src/actions/agencies.js">
          <metrics statements="16" coveredstatements="15" conditionals="2" coveredconditionals="1" methods="6" coveredmethods="5"/>
          <line num="6" count="2" type="stmt"/>
          <line num="11" count="3" type="stmt"/>
          <line num="13" count="3" type="stmt"/>
          <line num="14" count="3" type="stmt"/>
          <line num="16" count="1" type="stmt"/>
          <line num="19" count="3" type="cond" truecount="1" falsecount="1"/>
          <line num="20" count="0" type="stmt"/>
          <line num="23" count="3" type="stmt"/>
          <line num="26" count="2" type="stmt"/>
          <line num="27" count="2" type="stmt"/>
          <line num="28" count="2" type="stmt"/>
          <line num="30" count="2" type="stmt"/>
          <line num="31" count="2" type="stmt"/>
          <line num="32" count="1" type="stmt"/>
          <line num="34" count="1" type="stmt"/>
          <line num="38" count="1" type="stmt"/>
        </file>
        <file name="agency.js" path="/Users/edward/Desktop/canopy-frontend/packages/canopy-frontend-common/src/actions/agency.js">
          <metrics statements="24" coveredstatements="24" conditionals="0" coveredconditionals="0" methods="11" coveredmethods="11"/>
          <line num="3" count="4" type="stmt"/>
          <line num="4" count="4" type="stmt"/>
          <line num="5" count="4" type="stmt"/>
          <line num="6" count="2" type="stmt"/>
          <line num="8" count="2" type="stmt"/>
          <line num="12" count="3" type="stmt"/>
          <line num="13" count="3" type="stmt"/>
          <line num="14" count="2" type="stmt"/>
          <line num="17" count="2" type="stmt"/>
          <line num="20" count="4" type="stmt"/>
          <line num="21" count="4" type="stmt"/>
          <line num="22" count="4" type="stmt"/>
          <line num="23" count="2" type="stmt"/>
          <line num="25" count="2" type="stmt"/>
          <line num="29" count="4" type="stmt"/>
          <line num="30" count="4" type="stmt"/>
          <line num="31" count="4" type="stmt"/>
          <line num="32" count="2" type="stmt"/>
          <line num="34" count="2" type="stmt"/>
          <line num="38" count="4" type="stmt"/>
          <line num="39" count="4" type="stmt"/>
          <line num="40" count="4" type="stmt"/>
          <line num="41" count="2" type="stmt"/>
          <line num="43" count="2" type="stmt"/>
        </file>
        <file name="agents.js" path="/Users/edward/Desktop/canopy-frontend/packages/canopy-frontend-common/src/actions/agents.js">
          <metrics statements="8" coveredstatements="7" conditionals="2" coveredconditionals="1" methods="5" coveredmethods="5"/>
          <line num="5" count="2" type="stmt"/>
          <line num="10" count="1" type="stmt"/>
          <line num="14" count="3" type="stmt"/>
          <line num="15" count="3" type="stmt"/>
          <line num="16" count="1" type="stmt"/>
          <line num="18" count="1" type="cond" truecount="1" falsecount="1"/>
          <line num="19" count="0" type="stmt"/>
          <line num="22" count="1" type="stmt"/>
        </file>
        <file name="auth.js" path="/Users/edward/Desktop/canopy-frontend/packages/canopy-frontend-common/src/actions/auth.js">
          <metrics statements="87" coveredstatements="60" conditionals="37" coveredconditionals="22" methods="33" coveredmethods="22"/>
          <line num="20" count="34" type="stmt"/>
          <line num="21" count="0" type="stmt"/>
          <line num="22" count="0" type="stmt"/>
          <line num="25" count="34" type="stmt"/>
          <line num="30" count="34" type="stmt"/>
          <line num="35" count="34" type="stmt"/>
          <line num="36" count="4" type="stmt"/>
          <line num="37" count="2" type="stmt"/>
          <line num="42" count="2" type="stmt"/>
          <line num="45" count="34" type="stmt"/>
          <line num="46" count="4" type="stmt"/>
          <line num="47" count="2" type="stmt"/>
          <line num="52" count="2" type="stmt"/>
          <line num="55" count="34" type="stmt"/>
          <line num="60" count="34" type="stmt"/>
          <line num="65" count="34" type="stmt"/>
          <line num="69" count="34" type="stmt"/>
          <line num="74" count="34" type="stmt"/>
          <line num="75" count="4" type="stmt"/>
          <line num="76" count="4" type="cond" truecount="2" falsecount="0"/>
          <line num="77" count="3" type="stmt"/>
          <line num="78" count="3" type="stmt"/>
          <line num="79" count="3" type="cond" truecount="1" falsecount="1"/>
          <line num="80" count="3" type="stmt"/>
          <line num="83" count="1" type="stmt"/>
          <line num="88" count="34" type="stmt"/>
          <line num="89" count="3" type="stmt"/>
          <line num="90" count="3" type="stmt"/>
          <line num="91" count="3" type="stmt"/>
          <line num="92" count="3" type="stmt"/>
          <line num="93" count="3" type="stmt"/>
          <line num="98" count="34" type="stmt"/>
          <line num="99" count="34" type="stmt"/>
          <line num="101" count="34" type="stmt"/>
          <line num="102" count="0" type="stmt"/>
          <line num="103" count="0" type="cond" truecount="0" falsecount="2"/>
          <line num="104" count="0" type="stmt"/>
          <line num="106" count="0" type="stmt"/>
          <line num="110" count="34" type="cond" truecount="1" falsecount="0"/>
          <line num="117" count="7" type="stmt"/>
          <line num="118" count="7" type="stmt"/>
          <line num="119" count="7" type="cond" truecount="4" falsecount="0"/>
          <line num="120" count="1" type="stmt"/>
          <line num="123" count="7" type="stmt"/>
          <line num="124" count="7" type="cond" truecount="2" falsecount="0"/>
          <line num="125" count="2" type="stmt"/>
          <line num="126" count="2" type="cond" truecount="2" falsecount="0"/>
          <line num="128" count="1" type="stmt"/>
          <line num="131" count="1" type="stmt"/>
          <line num="133" count="5" type="cond" truecount="2" falsecount="0"/>
          <line num="134" count="3" type="stmt"/>
          <line num="137" count="0" type="stmt"/>
          <line num="140" count="0" type="stmt"/>
          <line num="144" count="34" type="stmt"/>
          <line num="145" count="0" type="stmt"/>
          <line num="149" count="0" type="stmt"/>
          <line num="152" count="0" type="stmt"/>
          <line num="155" count="0" type="cond" truecount="0" falsecount="6"/>
          <line num="157" count="0" type="stmt"/>
          <line num="158" count="0" type="stmt"/>
          <line num="160" count="0" type="stmt"/>
          <line num="161" count="0" type="stmt"/>
          <line num="162" count="0" type="stmt"/>
          <line num="164" count="0" type="stmt"/>
          <line num="165" count="0" type="stmt"/>
          <line num="166" count="0" type="stmt"/>
          <line num="168" count="0" type="stmt"/>
          <line num="171" count="0" type="cond" truecount="0" falsecount="4"/>
          <line num="172" count="0" type="stmt"/>
          <line num="176" count="34" type="stmt"/>
          <line num="177" count="0" type="stmt"/>
          <line num="178" count="0" type="stmt"/>
          <line num="181" count="0" type="cond" truecount="0" falsecount="2"/>
          <line num="182" count="0" type="stmt"/>
          <line num="186" count="34" type="stmt"/>
          <line num="189" count="3" type="stmt"/>
          <line num="190" count="3" type="stmt"/>
          <line num="191" count="1" type="stmt"/>
          <line num="194" count="2" type="cond" truecount="2" falsecount="0"/>
          <line num="195" count="1" type="stmt"/>
          <line num="202" count="1" type="stmt"/>
          <line num="206" count="34" type="stmt"/>
          <line num="207" count="3" type="stmt"/>
          <line num="208" count="3" type="stmt"/>
          <line num="214" count="34" type="stmt"/>
          <line num="215" count="3" type="stmt"/>
          <line num="216" count="3" type="stmt"/>
        </file>
        <file name="form.js" path="/Users/edward/Desktop/canopy-frontend/packages/canopy-frontend-common/src/actions/form.js">
          <metrics statements="62" coveredstatements="43" conditionals="18" coveredconditionals="10" methods="30" coveredmethods="19"/>
          <line num="15" count="9" type="stmt"/>
          <line num="20" count="9" type="stmt"/>
          <line num="24" count="9" type="stmt"/>
          <line num="29" count="9" type="stmt"/>
          <line num="33" count="9" type="stmt"/>
          <line num="34" count="0" type="stmt"/>
          <line num="35" count="0" type="stmt"/>
          <line num="38" count="9" type="stmt"/>
          <line num="39" count="0" type="stmt"/>
          <line num="40" count="0" type="stmt"/>
          <line num="43" count="9" type="stmt"/>
          <line num="44" count="1" type="stmt"/>
          <line num="45" count="0" type="stmt"/>
          <line num="48" count="0" type="cond" truecount="0" falsecount="2"/>
          <line num="49" count="0" type="stmt"/>
          <line num="50" count="0" type="stmt"/>
          <line num="51" count="0" type="stmt"/>
          <line num="52" count="0" type="stmt"/>
          <line num="56" count="9" type="stmt"/>
          <line num="57" count="4" type="stmt"/>
          <line num="58" count="1" type="stmt"/>
          <line num="61" count="2" type="cond" truecount="2" falsecount="0"/>
          <line num="62" count="1" type="stmt"/>
          <line num="63" count="1" type="stmt"/>
          <line num="64" count="1" type="stmt"/>
          <line num="68" count="9" type="stmt"/>
          <line num="69" count="5" type="stmt"/>
          <line num="70" count="1" type="stmt"/>
          <line num="73" count="3" type="cond" truecount="2" falsecount="0"/>
          <line num="74" count="2" type="stmt"/>
          <line num="75" count="2" type="stmt"/>
          <line num="79" count="9" type="stmt"/>
          <line num="80" count="8" type="stmt"/>
          <line num="82" count="1" type="stmt"/>
          <line num="85" count="2" type="stmt"/>
          <line num="88" count="9" type="stmt"/>
          <line num="89" count="0" type="stmt"/>
          <line num="90" count="0" type="stmt"/>
          <line num="92" count="0" type="cond" truecount="0" falsecount="2"/>
          <line num="93" count="0" type="stmt"/>
          <line num="94" count="0" type="stmt"/>
          <line num="98" count="9" type="stmt"/>
          <line num="99" count="4" type="stmt"/>
          <line num="100" count="4" type="stmt"/>
          <line num="102" count="4" type="stmt"/>
          <line num="103" count="6" type="cond" truecount="1" falsecount="1"/>
          <line num="104" count="0" type="cond" truecount="0" falsecount="2"/>
          <line num="105" count="0" type="stmt"/>
          <line num="107" count="0" type="stmt"/>
          <line num="111" count="4" type="stmt"/>
          <line num="113" count="4" type="stmt"/>
          <line num="114" count="1" type="stmt"/>
          <line num="116" count="2" type="cond" truecount="2" falsecount="0"/>
          <line num="117" count="1" type="stmt"/>
          <line num="118" count="1" type="stmt"/>
          <line num="122" count="9" type="stmt"/>
          <line num="123" count="4" type="stmt"/>
          <line num="124" count="1" type="stmt"/>
          <line num="127" count="2" type="cond" truecount="2" falsecount="0"/>
          <line num="128" count="1" type="stmt"/>
          <line num="129" count="1" type="cond" truecount="1" falsecount="1"/>
          <line num="130" count="0" type="stmt"/>
        </file>
        <file name="images.js" path="/Users/edward/Desktop/canopy-frontend/packages/canopy-frontend-common/src/actions/images.js">
          <metrics statements="4" coveredstatements="4" conditionals="0" coveredconditionals="0" methods="2" coveredmethods="2"/>
          <line num="3" count="8" type="stmt"/>
          <line num="4" count="2" type="stmt"/>
          <line num="10" count="8" type="stmt"/>
          <line num="11" count="2" type="stmt"/>
        </file>
        <file name="inputField.js" path="/Users/edward/Desktop/canopy-frontend/packages/canopy-frontend-common/src/actions/inputField.js">
          <metrics statements="2" coveredstatements="2" conditionals="0" coveredconditionals="0" methods="2" coveredmethods="2"/>
          <line num="3" count="10" type="stmt"/>
          <line num="7" count="10" type="stmt"/>
        </file>
        <file name="leases.js" path="/Users/edward/Desktop/canopy-frontend/packages/canopy-frontend-common/src/actions/leases.js">
          <metrics statements="17" coveredstatements="17" conditionals="2" coveredconditionals="2" methods="9" coveredmethods="9"/>
          <line num="6" count="5" type="stmt"/>
          <line num="11" count="5" type="stmt"/>
          <line num="16" count="3" type="stmt"/>
          <line num="17" count="3" type="stmt"/>
          <line num="18" count="1" type="stmt"/>
          <line num="21" count="3" type="cond" truecount="2" falsecount="0"/>
          <line num="22" count="2" type="stmt"/>
          <line num="26" count="3" type="stmt"/>
          <line num="27" count="3" type="stmt"/>
          <line num="28" count="3" type="stmt"/>
          <line num="29" count="2" type="stmt"/>
          <line num="31" count="1" type="stmt"/>
          <line num="35" count="3" type="stmt"/>
          <line num="36" count="3" type="stmt"/>
          <line num="37" count="3" type="stmt"/>
          <line num="38" count="2" type="stmt"/>
          <line num="40" count="1" type="stmt"/>
        </file>
        <file name="locale.js" path="/Users/edward/Desktop/canopy-frontend/packages/canopy-frontend-common/src/actions/locale.js">
          <metrics statements="1" coveredstatements="1" conditionals="0" coveredconditionals="0" methods="1" coveredmethods="1"/>
          <line num="3" count="2" type="stmt"/>
        </file>
        <file name="menu.js" path="/Users/edward/Desktop/canopy-frontend/packages/canopy-frontend-common/src/actions/menu.js">
          <metrics statements="2" coveredstatements="2" conditionals="0" coveredconditionals="0" methods="2" coveredmethods="2"/>
          <line num="3" count="1" type="stmt"/>
          <line num="7" count="1" type="stmt"/>
        </file>
        <file name="modal.js" path="/Users/edward/Desktop/canopy-frontend/packages/canopy-frontend-common/src/actions/modal.js">
          <metrics statements="12" coveredstatements="12" conditionals="3" coveredconditionals="3" methods="4" coveredmethods="4"/>
          <line num="3" count="7" type="stmt"/>
          <line num="8" count="4" type="stmt"/>
          <line num="12" count="4" type="stmt"/>
          <line num="13" count="3" type="stmt"/>
          <line num="14" count="3" type="stmt"/>
          <line num="17" count="3" type="cond" truecount="3" falsecount="0"/>
          <line num="19" count="1" type="stmt"/>
          <line num="20" count="1" type="stmt"/>
          <line num="22" count="1" type="stmt"/>
          <line num="23" count="1" type="stmt"/>
          <line num="25" count="1" type="stmt"/>
          <line num="28" count="3" type="stmt"/>
        </file>
        <file name="navigation.js" path="/Users/edward/Desktop/canopy-frontend/packages/canopy-frontend-common/src/actions/navigation.js">
          <metrics statements="6" coveredstatements="3" conditionals="2" coveredconditionals="0" methods="6" coveredmethods="3"/>
          <line num="4" count="36" type="stmt"/>
          <line num="5" count="36" type="stmt"/>
          <line num="6" count="0" type="stmt"/>
          <line num="7" count="0" type="cond" truecount="0" falsecount="2"/>
          <line num="8" count="0" type="stmt"/>
          <line num="11" count="36" type="stmt"/>
        </file>
        <file name="notifications.js" path="/Users/edward/Desktop/canopy-frontend/packages/canopy-frontend-common/src/actions/notifications.js">
          <metrics statements="15" coveredstatements="14" conditionals="4" coveredconditionals="3" methods="7" coveredmethods="7"/>
          <line num="10" count="31" type="stmt"/>
          <line num="14" count="31" type="stmt"/>
          <line num="15" count="4" type="stmt"/>
          <line num="17" count="1" type="stmt"/>
          <line num="20" count="31" type="stmt"/>
          <line num="21" count="1" type="stmt"/>
          <line num="26" count="1" type="stmt"/>
          <line num="29" count="31" type="stmt"/>
          <line num="30" count="1" type="cond" truecount="3" falsecount="1"/>
          <line num="31" count="0" type="stmt"/>
          <line num="33" count="1" type="stmt"/>
          <line num="37" count="1" type="stmt"/>
          <line num="41" count="31" type="stmt"/>
          <line num="42" count="1" type="stmt"/>
          <line num="47" count="1" type="stmt"/>
        </file>
        <file name="openBanking.js" path="/Users/edward/Desktop/canopy-frontend/packages/canopy-frontend-common/src/actions/openBanking.js">
          <metrics statements="29" coveredstatements="29" conditionals="1" coveredconditionals="1" methods="14" coveredmethods="13"/>
          <line num="10" count="2" type="stmt"/>
          <line num="15" count="4" type="cond" truecount="1" falsecount="0"/>
          <line num="20" count="3" type="stmt"/>
          <line num="25" count="1" type="stmt"/>
          <line num="29" count="3" type="stmt"/>
          <line num="30" count="3" type="stmt"/>
          <line num="31" count="3" type="stmt"/>
          <line num="32" count="2" type="stmt"/>
          <line num="34" count="1" type="stmt"/>
          <line num="38" count="1" type="stmt"/>
          <line num="41" count="5" type="stmt"/>
          <line num="42" count="5" type="stmt"/>
          <line num="43" count="5" type="stmt"/>
          <line num="44" count="4" type="stmt"/>
          <line num="46" count="1" type="stmt"/>
          <line num="50" count="3" type="stmt"/>
          <line num="51" count="3" type="stmt"/>
          <line num="52" count="3" type="stmt"/>
          <line num="56" count="2" type="stmt"/>
          <line num="58" count="1" type="stmt"/>
          <line num="62" count="3" type="stmt"/>
          <line num="63" count="3" type="stmt"/>
          <line num="64" count="3" type="stmt"/>
          <line num="68" count="1" type="stmt"/>
          <line num="70" count="2" type="stmt"/>
          <line num="74" count="2" type="stmt"/>
          <line num="75" count="2" type="stmt"/>
          <line num="76" count="2" type="stmt"/>
          <line num="78" count="1" type="stmt"/>
        </file>
        <file name="photos.js" path="/Users/edward/Desktop/canopy-frontend/packages/canopy-frontend-common/src/actions/photos.js">
          <metrics statements="13" coveredstatements="13" conditionals="6" coveredconditionals="6" methods="9" coveredmethods="9"/>
          <line num="6" count="6" type="stmt"/>
          <line num="7" count="6" type="stmt"/>
          <line num="8" count="6" type="stmt"/>
          <line num="9" count="4" type="stmt"/>
          <line num="12" count="6" type="cond" truecount="2" falsecount="0"/>
          <line num="13" count="1" type="stmt"/>
          <line num="17" count="1" type="stmt"/>
          <line num="18" count="1" type="stmt"/>
          <line num="21" count="1" type="stmt"/>
          <line num="26" count="1" type="stmt"/>
          <line num="31" count="10" type="stmt"/>
          <line num="33" count="1" type="stmt"/>
          <line num="34" count="6" type="stmt"/>
        </file>
        <file name="progress.js" path="/Users/edward/Desktop/canopy-frontend/packages/canopy-frontend-common/src/actions/progress.js">
          <metrics statements="2" coveredstatements="2" conditionals="0" coveredconditionals="0" methods="2" coveredmethods="2"/>
          <line num="3" count="35" type="stmt"/>
          <line num="8" count="35" type="stmt"/>
        </file>
        <file name="properties.js" path="/Users/edward/Desktop/canopy-frontend/packages/canopy-frontend-common/src/actions/properties.js">
          <metrics statements="26" coveredstatements="9" conditionals="8" coveredconditionals="0" methods="16" coveredmethods="3"/>
          <line num="12" count="1" type="stmt"/>
          <line num="15" count="2" type="stmt"/>
          <line num="20" count="1" type="stmt"/>
          <line num="24" count="1" type="stmt"/>
          <line num="25" count="0" type="stmt"/>
          <line num="27" count="0" type="stmt"/>
          <line num="29" count="0" type="cond" truecount="0" falsecount="2"/>
          <line num="30" count="0" type="stmt"/>
          <line num="34" count="1" type="stmt"/>
          <line num="35" count="0" type="stmt"/>
          <line num="37" count="0" type="stmt"/>
          <line num="39" count="0" type="cond" truecount="0" falsecount="2"/>
          <line num="40" count="0" type="stmt"/>
          <line num="44" count="1" type="stmt"/>
          <line num="49" count="1" type="stmt"/>
          <line num="50" count="0" type="stmt"/>
          <line num="52" count="0" type="stmt"/>
          <line num="54" count="0" type="cond" truecount="0" falsecount="2"/>
          <line num="55" count="0" type="stmt"/>
          <line num="56" count="0" type="stmt"/>
          <line num="60" count="1" type="stmt"/>
          <line num="61" count="0" type="stmt"/>
          <line num="63" count="0" type="stmt"/>
          <line num="64" count="0" type="cond" truecount="0" falsecount="2"/>
          <line num="65" count="0" type="stmt"/>
          <line num="71" count="2" type="stmt"/>
        </file>
        <file name="property.js" path="/Users/edward/Desktop/canopy-frontend/packages/canopy-frontend-common/src/actions/property.js">
          <metrics statements="10" coveredstatements="9" conditionals="0" coveredconditionals="0" methods="4" coveredmethods="2"/>
          <line num="11" count="7" type="stmt"/>
          <line num="12" count="7" type="stmt"/>
          <line num="13" count="7" type="stmt"/>
          <line num="14" count="7" type="stmt"/>
          <line num="15" count="5" type="stmt"/>
          <line num="19" count="1" type="stmt"/>
          <line num="21" count="6" type="stmt"/>
          <line num="24" count="7" type="stmt"/>
          <line num="27" count="1" type="stmt"/>
          <line num="28" count="0" type="stmt"/>
        </file>
        <file name="rent-passport.js" path="/Users/edward/Desktop/canopy-frontend/packages/canopy-frontend-common/src/actions/rent-passport.js">
          <metrics statements="2" coveredstatements="2" conditionals="0" coveredconditionals="0" methods="2" coveredmethods="2"/>
          <line num="3" count="35" type="stmt"/>
          <line num="7" count="35" type="stmt"/>
        </file>
        <file name="rentPassportSharing.js" path="/Users/edward/Desktop/canopy-frontend/packages/canopy-frontend-common/src/actions/rentPassportSharing.js">
          <metrics statements="19" coveredstatements="19" conditionals="0" coveredconditionals="0" methods="6" coveredmethods="6"/>
          <line num="7" count="3" type="stmt"/>
          <line num="8" count="3" type="stmt"/>
          <line num="9" count="3" type="stmt"/>
          <line num="10" count="2" type="stmt"/>
          <line num="11" count="2" type="stmt"/>
          <line num="13" count="1" type="stmt"/>
          <line num="17" count="3" type="stmt"/>
          <line num="18" count="3" type="stmt"/>
          <line num="19" count="3" type="stmt"/>
          <line num="20" count="2" type="stmt"/>
          <line num="21" count="2" type="stmt"/>
          <line num="23" count="1" type="stmt"/>
          <line num="27" count="9" type="stmt"/>
          <line num="28" count="9" type="stmt"/>
          <line num="29" count="9" type="stmt"/>
          <line num="30" count="9" type="stmt"/>
          <line num="31" count="8" type="stmt"/>
          <line num="36" count="1" type="stmt"/>
          <line num="38" count="9" type="stmt"/>
        </file>
        <file name="requestPassport.js" path="/Users/edward/Desktop/canopy-frontend/packages/canopy-frontend-common/src/actions/requestPassport.js">
          <metrics statements="42" coveredstatements="33" conditionals="22" coveredconditionals="12" methods="23" coveredmethods="19"/>
          <line num="17" count="3" type="stmt"/>
          <line num="18" count="3" type="stmt"/>
          <line num="19" count="1" type="stmt"/>
          <line num="22" count="1" type="cond" truecount="2" falsecount="2"/>
          <line num="23" count="0" type="stmt"/>
          <line num="27" count="1" type="stmt"/>
          <line num="32" count="4" type="stmt"/>
          <line num="33" count="4" type="stmt"/>
          <line num="34" count="4" type="stmt"/>
          <line num="37" count="3" type="stmt"/>
          <line num="38" count="3" type="cond" truecount="2" falsecount="2"/>
          <line num="39" count="0" type="stmt"/>
          <line num="40" count="3" type="cond" truecount="2" falsecount="2"/>
          <line num="41" count="0" type="stmt"/>
          <line num="45" count="5" type="stmt"/>
          <line num="58" count="1" type="stmt"/>
          <line num="61" count="2" type="stmt"/>
          <line num="63" count="2" type="stmt"/>
          <line num="66" count="1" type="stmt"/>
          <line num="68" count="2" type="cond" truecount="2" falsecount="0"/>
          <line num="69" count="1" type="stmt"/>
          <line num="73" count="2" type="stmt"/>
          <line num="78" count="1" type="stmt"/>
          <line num="82" count="4" type="stmt"/>
          <line num="83" count="4" type="stmt"/>
          <line num="87" count="3" type="stmt"/>
          <line num="88" count="4" type="cond" truecount="4" falsecount="0"/>
          <line num="89" count="1" type="stmt"/>
          <line num="93" count="1" type="stmt"/>
          <line num="98" count="1" type="stmt"/>
          <line num="102" count="1" type="stmt"/>
          <line num="105" count="1" type="stmt"/>
          <line num="106" count="1" type="stmt"/>
          <line num="107" count="0" type="stmt"/>
          <line num="110" count="0" type="cond" truecount="0" falsecount="2"/>
          <line num="111" count="0" type="stmt"/>
          <line num="115" count="1" type="stmt"/>
          <line num="118" count="1" type="stmt"/>
          <line num="119" count="1" type="stmt"/>
          <line num="120" count="0" type="stmt"/>
          <line num="123" count="0" type="cond" truecount="0" falsecount="2"/>
          <line num="124" count="0" type="stmt"/>
        </file>
        <file name="selectedBranch.js" path="/Users/edward/Desktop/canopy-frontend/packages/canopy-frontend-common/src/actions/selectedBranch.js">
          <metrics statements="6" coveredstatements="6" conditionals="2" coveredconditionals="2" methods="3" coveredmethods="3"/>
          <line num="4" count="4" type="stmt"/>
          <line num="9" count="2" type="stmt"/>
          <line num="13" count="2" type="stmt"/>
          <line num="14" count="2" type="cond" truecount="2" falsecount="0"/>
          <line num="15" count="1" type="stmt"/>
          <line num="17" count="1" type="stmt"/>
        </file>
        <file name="settings.js" path="/Users/edward/Desktop/canopy-frontend/packages/canopy-frontend-common/src/actions/settings.js">
          <metrics statements="9" coveredstatements="5" conditionals="2" coveredconditionals="0" methods="7" coveredmethods="5"/>
          <line num="5" count="2" type="stmt"/>
          <line num="6" count="2" type="stmt"/>
          <line num="7" count="0" type="stmt"/>
          <line num="11" count="1" type="stmt"/>
          <line num="12" count="1" type="stmt"/>
          <line num="13" count="0" type="stmt"/>
          <line num="16" count="0" type="cond" truecount="0" falsecount="2"/>
          <line num="17" count="0" type="stmt"/>
          <line num="21" count="1" type="stmt"/>
        </file>
        <file name="spinner.js" path="/Users/edward/Desktop/canopy-frontend/packages/canopy-frontend-common/src/actions/spinner.js">
          <metrics statements="2" coveredstatements="2" conditionals="0" coveredconditionals="0" methods="2" coveredmethods="2"/>
          <line num="3" count="2" type="stmt"/>
          <line num="6" count="2" type="stmt"/>
        </file>
        <file name="theme.js" path="/Users/edward/Desktop/canopy-frontend/packages/canopy-frontend-common/src/actions/theme.js">
          <metrics statements="1" coveredstatements="1" conditionals="0" coveredconditionals="0" methods="1" coveredmethods="1"/>
          <line num="3" count="2" type="stmt"/>
        </file>
        <file name="topbar.js" path="/Users/edward/Desktop/canopy-frontend/packages/canopy-frontend-common/src/actions/topbar.js">
          <metrics statements="12" coveredstatements="12" conditionals="1" coveredconditionals="1" methods="11" coveredmethods="7"/>
          <line num="15" count="3" type="stmt"/>
          <line num="19" count="3" type="stmt"/>
          <line num="23" count="3" type="stmt"/>
          <line num="27" count="3" type="stmt"/>
          <line num="31" count="3" type="stmt"/>
          <line num="37" count="2" type="stmt"/>
          <line num="46" count="3" type="stmt"/>
          <line num="51" count="3" type="stmt"/>
          <line num="55" count="3" type="stmt"/>
          <line num="60" count="3" type="stmt"/>
          <line num="64" count="3" type="stmt"/>
          <line num="68" count="3" type="stmt"/>
        </file>
        <file name="types.js" path="/Users/edward/Desktop/canopy-frontend/packages/canopy-frontend-common/src/actions/types.js">
          <metrics statements="81" coveredstatements="81" conditionals="0" coveredconditionals="0" methods="0" coveredmethods="0"/>
          <line num="1" count="81" type="stmt"/>
          <line num="2" count="81" type="stmt"/>
          <line num="3" count="81" type="stmt"/>
          <line num="4" count="81" type="stmt"/>
          <line num="5" count="81" type="stmt"/>
          <line num="6" count="81" type="stmt"/>
          <line num="8" count="81" type="stmt"/>
          <line num="9" count="81" type="stmt"/>
          <line num="10" count="81" type="stmt"/>
          <line num="12" count="81" type="stmt"/>
          <line num="13" count="81" type="stmt"/>
          <line num="15" count="81" type="stmt"/>
          <line num="16" count="81" type="stmt"/>
          <line num="18" count="81" type="stmt"/>
          <line num="19" count="81" type="stmt"/>
          <line num="20" count="81" type="stmt"/>
          <line num="21" count="81" type="stmt"/>
          <line num="23" count="81" type="stmt"/>
          <line num="24" count="81" type="stmt"/>
          <line num="25" count="81" type="stmt"/>
          <line num="26" count="81" type="stmt"/>
          <line num="27" count="81" type="stmt"/>
          <line num="28" count="81" type="stmt"/>
          <line num="29" count="81" type="stmt"/>
          <line num="31" count="81" type="stmt"/>
          <line num="33" count="81" type="stmt"/>
          <line num="35" count="81" type="stmt"/>
          <line num="37" count="81" type="stmt"/>
          <line num="38" count="81" type="stmt"/>
          <line num="40" count="81" type="stmt"/>
          <line num="42" count="81" type="stmt"/>
          <line num="43" count="81" type="stmt"/>
          <line num="45" count="81" type="stmt"/>
          <line num="46" count="81" type="stmt"/>
          <line num="47" count="81" type="stmt"/>
          <line num="48" count="81" type="stmt"/>
          <line num="50" count="81" type="stmt"/>
          <line num="51" count="81" type="stmt"/>
          <line num="53" count="81" type="stmt"/>
          <line num="55" count="81" type="stmt"/>
          <line num="56" count="81" type="stmt"/>
          <line num="57" count="81" type="stmt"/>
          <line num="59" count="81" type="stmt"/>
          <line num="60" count="81" type="stmt"/>
          <line num="61" count="81" type="stmt"/>
          <line num="62" count="81" type="stmt"/>
          <line num="63" count="81" type="stmt"/>
          <line num="65" count="81" type="stmt"/>
          <line num="66" count="81" type="stmt"/>
          <line num="68" count="81" type="stmt"/>
          <line num="69" count="81" type="stmt"/>
          <line num="70" count="81" type="stmt"/>
          <line num="71" count="81" type="stmt"/>
          <line num="72" count="81" type="stmt"/>
          <line num="74" count="81" type="stmt"/>
          <line num="75" count="81" type="stmt"/>
          <line num="77" count="81" type="stmt"/>
          <line num="78" count="81" type="stmt"/>
          <line num="80" count="81" type="stmt"/>
          <line num="82" count="81" type="stmt"/>
          <line num="84" count="81" type="stmt"/>
          <line num="85" count="81" type="stmt"/>
          <line num="87" count="81" type="stmt"/>
          <line num="88" count="81" type="stmt"/>
          <line num="89" count="81" type="stmt"/>
          <line num="90" count="81" type="stmt"/>
          <line num="91" count="81" type="stmt"/>
          <line num="92" count="81" type="stmt"/>
          <line num="94" count="81" type="stmt"/>
          <line num="96" count="81" type="stmt"/>
          <line num="97" count="81" type="stmt"/>
          <line num="99" count="81" type="stmt"/>
          <line num="100" count="81" type="stmt"/>
          <line num="101" count="81" type="stmt"/>
          <line num="103" count="81" type="stmt"/>
          <line num="104" count="81" type="stmt"/>
          <line num="106" count="81" type="stmt"/>
          <line num="107" count="81" type="stmt"/>
          <line num="109" count="81" type="stmt"/>
          <line num="110" count="81" type="stmt"/>
          <line num="112" count="81" type="stmt"/>
        </file>
        <file name="users.js" path="/Users/edward/Desktop/canopy-frontend/packages/canopy-frontend-common/src/actions/users.js">
          <metrics statements="22" coveredstatements="22" conditionals="0" coveredconditionals="0" methods="10" coveredmethods="10"/>
          <line num="6" count="6" type="stmt"/>
          <line num="11" count="5" type="stmt"/>
          <line num="16" count="4" type="stmt"/>
          <line num="17" count="4" type="stmt"/>
          <line num="18" count="4" type="stmt"/>
          <line num="19" count="3" type="stmt"/>
          <line num="21" count="1" type="stmt"/>
          <line num="25" count="4" type="stmt"/>
          <line num="26" count="4" type="stmt"/>
          <line num="27" count="4" type="stmt"/>
          <line num="28" count="3" type="stmt"/>
          <line num="30" count="1" type="stmt"/>
          <line num="34" count="4" type="stmt"/>
          <line num="35" count="3" type="stmt"/>
          <line num="36" count="3" type="stmt"/>
          <line num="37" count="2" type="stmt"/>
          <line num="39" count="2" type="stmt"/>
          <line num="43" count="4" type="stmt"/>
          <line num="44" count="3" type="stmt"/>
          <line num="45" count="3" type="stmt"/>
          <line num="46" count="2" type="stmt"/>
          <line num="48" count="1" type="stmt"/>
        </file>
      </package>
      <package name="src.components.Accordion">
        <metrics statements="33" coveredstatements="29" conditionals="6" coveredconditionals="3" methods="11" coveredmethods="7"/>
        <file name="Accordion.js" path="/Users/edward/Desktop/canopy-frontend/packages/canopy-frontend-common/src/components/Accordion/Accordion.js">
          <metrics statements="7" coveredstatements="7" conditionals="4" coveredconditionals="1" methods="3" coveredmethods="3"/>
          <line num="7" count="4" type="stmt"/>
          <line num="8" count="2" type="cond" truecount="1" falsecount="1"/>
          <line num="14" count="4" type="stmt"/>
          <line num="24" count="2" type="stmt"/>
          <line num="30" count="9" type="stmt"/>
          <line num="32" count="9" type="stmt"/>
          <line num="43" count="4" type="stmt"/>
        </file>
        <file name="AccordionCommon.styles.js" path="/Users/edward/Desktop/canopy-frontend/packages/canopy-frontend-common/src/components/Accordion/AccordionCommon.styles.js">
          <metrics statements="8" coveredstatements="6" conditionals="2" coveredconditionals="2" methods="3" coveredmethods="1"/>
          <line num="7" count="4" type="stmt"/>
          <line num="8" count="0" type="stmt"/>
          <line num="10" count="4" type="stmt"/>
          <line num="14" count="4" type="stmt"/>
          <line num="15" count="0" type="stmt"/>
          <line num="17" count="4" type="stmt"/>
          <line num="18" count="3" type="cond" truecount="2" falsecount="0"/>
          <line num="20" count="4" type="stmt"/>
        </file>
        <file name="AccordionWithCount.js" path="/Users/edward/Desktop/canopy-frontend/packages/canopy-frontend-common/src/components/Accordion/AccordionWithCount.js">
          <metrics statements="4" coveredstatements="3" conditionals="0" coveredconditionals="0" methods="2" coveredmethods="1"/>
          <line num="6" count="3" type="stmt"/>
          <line num="7" count="1" type="stmt"/>
          <line num="9" count="0" type="stmt"/>
          <line num="21" count="3" type="stmt"/>
        </file>
        <file name="AccordionWithCountTitle.js" path="/Users/edward/Desktop/canopy-frontend/packages/canopy-frontend-common/src/components/Accordion/AccordionWithCountTitle.js">
          <metrics statements="3" coveredstatements="3" conditionals="0" coveredconditionals="0" methods="1" coveredmethods="1"/>
          <line num="11" count="4" type="stmt"/>
          <line num="18" count="1" type="stmt"/>
          <line num="30" count="4" type="stmt"/>
        </file>
        <file name="AccordionWithCountTitle.styles.js" path="/Users/edward/Desktop/canopy-frontend/packages/canopy-frontend-common/src/components/Accordion/AccordionWithCountTitle.styles.js">
          <metrics statements="5" coveredstatements="4" conditionals="0" coveredconditionals="0" methods="1" coveredmethods="0"/>
          <line num="5" count="4" type="stmt"/>
          <line num="10" count="4" type="stmt"/>
          <line num="14" count="4" type="stmt"/>
          <line num="15" count="0" type="stmt"/>
          <line num="22" count="4" type="stmt"/>
        </file>
        <file name="AccordionWithIconTitle.js" path="/Users/edward/Desktop/canopy-frontend/packages/canopy-frontend-common/src/components/Accordion/AccordionWithIconTitle.js">
          <metrics statements="6" coveredstatements="6" conditionals="0" coveredconditionals="0" methods="1" coveredmethods="1"/>
          <line num="12" count="3" type="stmt"/>
          <line num="16" count="3" type="stmt"/>
          <line num="20" count="3" type="stmt"/>
          <line num="24" count="3" type="stmt"/>
          <line num="31" count="1" type="stmt"/>
          <line num="43" count="3" type="stmt"/>
        </file>
        <file name="index.js" path="/Users/edward/Desktop/canopy-frontend/packages/canopy-frontend-common/src/components/Accordion/index.js">
          <metrics statements="0" coveredstatements="0" conditionals="0" coveredconditionals="0" methods="0" coveredmethods="0"/>
        </file>
      </package>
      <package name="src.components.ActiveTenancy">
        <metrics statements="35" coveredstatements="29" conditionals="2" coveredconditionals="2" methods="15" coveredmethods="6"/>
        <file name="ActiveTenancy.styles.js" path="/Users/edward/Desktop/canopy-frontend/packages/canopy-frontend-common/src/components/ActiveTenancy/ActiveTenancy.styles.js">
          <metrics statements="10" coveredstatements="7" conditionals="0" coveredconditionals="0" methods="3" coveredmethods="0"/>
          <line num="5" count="2" type="stmt"/>
          <line num="6" count="0" type="stmt"/>
          <line num="8" count="2" type="stmt"/>
          <line num="11" count="2" type="stmt"/>
          <line num="14" count="2" type="stmt"/>
          <line num="17" count="2" type="stmt"/>
          <line num="20" count="2" type="stmt"/>
          <line num="24" count="0" type="stmt"/>
          <line num="27" count="2" type="stmt"/>
          <line num="28" count="0" type="stmt"/>
        </file>
        <file name="DepositFree.js" path="/Users/edward/Desktop/canopy-frontend/packages/canopy-frontend-common/src/components/ActiveTenancy/DepositFree.js">
          <metrics statements="7" coveredstatements="6" conditionals="0" coveredconditionals="0" methods="4" coveredmethods="2"/>
          <line num="16" count="2" type="stmt"/>
          <line num="20" count="2" type="stmt"/>
          <line num="21" count="1" type="stmt"/>
          <line num="23" count="0" type="stmt"/>
          <line num="33" count="2" type="stmt"/>
          <line num="49" count="2" type="stmt"/>
          <line num="65" count="2" type="stmt"/>
        </file>
        <file name="Housemates.js" path="/Users/edward/Desktop/canopy-frontend/packages/canopy-frontend-common/src/components/ActiveTenancy/Housemates.js">
          <metrics statements="7" coveredstatements="6" conditionals="0" coveredconditionals="0" methods="4" coveredmethods="2"/>
          <line num="14" count="2" type="stmt"/>
          <line num="19" count="2" type="stmt"/>
          <line num="20" count="1" type="stmt"/>
          <line num="22" count="0" type="stmt"/>
          <line num="32" count="2" type="stmt"/>
          <line num="43" count="2" type="stmt"/>
          <line num="51" count="2" type="stmt"/>
        </file>
        <file name="TenancyTerms.js" path="/Users/edward/Desktop/canopy-frontend/packages/canopy-frontend-common/src/components/ActiveTenancy/TenancyTerms.js">
          <metrics statements="11" coveredstatements="10" conditionals="2" coveredconditionals="2" methods="4" coveredmethods="2"/>
          <line num="14" count="2" type="stmt"/>
          <line num="17" count="3" type="stmt"/>
          <line num="18" count="3" type="stmt"/>
          <line num="19" count="3" type="stmt"/>
          <line num="20" count="3" type="cond" truecount="2" falsecount="0"/>
          <line num="26" count="3" type="stmt"/>
          <line num="29" count="2" type="stmt"/>
          <line num="30" count="3" type="stmt"/>
          <line num="32" count="0" type="stmt"/>
          <line num="62" count="2" type="stmt"/>
          <line num="82" count="2" type="stmt"/>
        </file>
        <file name="index.js" path="/Users/edward/Desktop/canopy-frontend/packages/canopy-frontend-common/src/components/ActiveTenancy/index.js">
          <metrics statements="0" coveredstatements="0" conditionals="0" coveredconditionals="0" methods="0" coveredmethods="0"/>
        </file>
      </package>
      <package name="src.components.BottomMenu">
        <metrics statements="14" coveredstatements="7" conditionals="7" coveredconditionals="7" methods="6" coveredmethods="4"/>
        <file name="BottomMenu.js" path="/Users/edward/Desktop/canopy-frontend/packages/canopy-frontend-common/src/components/BottomMenu/BottomMenu.js">
          <metrics statements="8" coveredstatements="7" conditionals="7" coveredconditionals="7" methods="5" coveredmethods="4"/>
          <line num="6" count="1" type="stmt"/>
          <line num="7" count="4" type="stmt"/>
          <line num="8" count="4" type="cond" truecount="2" falsecount="0"/>
          <line num="10" count="4" type="stmt"/>
          <line num="13" count="1" type="stmt"/>
          <line num="14" count="4" type="cond" truecount="3" falsecount="0"/>
          <line num="17" count="4" type="stmt"/>
          <line num="24" count="0" type="stmt"/>
        </file>
        <file name="index.js" path="/Users/edward/Desktop/canopy-frontend/packages/canopy-frontend-common/src/components/BottomMenu/index.js">
          <metrics statements="6" coveredstatements="0" conditionals="0" coveredconditionals="0" methods="1" coveredmethods="0"/>
          <line num="1" count="0" type="stmt"/>
          <line num="2" count="0" type="stmt"/>
          <line num="3" count="0" type="stmt"/>
          <line num="4" count="0" type="stmt"/>
          <line num="6" count="0" type="stmt"/>
          <line num="11" count="0" type="stmt"/>
        </file>
      </package>
      <package name="src.components.Button">
        <metrics statements="57" coveredstatements="32" conditionals="52" coveredconditionals="20" methods="26" coveredmethods="2"/>
        <file name="Button.js" path="/Users/edward/Desktop/canopy-frontend/packages/canopy-frontend-common/src/components/Button/Button.js">
          <metrics statements="35" coveredstatements="15" conditionals="28" coveredconditionals="0" methods="20" coveredmethods="0"/>
          <line num="5" count="33" type="stmt"/>
          <line num="8" count="0" type="cond" truecount="0" falsecount="2"/>
          <line num="10" count="0" type="cond" truecount="0" falsecount="2"/>
          <line num="11" count="0" type="stmt"/>
          <line num="14" count="33" type="stmt"/>
          <line num="19" count="33" type="stmt"/>
          <line num="22" count="0" type="stmt"/>
          <line num="23" count="0" type="cond" truecount="0" falsecount="2"/>
          <line num="28" count="33" type="stmt"/>
          <line num="31" count="0" type="stmt"/>
          <line num="32" count="0" type="cond" truecount="0" falsecount="2"/>
          <line num="37" count="33" type="stmt"/>
          <line num="42" count="0" type="cond" truecount="0" falsecount="4"/>
          <line num="44" count="0" type="cond" truecount="0" falsecount="4"/>
          <line num="48" count="33" type="stmt"/>
          <line num="49" count="0" type="cond" truecount="0" falsecount="2"/>
          <line num="56" count="0" type="stmt"/>
          <line num="57" count="0" type="stmt"/>
          <line num="58" count="0" type="cond" truecount="0" falsecount="2"/>
          <line num="61" count="33" type="stmt"/>
          <line num="70" count="33" type="stmt"/>
          <line num="74" count="33" type="stmt"/>
          <line num="75" count="0" type="cond" truecount="0" falsecount="2"/>
          <line num="76" count="0" type="cond" truecount="0" falsecount="2"/>
          <line num="83" count="33" type="stmt"/>
          <line num="89" count="33" type="stmt"/>
          <line num="92" count="0" type="stmt"/>
          <line num="98" count="33" type="stmt"/>
          <line num="100" count="0" type="cond" truecount="0" falsecount="2"/>
          <line num="101" count="0" type="cond" truecount="0" falsecount="2"/>
          <line num="102" count="0" type="stmt"/>
          <line num="105" count="33" type="stmt"/>
          <line num="107" count="0" type="stmt"/>
          <line num="110" count="33" type="stmt"/>
          <line num="124" count="33" type="stmt"/>
        </file>
        <file name="index.js" path="/Users/edward/Desktop/canopy-frontend/packages/canopy-frontend-common/src/components/Button/index.js">
          <metrics statements="22" coveredstatements="17" conditionals="24" coveredconditionals="20" methods="6" coveredmethods="2"/>
          <line num="31" count="29" type="stmt"/>
          <line num="43" count="6" type="cond" truecount="2" falsecount="0"/>
          <line num="45" count="6" type="stmt"/>
          <line num="86" count="29" type="stmt"/>
          <line num="94" count="29" type="stmt"/>
          <line num="100" count="29" type="stmt"/>
          <line num="109" count="2" type="stmt"/>
          <line num="120" count="29" type="stmt"/>
          <line num="126" count="29" type="stmt"/>
          <line num="134" count="0" type="stmt"/>
          <line num="145" count="29" type="stmt"/>
          <line num="154" count="29" type="stmt"/>
          <line num="156" count="29" type="stmt"/>
          <line num="165" count="0" type="stmt"/>
          <line num="170" count="0" type="stmt"/>
          <line num="185" count="29" type="stmt"/>
          <line num="194" count="29" type="stmt"/>
          <line num="195" count="0" type="stmt"/>
          <line num="205" count="29" type="stmt"/>
          <line num="211" count="29" type="stmt"/>
          <line num="212" count="0" type="stmt"/>
          <line num="220" count="29" type="stmt"/>
        </file>
      </package>
      <package name="src.components.Carousel">
        <metrics statements="39" coveredstatements="22" conditionals="41" coveredconditionals="8" methods="18" coveredmethods="3"/>
        <file name="Carousel.style.js" path="/Users/edward/Desktop/canopy-frontend/packages/canopy-frontend-common/src/components/Carousel/Carousel.style.js">
          <metrics statements="12" coveredstatements="6" conditionals="8" coveredconditionals="0" methods="6" coveredmethods="0"/>
          <line num="4" count="2" type="stmt"/>
          <line num="12" count="0" type="cond" truecount="0" falsecount="2"/>
          <line num="13" count="0" type="cond" truecount="0" falsecount="2"/>
          <line num="18" count="2" type="stmt"/>
          <line num="22" count="2" type="stmt"/>
          <line num="29" count="2" type="stmt"/>
          <line num="30" count="0" type="cond" truecount="0" falsecount="2"/>
          <line num="31" count="0" type="cond" truecount="0" falsecount="2"/>
          <line num="35" count="2" type="stmt"/>
          <line num="37" count="0" type="stmt"/>
          <line num="45" count="2" type="stmt"/>
          <line num="47" count="0" type="stmt"/>
        </file>
        <file name="index.js" path="/Users/edward/Desktop/canopy-frontend/packages/canopy-frontend-common/src/components/Carousel/index.js">
          <metrics statements="20" coveredstatements="13" conditionals="21" coveredconditionals="8" methods="8" coveredmethods="3"/>
          <line num="28" count="2" type="stmt"/>
          <line num="29" count="2" type="stmt"/>
          <line num="30" count="2" type="stmt"/>
          <line num="31" count="2" type="stmt"/>
          <line num="37" count="2" type="stmt"/>
          <line num="38" count="2" type="stmt"/>
          <line num="40" count="2" type="stmt"/>
          <line num="67" count="0" type="stmt"/>
          <line num="71" count="0" type="cond" truecount="0" falsecount="2"/>
          <line num="72" count="0" type="stmt"/>
          <line num="73" count="0" type="cond" truecount="0" falsecount="2"/>
          <line num="75" count="0" type="stmt"/>
          <line num="78" count="0" type="stmt"/>
          <line num="94" count="2" type="stmt"/>
          <line num="102" count="2" type="stmt"/>
          <line num="104" count="2" type="stmt"/>
          <line num="111" count="0" type="stmt"/>
          <line num="133" count="2" type="stmt"/>
          <line num="137" count="2" type="stmt"/>
          <line num="139" count="2" type="stmt"/>
        </file>
        <file name="index.web.js" path="/Users/edward/Desktop/canopy-frontend/packages/canopy-frontend-common/src/components/Carousel/index.web.js">
          <metrics statements="7" coveredstatements="3" conditionals="12" coveredconditionals="0" methods="4" coveredmethods="0"/>
          <line num="8" count="1" type="stmt"/>
          <line num="15" count="0" type="stmt"/>
          <line num="20" count="0" type="stmt"/>
          <line num="21" count="0" type="stmt"/>
          <line num="32" count="0" type="cond" truecount="0" falsecount="2"/>
          <line num="46" count="1" type="stmt"/>
          <line num="50" count="1" type="stmt"/>
        </file>
      </package>
      <package name="src.components.Collapse">
        <metrics statements="31" coveredstatements="12" conditionals="18" coveredconditionals="3" methods="10" coveredmethods="2"/>
        <file name="Collapse.js" path="/Users/edward/Desktop/canopy-frontend/packages/canopy-frontend-common/src/components/Collapse/Collapse.js">
          <metrics statements="25" coveredstatements="10" conditionals="12" coveredconditionals="3" methods="6" coveredmethods="2"/>
          <line num="15" count="0" type="stmt"/>
          <line num="19" count="0" type="stmt"/>
          <line num="20" count="0" type="stmt"/>
          <line num="21" count="0" type="cond" truecount="0" falsecount="2"/>
          <line num="25" count="0" type="cond" truecount="0" falsecount="2"/>
          <line num="29" count="0" type="stmt"/>
          <line num="30" count="0" type="stmt"/>
          <line num="33" count="0" type="stmt"/>
          <line num="37" count="0" type="stmt"/>
          <line num="43" count="0" type="stmt"/>
          <line num="46" count="0" type="stmt"/>
          <line num="47" count="0" type="stmt"/>
          <line num="48" count="0" type="cond" truecount="0" falsecount="4"/>
          <line num="49" count="0" type="stmt"/>
          <line num="50" count="0" type="stmt"/>
          <line num="57" count="6" type="stmt"/>
          <line num="58" count="6" type="stmt"/>
          <line num="59" count="6" type="stmt"/>
          <line num="60" count="12" type="cond" truecount="2" falsecount="0"/>
          <line num="61" count="6" type="stmt"/>
          <line num="64" count="6" type="cond" truecount="1" falsecount="1"/>
          <line num="65" count="6" type="stmt"/>
          <line num="69" count="6" type="stmt"/>
          <line num="81" count="3" type="stmt"/>
          <line num="89" count="3" type="stmt"/>
        </file>
        <file name="CollapseContent.js" path="/Users/edward/Desktop/canopy-frontend/packages/canopy-frontend-common/src/components/Collapse/CollapseContent.js">
          <metrics statements="6" coveredstatements="2" conditionals="6" coveredconditionals="0" methods="4" coveredmethods="0"/>
          <line num="4" count="3" type="stmt"/>
          <line num="6" count="0" type="cond" truecount="0" falsecount="2"/>
          <line num="8" count="0" type="cond" truecount="0" falsecount="2"/>
          <line num="9" count="0" type="cond" truecount="0" falsecount="2"/>
          <line num="12" count="3" type="stmt"/>
          <line num="13" count="0" type="stmt"/>
        </file>
        <file name="index.js" path="/Users/edward/Desktop/canopy-frontend/packages/canopy-frontend-common/src/components/Collapse/index.js">
          <metrics statements="0" coveredstatements="0" conditionals="0" coveredconditionals="0" methods="0" coveredmethods="0"/>
        </file>
      </package>
      <package name="src.components.ConfirmationAlert">
        <metrics statements="18" coveredstatements="8" conditionals="6" coveredconditionals="3" methods="4" coveredmethods="2"/>
        <file name="ConfirmationAlert.js" path="/Users/edward/Desktop/canopy-frontend/packages/canopy-frontend-common/src/components/ConfirmationAlert/ConfirmationAlert.js">
          <metrics statements="3" coveredstatements="2" conditionals="0" coveredconditionals="0" methods="1" coveredmethods="0"/>
          <line num="4" count="1" type="stmt"/>
          <line num="13" count="1" type="stmt"/>
          <line num="24" count="0" type="stmt"/>
        </file>
        <file name="index.js" path="/Users/edward/Desktop/canopy-frontend/packages/canopy-frontend-common/src/components/ConfirmationAlert/index.js">
          <metrics statements="6" coveredstatements="6" conditionals="4" coveredconditionals="3" methods="2" coveredmethods="2"/>
          <line num="11" count="1" type="stmt"/>
          <line num="19" count="6" type="cond" truecount="2" falsecount="0"/>
          <line num="28" count="2" type="stmt"/>
          <line num="29" count="2" type="cond" truecount="1" falsecount="1"/>
          <line num="30" count="2" type="stmt"/>
          <line num="45" count="1" type="stmt"/>
        </file>
        <file name="index.web.js" path="/Users/edward/Desktop/canopy-frontend/packages/canopy-frontend-common/src/components/ConfirmationAlert/index.web.js">
          <metrics statements="9" coveredstatements="0" conditionals="2" coveredconditionals="0" methods="1" coveredmethods="0"/>
          <line num="1" count="0" type="stmt"/>
          <line num="2" count="0" type="stmt"/>
          <line num="3" count="0" type="stmt"/>
          <line num="4" count="0" type="stmt"/>
          <line num="5" count="0" type="stmt"/>
          <line num="9" count="0" type="stmt"/>
          <line num="11" count="0" type="stmt"/>
          <line num="13" count="0" type="stmt"/>
          <line num="42" count="0" type="stmt"/>
        </file>
      </package>
      <package name="src.components.ConfirmationAlertMulti">
        <metrics statements="22" coveredstatements="5" conditionals="18" coveredconditionals="3" methods="7" coveredmethods="1"/>
        <file name="ConfirmationAlert.js" path="/Users/edward/Desktop/canopy-frontend/packages/canopy-frontend-common/src/components/ConfirmationAlertMulti/ConfirmationAlert.js">
          <metrics statements="3" coveredstatements="2" conditionals="0" coveredconditionals="0" methods="1" coveredmethods="0"/>
          <line num="4" count="1" type="stmt"/>
          <line num="13" count="1" type="stmt"/>
          <line num="24" count="0" type="stmt"/>
        </file>
        <file name="index.js" path="/Users/edward/Desktop/canopy-frontend/packages/canopy-frontend-common/src/components/ConfirmationAlertMulti/index.js">
          <metrics statements="7" coveredstatements="3" conditionals="10" coveredconditionals="3" methods="3" coveredmethods="1"/>
          <line num="11" count="1" type="stmt"/>
          <line num="17" count="1" type="cond" truecount="2" falsecount="0"/>
          <line num="23" count="0" type="stmt"/>
          <line num="29" count="0" type="cond" truecount="0" falsecount="2"/>
          <line num="30" count="0" type="cond" truecount="0" falsecount="4"/>
          <line num="31" count="0" type="stmt"/>
          <line num="42" count="1" type="stmt"/>
        </file>
        <file name="index.web.js" path="/Users/edward/Desktop/canopy-frontend/packages/canopy-frontend-common/src/components/ConfirmationAlertMulti/index.web.js">
          <metrics statements="12" coveredstatements="0" conditionals="8" coveredconditionals="0" methods="3" coveredmethods="0"/>
          <line num="1" count="0" type="stmt"/>
          <line num="2" count="0" type="stmt"/>
          <line num="3" count="0" type="stmt"/>
          <line num="4" count="0" type="stmt"/>
          <line num="5" count="0" type="stmt"/>
          <line num="9" count="0" type="stmt"/>
          <line num="11" count="0" type="stmt"/>
          <line num="13" count="0" type="stmt"/>
          <line num="24" count="0" type="stmt"/>
          <line num="31" count="0" type="cond" truecount="0" falsecount="2"/>
          <line num="32" count="0" type="stmt"/>
          <line num="42" count="0" type="stmt"/>
        </file>
      </package>
      <package name="src.components.CreditScoreScale">
        <metrics statements="28" coveredstatements="16" conditionals="11" coveredconditionals="2" methods="5" coveredmethods="3"/>
        <file name="CreditScoreScale.js" path="/Users/edward/Desktop/canopy-frontend/packages/canopy-frontend-common/src/components/CreditScoreScale/CreditScoreScale.js">
          <metrics statements="25" coveredstatements="16" conditionals="9" coveredconditionals="2" methods="4" coveredmethods="3"/>
          <line num="7" count="1" type="stmt"/>
          <line num="14" count="1" type="stmt"/>
          <line num="25" count="1" type="stmt"/>
          <line num="30" count="1" type="stmt"/>
          <line num="38" count="1" type="stmt"/>
          <line num="44" count="1" type="stmt"/>
          <line num="50" count="0" type="cond" truecount="0" falsecount="2"/>
          <line num="56" count="8" type="cond" truecount="1" falsecount="4"/>
          <line num="58" count="0" type="stmt"/>
          <line num="59" count="0" type="stmt"/>
          <line num="61" count="0" type="stmt"/>
          <line num="62" count="0" type="stmt"/>
          <line num="64" count="8" type="stmt"/>
          <line num="65" count="8" type="stmt"/>
          <line num="67" count="0" type="stmt"/>
          <line num="68" count="0" type="stmt"/>
          <line num="70" count="0" type="stmt"/>
          <line num="73" count="8" type="stmt"/>
          <line num="77" count="8" type="stmt"/>
          <line num="79" count="8" type="stmt"/>
          <line num="91" count="8" type="stmt"/>
          <line num="93" count="8" type="cond" truecount="1" falsecount="1"/>
          <line num="94" count="0" type="stmt"/>
          <line num="96" count="8" type="stmt"/>
          <line num="99" count="8" type="stmt"/>
        </file>
        <file name="index.js" path="/Users/edward/Desktop/canopy-frontend/packages/canopy-frontend-common/src/components/CreditScoreScale/index.js">
          <metrics statements="3" coveredstatements="0" conditionals="2" coveredconditionals="0" methods="1" coveredmethods="0"/>
          <line num="1" count="0" type="stmt"/>
          <line num="2" count="0" type="stmt"/>
          <line num="4" count="0" type="stmt"/>
        </file>
      </package>
      <package name="src.components.DatePicker">
        <metrics statements="54" coveredstatements="35" conditionals="8" coveredconditionals="3" methods="21" coveredmethods="8"/>
        <file name="DatePicker.js" path="/Users/edward/Desktop/canopy-frontend/packages/canopy-frontend-common/src/components/DatePicker/DatePicker.js">
          <metrics statements="1" coveredstatements="0" conditionals="0" coveredconditionals="0" methods="1" coveredmethods="0"/>
          <line num="5" count="0" type="stmt"/>
        </file>
        <file name="DatePicker.web.js" path="/Users/edward/Desktop/canopy-frontend/packages/canopy-frontend-common/src/components/DatePicker/DatePicker.web.js">
          <metrics statements="41" coveredstatements="30" conditionals="8" coveredconditionals="3" methods="16" coveredmethods="8"/>
          <line num="12" count="1" type="stmt"/>
          <line num="19" count="1" type="stmt"/>
          <line num="24" count="1" type="stmt"/>
          <line num="30" count="1" type="stmt"/>
          <line num="31" count="0" type="stmt"/>
          <line num="32" count="0" type="stmt"/>
          <line num="35" count="1" type="stmt"/>
          <line num="36" count="1" type="stmt"/>
          <line num="37" count="1" type="stmt"/>
          <line num="39" count="1" type="stmt"/>
          <line num="40" count="2" type="stmt"/>
          <line num="42" count="2" type="cond" truecount="2" falsecount="0"/>
          <line num="44" count="2" type="stmt"/>
          <line num="45" count="2" type="stmt"/>
          <line num="46" count="214" type="stmt"/>
          <line num="49" count="2" type="stmt"/>
          <line num="50" count="0" type="stmt"/>
          <line num="51" count="0" type="stmt"/>
          <line num="54" count="2" type="stmt"/>
          <line num="58" count="24" type="stmt"/>
          <line num="65" count="216" type="stmt"/>
          <line num="76" count="3" type="stmt"/>
          <line num="77" count="3" type="stmt"/>
          <line num="83" count="3" type="stmt"/>
          <line num="85" count="3" type="stmt"/>
          <line num="86" count="0" type="stmt"/>
          <line num="89" count="3" type="stmt"/>
          <line num="90" count="3" type="cond" truecount="1" falsecount="1"/>
          <line num="91" count="0" type="stmt"/>
          <line num="95" count="3" type="stmt"/>
          <line num="99" count="3" type="stmt"/>
          <line num="103" count="0" type="stmt"/>
          <line num="107" count="0" type="stmt"/>
          <line num="111" count="0" type="stmt"/>
          <line num="114" count="0" type="stmt"/>
          <line num="118" count="3" type="stmt"/>
          <line num="119" count="3" type="stmt"/>
          <line num="120" count="3" type="stmt"/>
          <line num="127" count="2" type="stmt"/>
          <line num="136" count="3" type="stmt"/>
          <line num="141" count="0" type="cond" truecount="0" falsecount="2"/>
        </file>
        <file name="DatePickerNative.js" path="/Users/edward/Desktop/canopy-frontend/packages/canopy-frontend-common/src/components/DatePicker/DatePickerNative.js">
          <metrics statements="12" coveredstatements="5" conditionals="0" coveredconditionals="0" methods="4" coveredmethods="0"/>
          <line num="8" count="7" type="stmt"/>
          <line num="18" count="7" type="stmt"/>
          <line num="21" count="0" type="stmt"/>
          <line num="22" count="0" type="stmt"/>
          <line num="23" count="0" type="stmt"/>
          <line num="27" count="0" type="stmt"/>
          <line num="28" count="0" type="stmt"/>
          <line num="33" count="0" type="stmt"/>
          <line num="35" count="0" type="stmt"/>
          <line num="56" count="7" type="stmt"/>
          <line num="72" count="7" type="stmt"/>
          <line num="76" count="7" type="stmt"/>
        </file>
        <file name="index.js" path="/Users/edward/Desktop/canopy-frontend/packages/canopy-frontend-common/src/components/DatePicker/index.js">
          <metrics statements="0" coveredstatements="0" conditionals="0" coveredconditionals="0" methods="0" coveredmethods="0"/>
        </file>
      </package>
      <package name="src.components.Dialog">
        <metrics statements="28" coveredstatements="11" conditionals="18" coveredconditionals="11" methods="9" coveredmethods="2"/>
        <file name="Dialog.js" path="/Users/edward/Desktop/canopy-frontend/packages/canopy-frontend-common/src/components/Dialog/Dialog.js">
          <metrics statements="3" coveredstatements="2" conditionals="6" coveredconditionals="6" methods="2" coveredmethods="1"/>
          <line num="13" count="0" type="stmt"/>
          <line num="29" count="5" type="stmt"/>
          <line num="31" count="5" type="stmt"/>
        </file>
        <file name="Dialog.styles.js" path="/Users/edward/Desktop/canopy-frontend/packages/canopy-frontend-common/src/components/Dialog/Dialog.styles.js">
          <metrics statements="10" coveredstatements="5" conditionals="8" coveredconditionals="3" methods="5" coveredmethods="0"/>
          <line num="5" count="3" type="stmt"/>
          <line num="15" count="0" type="stmt"/>
          <line num="24" count="3" type="stmt"/>
          <line num="28" count="0" type="stmt"/>
          <line num="35" count="3" type="stmt"/>
          <line num="44" count="3" type="stmt"/>
          <line num="46" count="0" type="cond" truecount="0" falsecount="2"/>
          <line num="49" count="0" type="stmt"/>
          <line num="52" count="3" type="stmt"/>
          <line num="56" count="0" type="stmt"/>
        </file>
        <file name="index.js" path="/Users/edward/Desktop/canopy-frontend/packages/canopy-frontend-common/src/components/Dialog/index.js">
          <metrics statements="4" coveredstatements="4" conditionals="2" coveredconditionals="2" methods="1" coveredmethods="1"/>
          <line num="8" count="3" type="stmt"/>
          <line num="9" count="3" type="stmt"/>
          <line num="11" count="3" type="stmt"/>
          <line num="22" count="3" type="stmt"/>
        </file>
        <file name="index.web.js" path="/Users/edward/Desktop/canopy-frontend/packages/canopy-frontend-common/src/components/Dialog/index.web.js">
          <metrics statements="11" coveredstatements="0" conditionals="2" coveredconditionals="0" methods="1" coveredmethods="0"/>
          <line num="1" count="0" type="stmt"/>
          <line num="2" count="0" type="stmt"/>
          <line num="3" count="0" type="stmt"/>
          <line num="4" count="0" type="stmt"/>
          <line num="5" count="0" type="stmt"/>
          <line num="6" count="0" type="stmt"/>
          <line num="8" count="0" type="stmt"/>
          <line num="10" count="0" type="stmt"/>
          <line num="11" count="0" type="stmt"/>
          <line num="13" count="0" type="stmt"/>
          <line num="24" count="0" type="stmt"/>
        </file>
      </package>
      <package name="src.components.Diverge">
        <metrics statements="9" coveredstatements="0" conditionals="4" coveredconditionals="0" methods="1" coveredmethods="0"/>
        <file name="index.js" path="/Users/edward/Desktop/canopy-frontend/packages/canopy-frontend-common/src/components/Diverge/index.js">
          <metrics statements="9" coveredstatements="0" conditionals="4" coveredconditionals="0" methods="1" coveredmethods="0"/>
          <line num="1" count="0" type="stmt"/>
          <line num="2" count="0" type="stmt"/>
          <line num="4" count="0" type="stmt"/>
          <line num="6" count="0" type="stmt"/>
          <line num="7" count="0" type="cond" truecount="0" falsecount="2"/>
          <line num="9" count="0" type="cond" truecount="0" falsecount="2"/>
          <line num="10" count="0" type="stmt"/>
          <line num="14" count="0" type="stmt"/>
          <line num="16" count="0" type="stmt"/>
        </file>
      </package>
      <package name="src.components.DynamicForm">
        <metrics statements="74" coveredstatements="46" conditionals="90" coveredconditionals="27" methods="25" coveredmethods="5"/>
        <file name="DynamicForm.js" path="/Users/edward/Desktop/canopy-frontend/packages/canopy-frontend-common/src/components/DynamicForm/DynamicForm.js">
          <metrics statements="32" coveredstatements="16" conditionals="28" coveredconditionals="3" methods="16" coveredmethods="0"/>
          <line num="7" count="7" type="stmt"/>
          <line num="20" count="7" type="stmt"/>
          <line num="25" count="7" type="stmt"/>
          <line num="30" count="7" type="stmt"/>
          <line num="35" count="7" type="stmt"/>
          <line num="39" count="7" type="stmt"/>
          <line num="45" count="0" type="stmt"/>
          <line num="46" count="0" type="cond" truecount="0" falsecount="2"/>
          <line num="47" count="0" type="cond" truecount="0" falsecount="2"/>
          <line num="48" count="0" type="cond" truecount="0" falsecount="2"/>
          <line num="51" count="7" type="stmt"/>
          <line num="54" count="0" type="cond" truecount="0" falsecount="2"/>
          <line num="57" count="0" type="cond" truecount="0" falsecount="2"/>
          <line num="58" count="0" type="cond" truecount="0" falsecount="2"/>
          <line num="63" count="7" type="stmt"/>
          <line num="64" count="0" type="cond" truecount="0" falsecount="2"/>
          <line num="67" count="7" type="stmt"/>
          <line num="74" count="7" type="stmt"/>
          <line num="77" count="0" type="stmt"/>
          <line num="81" count="7" type="stmt"/>
          <line num="84" count="0" type="stmt"/>
          <line num="88" count="7" type="stmt"/>
          <line num="91" count="0" type="cond" truecount="0" falsecount="2"/>
          <line num="95" count="7" type="stmt"/>
          <line num="101" count="7" type="stmt"/>
          <line num="108" count="7" type="stmt"/>
          <line num="109" count="0" type="cond" truecount="0" falsecount="2"/>
          <line num="113" count="0" type="stmt"/>
          <line num="114" count="0" type="cond" truecount="0" falsecount="2"/>
          <line num="124" count="7" type="stmt"/>
          <line num="126" count="0" type="cond" truecount="0" falsecount="2"/>
          <line num="127" count="0" type="stmt"/>
        </file>
        <file name="index.js" path="/Users/edward/Desktop/canopy-frontend/packages/canopy-frontend-common/src/components/DynamicForm/index.js">
          <metrics statements="42" coveredstatements="30" conditionals="62" coveredconditionals="24" methods="9" coveredmethods="5"/>
          <line num="34" count="7" type="stmt"/>
          <line num="50" count="21" type="cond" truecount="4" falsecount="0"/>
          <line num="51" count="1" type="stmt"/>
          <line num="54" count="20" type="stmt"/>
          <line num="55" count="0" type="cond" truecount="0" falsecount="5"/>
          <line num="56" count="0" type="stmt"/>
          <line num="60" count="20" type="cond" truecount="2" falsecount="0"/>
          <line num="61" count="20" type="stmt"/>
          <line num="62" count="20" type="stmt"/>
          <line num="63" count="20" type="cond" truecount="6" falsecount="7"/>
          <line num="65" count="1" type="stmt"/>
          <line num="67" count="0" type="stmt"/>
          <line num="75" count="0" type="stmt"/>
          <line num="87" count="1" type="stmt"/>
          <line num="99" count="0" type="stmt"/>
          <line num="120" count="0" type="stmt"/>
          <line num="140" count="1" type="stmt"/>
          <line num="148" count="7" type="stmt"/>
          <line num="157" count="2" type="stmt"/>
          <line num="158" count="2" type="stmt"/>
          <line num="171" count="5" type="stmt"/>
          <line num="176" count="0" type="stmt"/>
          <line num="183" count="0" type="stmt"/>
          <line num="192" count="0" type="stmt"/>
          <line num="193" count="0" type="stmt"/>
          <line num="206" count="0" type="stmt"/>
          <line num="224" count="5" type="cond" truecount="2" falsecount="0"/>
          <line num="225" count="1" type="stmt"/>
          <line num="227" count="4" type="cond" truecount="2" falsecount="0"/>
          <line num="228" count="1" type="stmt"/>
          <line num="231" count="3" type="stmt"/>
          <line num="239" count="0" type="stmt"/>
          <line num="266" count="7" type="stmt"/>
          <line num="275" count="4" type="stmt"/>
          <line num="277" count="4" type="stmt"/>
          <line num="278" count="24" type="stmt"/>
          <line num="296" count="24" type="stmt"/>
          <line num="304" count="7" type="stmt"/>
          <line num="305" count="1" type="stmt"/>
          <line num="310" count="7" type="stmt"/>
          <line num="317" count="7" type="stmt"/>
          <line num="321" count="7" type="stmt"/>
        </file>
      </package>
      <package name="src.components.EmailContainer">
        <metrics statements="13" coveredstatements="12" conditionals="4" coveredconditionals="4" methods="3" coveredmethods="2"/>
        <file name="EmailContainer.js" path="/Users/edward/Desktop/canopy-frontend/packages/canopy-frontend-common/src/components/EmailContainer/EmailContainer.js">
          <metrics statements="9" coveredstatements="8" conditionals="0" coveredconditionals="0" methods="1" coveredmethods="0"/>
          <line num="4" count="2" type="stmt"/>
          <line num="12" count="2" type="stmt"/>
          <line num="20" count="2" type="stmt"/>
          <line num="26" count="2" type="stmt"/>
          <line num="29" count="0" type="stmt"/>
          <line num="32" count="2" type="stmt"/>
          <line num="36" count="2" type="stmt"/>
          <line num="42" count="2" type="stmt"/>
          <line num="47" count="2" type="stmt"/>
        </file>
        <file name="index.js" path="/Users/edward/Desktop/canopy-frontend/packages/canopy-frontend-common/src/components/EmailContainer/index.js">
          <metrics statements="4" coveredstatements="4" conditionals="4" coveredconditionals="4" methods="2" coveredmethods="2"/>
          <line num="15" count="2" type="stmt"/>
          <line num="24" count="4" type="stmt"/>
          <line num="28" count="1" type="stmt"/>
          <line num="53" count="2" type="stmt"/>
        </file>
      </package>
      <package name="src.components.FacebookLogin">
        <metrics statements="28" coveredstatements="2" conditionals="6" coveredconditionals="0" methods="8" coveredmethods="1"/>
        <file name="index.js" path="/Users/edward/Desktop/canopy-frontend/packages/canopy-frontend-common/src/components/FacebookLogin/index.js">
          <metrics statements="8" coveredstatements="2" conditionals="2" coveredconditionals="0" methods="5" coveredmethods="1"/>
          <line num="10" count="0" type="stmt"/>
          <line num="12" count="0" type="cond" truecount="0" falsecount="2"/>
          <line num="14" count="0" type="stmt"/>
          <line num="16" count="0" type="stmt"/>
          <line num="18" count="0" type="stmt"/>
          <line num="33" count="0" type="stmt"/>
          <line num="39" count="1" type="stmt"/>
          <line num="54" count="1" type="stmt"/>
        </file>
        <file name="index.web.js" path="/Users/edward/Desktop/canopy-frontend/packages/canopy-frontend-common/src/components/FacebookLogin/index.web.js">
          <metrics statements="20" coveredstatements="0" conditionals="4" coveredconditionals="0" methods="3" coveredmethods="0"/>
          <line num="3" count="0" type="stmt"/>
          <line num="4" count="0" type="stmt"/>
          <line num="5" count="0" type="stmt"/>
          <line num="6" count="0" type="stmt"/>
          <line num="7" count="0" type="stmt"/>
          <line num="11" count="0" type="stmt"/>
          <line num="12" count="0" type="stmt"/>
[...]
        <file name="rentPassport.js" path="/Users/edward/Desktop/canopy-frontend/packages/canopy-frontend-common/src/utils/api/rentPassport.js">
          <metrics statements="13" coveredstatements="9" conditionals="0" coveredconditionals="0" methods="8" coveredmethods="3"/>
          <line num="3" count="43" type="stmt"/>
          <line num="4" count="2" type="stmt"/>
          <line num="6" count="43" type="stmt"/>
          <line num="7" count="0" type="stmt"/>
          <line num="9" count="43" type="stmt"/>
          <line num="10" count="0" type="stmt"/>
          <line num="12" count="43" type="stmt"/>
          <line num="13" count="0" type="stmt"/>
          <line num="15" count="43" type="stmt"/>
          <line num="16" count="0" type="stmt"/>
          <line num="18" count="43" type="stmt"/>
          <line num="20" count="43" type="stmt"/>
          <line num="22" count="43" type="stmt"/>
        </file>
        <file name="rentPassportAgencies.js" path="/Users/edward/Desktop/canopy-frontend/packages/canopy-frontend-common/src/utils/api/rentPassportAgencies.js">
          <metrics statements="2" coveredstatements="2" conditionals="0" coveredconditionals="0" methods="2" coveredmethods="2"/>
          <line num="3" count="46" type="stmt"/>
          <line num="4" count="46" type="stmt"/>
        </file>
        <file name="sharePassports.js" path="/Users/edward/Desktop/canopy-frontend/packages/canopy-frontend-common/src/utils/api/sharePassports.js">
          <metrics statements="4" coveredstatements="4" conditionals="0" coveredconditionals="0" methods="2" coveredmethods="2"/>
          <line num="7" count="45" type="stmt"/>
          <line num="8" count="2" type="stmt"/>
          <line num="11" count="45" type="stmt"/>
          <line num="12" count="1" type="stmt"/>
        </file>
        <file name="userAuth.js" path="/Users/edward/Desktop/canopy-frontend/packages/canopy-frontend-common/src/utils/api/userAuth.js">
          <metrics statements="23" coveredstatements="16" conditionals="0" coveredconditionals="0" methods="16" coveredmethods="4"/>
          <line num="3" count="44" type="stmt"/>
          <line num="5" count="44" type="stmt"/>
          <line num="7" count="44" type="stmt"/>
          <line num="9" count="44" type="stmt"/>
          <line num="10" count="0" type="stmt"/>
          <line num="12" count="44" type="stmt"/>
          <line num="13" count="0" type="stmt"/>
          <line num="15" count="44" type="stmt"/>
          <line num="16" count="0" type="stmt"/>
          <line num="18" count="44" type="stmt"/>
          <line num="19" count="0" type="stmt"/>
          <line num="21" count="44" type="stmt"/>
          <line num="22" count="0" type="stmt"/>
          <line num="23" count="0" type="stmt"/>
          <line num="26" count="44" type="stmt"/>
          <line num="28" count="44" type="stmt"/>
          <line num="30" count="44" type="stmt"/>
          <line num="31" count="0" type="stmt"/>
          <line num="33" count="44" type="stmt"/>
          <line num="35" count="44" type="stmt"/>
          <line num="37" count="44" type="stmt"/>
          <line num="38" count="1" type="stmt"/>
          <line num="40" count="44" type="stmt"/>
        </file>
        <file name="userNotifications.js" path="/Users/edward/Desktop/canopy-frontend/packages/canopy-frontend-common/src/utils/api/userNotifications.js">
          <metrics statements="4" coveredstatements="4" conditionals="0" coveredconditionals="0" methods="2" coveredmethods="2"/>
          <line num="3" count="45" type="stmt"/>
          <line num="4" count="2" type="stmt"/>
          <line num="6" count="45" type="stmt"/>
          <line num="7" count="2" type="stmt"/>
        </file>
      </package>
      <package name="src.utils.api.specs">
        <metrics statements="0" coveredstatements="0" conditionals="0" coveredconditionals="0" methods="0" coveredmethods="0"/>
        <file name="LeaseSpec.js" path="/Users/edward/Desktop/canopy-frontend/packages/canopy-frontend-common/src/utils/api/specs/LeaseSpec.js">
          <metrics statements="0" coveredstatements="0" conditionals="0" coveredconditionals="0" methods="0" coveredmethods="0"/>
        </file>
        <file name="PropertySpec.js" path="/Users/edward/Desktop/canopy-frontend/packages/canopy-frontend-common/src/utils/api/specs/PropertySpec.js">
          <metrics statements="0" coveredstatements="0" conditionals="0" coveredconditionals="0" methods="0" coveredmethods="0"/>
        </file>
      </package>
      <package name="src.utils.helpers">
        <metrics statements="96" coveredstatements="86" conditionals="67" coveredconditionals="59" methods="35" coveredmethods="25"/>
        <file name="linking.js" path="/Users/edward/Desktop/canopy-frontend/packages/canopy-frontend-common/src/utils/helpers/linking.js">
          <metrics statements="1" coveredstatements="1" conditionals="0" coveredconditionals="0" methods="1" coveredmethods="0"/>
          <line num="8" count="36" type="stmt"/>
        </file>
        <file name="object.js" path="/Users/edward/Desktop/canopy-frontend/packages/canopy-frontend-common/src/utils/helpers/object.js">
          <metrics statements="6" coveredstatements="6" conditionals="4" coveredconditionals="4" methods="2" coveredmethods="2"/>
          <line num="1" count="1" type="stmt"/>
          <line num="2" count="40" type="stmt"/>
          <line num="4" count="36" type="cond" truecount="2" falsecount="0"/>
          <line num="5" count="6" type="stmt"/>
          <line num="7" count="6" type="cond" truecount="2" falsecount="0"/>
          <line num="10" count="30" type="stmt"/>
        </file>
        <file name="property.js" path="/Users/edward/Desktop/canopy-frontend/packages/canopy-frontend-common/src/utils/helpers/property.js">
          <metrics statements="35" coveredstatements="34" conditionals="24" coveredconditionals="21" methods="7" coveredmethods="7"/>
          <line num="3" count="4" type="stmt"/>
          <line num="4" count="5" type="cond" truecount="4" falsecount="0"/>
          <line num="5" count="10" type="stmt"/>
          <line num="7" count="4" type="cond" truecount="3" falsecount="0"/>
          <line num="10" count="1" type="stmt"/>
          <line num="13" count="4" type="stmt"/>
          <line num="14" count="11" type="cond" truecount="3" falsecount="0"/>
          <line num="16" count="1" type="stmt"/>
          <line num="18" count="6" type="stmt"/>
          <line num="20" count="4" type="stmt"/>
          <line num="24" count="4" type="stmt"/>
          <line num="25" count="11" type="cond" truecount="3" falsecount="0"/>
          <line num="27" count="1" type="stmt"/>
          <line num="29" count="2" type="stmt"/>
          <line num="31" count="8" type="stmt"/>
          <line num="35" count="13" type="cond" truecount="2" falsecount="0"/>
          <line num="37" count="4" type="stmt"/>
          <line num="38" count="2" type="cond" truecount="1" falsecount="1"/>
          <line num="39" count="2" type="cond" truecount="2" falsecount="0"/>
          <line num="40" count="1" type="stmt"/>
          <line num="42" count="1" type="cond" truecount="1" falsecount="1"/>
          <line num="43" count="1" type="stmt"/>
          <line num="47" count="0" type="stmt"/>
          <line num="50" count="4" type="cond" truecount="0" falsecount="1"/>
          <line num="54" count="11" type="stmt"/>
          <line num="55" count="11" type="stmt"/>
          <line num="56" count="11" type="stmt"/>
          <line num="57" count="11" type="stmt"/>
          <line num="58" count="11" type="stmt"/>
          <line num="60" count="11" type="stmt"/>
          <line num="65" count="57" type="stmt"/>
          <line num="68" count="11" type="stmt"/>
          <line num="70" count="11" type="cond" truecount="2" falsecount="0"/>
          <line num="71" count="2" type="stmt"/>
          <line num="74" count="9" type="stmt"/>
        </file>
        <file name="rentPassport.js" path="/Users/edward/Desktop/canopy-frontend/packages/canopy-frontend-common/src/utils/helpers/rentPassport.js">
          <metrics statements="54" coveredstatements="45" conditionals="39" coveredconditionals="34" methods="25" coveredmethods="16"/>
          <line num="8" count="35" type="stmt"/>
          <line num="16" count="35" type="stmt"/>
          <line num="17" count="0" type="cond" truecount="0" falsecount="2"/>
          <line num="23" count="35" type="stmt"/>
          <line num="24" count="0" type="cond" truecount="0" falsecount="2"/>
          <line num="30" count="35" type="stmt"/>
          <line num="31" count="106" type="stmt"/>
          <line num="39" count="35" type="stmt"/>
          <line num="40" count="323" type="stmt"/>
          <line num="52" count="35" type="stmt"/>
          <line num="53" count="9" type="stmt"/>
          <line num="54" count="9" type="stmt"/>
          <line num="55" count="9" type="cond" truecount="4" falsecount="0"/>
          <line num="56" count="7" type="stmt"/>
          <line num="57" count="7" type="cond" truecount="2" falsecount="0"/>
          <line num="58" count="6" type="stmt"/>
          <line num="60" count="6" type="stmt"/>
          <line num="65" count="7" type="cond" truecount="4" falsecount="0"/>
          <line num="66" count="2" type="stmt"/>
          <line num="68" count="2" type="stmt"/>
          <line num="74" count="9" type="stmt"/>
          <line num="82" count="3" type="stmt"/>
          <line num="83" count="7" type="stmt"/>
          <line num="84" count="3" type="cond" truecount="2" falsecount="0"/>
          <line num="85" count="3" type="stmt"/>
          <line num="86" count="3" type="stmt"/>
          <line num="87" count="6" type="cond" truecount="2" falsecount="0"/>
          <line num="88" count="2" type="stmt"/>
          <line num="92" count="1" type="stmt"/>
          <line num="96" count="2" type="stmt"/>
          <line num="97" count="2" type="stmt"/>
          <line num="99" count="4" type="stmt"/>
          <line num="103" count="2" type="cond" truecount="3" falsecount="0"/>
          <line num="123" count="36" type="stmt"/>
          <line num="139" count="0" type="stmt"/>
          <line num="152" count="0" type="stmt"/>
          <line num="163" count="0" type="stmt"/>
          <line num="169" count="0" type="stmt"/>
          <line num="179" count="0" type="stmt"/>
          <line num="186" count="0" type="stmt"/>
          <line num="214" count="58" type="stmt"/>
          <line num="216" count="58" type="cond" truecount="2" falsecount="0"/>
          <line num="217" count="57" type="stmt"/>
          <line num="220" count="1" type="stmt"/>
          <line num="228" count="36" type="stmt"/>
          <line num="230" count="36" type="stmt"/>
          <line num="231" count="162" type="cond" truecount="2" falsecount="0"/>
          <line num="237" count="36" type="cond" truecount="1" falsecount="1"/>
          <line num="238" count="36" type="stmt"/>
          <line num="244" count="36" type="stmt"/>
          <line num="246" count="36" type="stmt"/>
          <line num="248" count="36" type="cond" truecount="4" falsecount="0"/>
          <line num="252" count="36" type="stmt"/>
          <line num="271" count="0" type="stmt"/>
        </file>
      </package>
      <package name="src.utils.locales">
        <metrics statements="7" coveredstatements="7" conditionals="1" coveredconditionals="0" methods="1" coveredmethods="1"/>
        <file name="de-DE.js" path="/Users/edward/Desktop/canopy-frontend/packages/canopy-frontend-common/src/utils/locales/de-DE.js">
          <metrics statements="1" coveredstatements="1" conditionals="0" coveredconditionals="0" methods="0" coveredmethods="0"/>
          <line num="1" count="34" type="stmt"/>
        </file>
        <file name="en-US.js" path="/Users/edward/Desktop/canopy-frontend/packages/canopy-frontend-common/src/utils/locales/en-US.js">
          <metrics statements="3" coveredstatements="3" conditionals="0" coveredconditionals="0" methods="0" coveredmethods="0"/>
          <line num="4" count="39" type="stmt"/>
          <line num="6" count="39" type="stmt"/>
          <line num="11" count="39" type="stmt"/>
        </file>
        <file name="index.js" path="/Users/edward/Desktop/canopy-frontend/packages/canopy-frontend-common/src/utils/locales/index.js">
          <metrics statements="3" coveredstatements="3" conditionals="1" coveredconditionals="0" methods="1" coveredmethods="1"/>
          <line num="1" count="34" type="stmt"/>
          <line num="6" count="34" type="stmt"/>
          <line num="17" count="34" type="cond" truecount="0" falsecount="1"/>
        </file>
      </package>
      <package name="src.utils.store">
        <metrics statements="5" coveredstatements="5" conditionals="6" coveredconditionals="3" methods="0" coveredmethods="0"/>
        <file name="store.js" path="/Users/edward/Desktop/canopy-frontend/packages/canopy-frontend-common/src/utils/store/store.js">
          <metrics statements="5" coveredstatements="5" conditionals="6" coveredconditionals="3" methods="0" coveredmethods="0"/>
          <line num="7" count="33" type="cond" truecount="1" falsecount="1"/>
          <line num="11" count="33" type="stmt"/>
          <line num="13" count="33" type="stmt"/>
          <line num="15" count="33" type="cond" truecount="2" falsecount="2"/>
          <line num="17" count="33" type="stmt"/>
        </file>
      </package>
      <package name="src.utils.string">
        <metrics statements="13" coveredstatements="13" conditionals="7" coveredconditionals="7" methods="7" coveredmethods="7"/>
        <file name="index.js" path="/Users/edward/Desktop/canopy-frontend/packages/canopy-frontend-common/src/utils/string/index.js">
          <metrics statements="13" coveredstatements="13" conditionals="7" coveredconditionals="7" methods="7" coveredmethods="7"/>
          <line num="3" count="13" type="stmt"/>
          <line num="4" count="19" type="cond" truecount="2" falsecount="0"/>
          <line num="7" count="13" type="stmt"/>
          <line num="8" count="18" type="stmt"/>
          <line num="13" count="18" type="stmt"/>
          <line num="16" count="13" type="cond" truecount="2" falsecount="0"/>
          <line num="17" count="7" type="stmt"/>
          <line num="21" count="13" type="cond" truecount="1" falsecount="0"/>
          <line num="22" count="82" type="stmt"/>
          <line num="28" count="328" type="stmt"/>
          <line num="29" count="16" type="stmt"/>
          <line num="32" count="13" type="stmt"/>
          <line num="33" count="29" type="stmt"/>
        </file>
      </package>
      <package name="src.utils.validators">
        <metrics statements="53" coveredstatements="45" conditionals="39" coveredconditionals="25" methods="25" coveredmethods="18"/>
        <file name="alphaonly.js" path="/Users/edward/Desktop/canopy-frontend/packages/canopy-frontend-common/src/utils/validators/alphaonly.js">
          <metrics statements="2" coveredstatements="2" conditionals="3" coveredconditionals="3" methods="1" coveredmethods="1"/>
          <line num="3" count="1" type="stmt"/>
          <line num="4" count="11" type="cond" truecount="3" falsecount="0"/>
        </file>
        <file name="common.js" path="/Users/edward/Desktop/canopy-frontend/packages/canopy-frontend-common/src/utils/validators/common.js">
          <metrics statements="22" coveredstatements="15" conditionals="9" coveredconditionals="4" methods="10" coveredmethods="8"/>
          <line num="1" count="8" type="cond" truecount="2" falsecount="0"/>
          <line num="3" count="8" type="stmt"/>
          <line num="4" count="30" type="stmt"/>
          <line num="5" count="30" type="stmt"/>
          <line num="7" count="13" type="stmt"/>
          <line num="10" count="8" type="stmt"/>
          <line num="11" count="30" type="stmt"/>
          <line num="12" count="30" type="cond" truecount="1" falsecount="0"/>
          <line num="14" count="30" type="stmt"/>
          <line num="20" count="30" type="stmt"/>
          <line num="21" count="1" type="cond" truecount="1" falsecount="1"/>
          <line num="23" count="8" type="stmt"/>
          <line num="24" count="13" type="stmt"/>
          <line num="25" count="1" type="stmt"/>
          <line num="32" count="8" type="stmt"/>
          <line num="33" count="0" type="stmt"/>
          <line num="34" count="0" type="stmt"/>
          <line num="35" count="0" type="stmt"/>
          <line num="36" count="0" type="stmt"/>
          <line num="39" count="0" type="cond" truecount="0" falsecount="4"/>
          <line num="40" count="0" type="stmt"/>
          <line num="45" count="0" type="stmt"/>
        </file>
        <file name="email.js" path="/Users/edward/Desktop/canopy-frontend/packages/canopy-frontend-common/src/utils/validators/email.js">
          <metrics statements="11" coveredstatements="10" conditionals="10" coveredconditionals="4" methods="7" coveredmethods="4"/>
          <line num="6" count="3" type="stmt"/>
          <line num="7" count="21" type="cond" truecount="3" falsecount="0"/>
          <line num="9" count="3" type="stmt"/>
          <line num="10" count="2" type="stmt"/>
          <line num="12" count="1" type="cond" truecount="1" falsecount="1"/>
          <line num="15" count="1" type="stmt"/>
          <line num="17" count="1" type="stmt"/>
          <line num="21" count="3" type="cond" truecount="0" falsecount="2"/>
          <line num="23" count="3" type="stmt"/>
          <line num="24" count="0" type="cond" truecount="0" falsecount="3"/>
          <line num="26" count="3" type="stmt"/>
        </file>
        <file name="number.js" path="/Users/edward/Desktop/canopy-frontend/packages/canopy-frontend-common/src/utils/validators/number.js">
          <metrics statements="4" coveredstatements="4" conditionals="6" coveredconditionals="5" methods="2" coveredmethods="2"/>
          <line num="3" count="1" type="stmt"/>
          <line num="4" count="29" type="cond" truecount="3" falsecount="0"/>
          <line num="6" count="1" type="stmt"/>
          <line num="7" count="9" type="cond" truecount="2" falsecount="1"/>
        </file>
        <file name="password.js" path="/Users/edward/Desktop/canopy-frontend/packages/canopy-frontend-common/src/utils/validators/password.js">
          <metrics statements="4" coveredstatements="4" conditionals="6" coveredconditionals="6" methods="2" coveredmethods="2"/>
          <line num="3" count="2" type="stmt"/>
          <line num="4" count="12" type="cond" truecount="3" falsecount="0"/>
          <line num="6" count="2" type="stmt"/>
          <line num="7" count="2" type="cond" truecount="3" falsecount="0"/>
        </file>
        <file name="phone.js" path="/Users/edward/Desktop/canopy-frontend/packages/canopy-frontend-common/src/utils/validators/phone.js">
          <metrics statements="4" coveredstatements="4" conditionals="5" coveredconditionals="3" methods="3" coveredmethods="1"/>
          <line num="3" count="1" type="stmt"/>
          <line num="4" count="9" type="cond" truecount="3" falsecount="0"/>
          <line num="9" count="1" type="cond" truecount="0" falsecount="2"/>
          <line num="11" count="1" type="stmt"/>
        </file>
        <file name="regex.js" path="/Users/edward/Desktop/canopy-frontend/packages/canopy-frontend-common/src/utils/validators/regex.js">
          <metrics statements="6" coveredstatements="6" conditionals="0" coveredconditionals="0" methods="0" coveredmethods="0"/>
          <line num="1" count="7" type="stmt"/>
          <line num="3" count="7" type="stmt"/>
          <line num="5" count="7" type="stmt"/>
          <line num="7" count="7" type="stmt"/>
          <line num="9" count="7" type="stmt"/>
          <line num="11" count="7" type="stmt"/>
        </file>
      </package>
    </metrics>
  </project>
</coverage>
