TN:
SF:/Users/edward/Desktop/canopy-frontend/packages/canopy-frontend-common/src/App.js
FN:45,(anonymous_8)
FN:87,render
FN:102,render
FN:107,render
FNF:4
FNH:0
FNDA:0,(anonymous_8)
FNDA:0,render
FNDA:0,render
FNDA:0,render
DA:1,0
DA:2,0
DA:3,0
DA:4,0
DA:5,0
DA:6,0
DA:7,0
DA:9,0
DA:10,0
DA:11,0
DA:12,0
DA:13,0
DA:15,0
DA:16,0
DA:18,0
DA:19,0
DA:20,0
DA:21,0
DA:22,0
DA:23,0
DA:24,0
DA:25,0
DA:26,0
DA:27,0
DA:29,0
DA:30,0
DA:31,0
DA:32,0
DA:33,0
DA:34,0
DA:39,0
DA:41,0
DA:42,0
DA:45,0
DA:54,0
DA:55,0
DA:60,0
DA:87,0
DA:102,0
DA:107,0
LF:40
LH:0
BRDA:41,0,0,0
BRDA:41,0,1,0
BRDA:54,1,0,0
BRDA:54,1,1,0
BRF:4
BRH:0
end_of_record
TN:
SF:/Users/edward/Desktop/canopy-frontend/packages/canopy-frontend-common/src/actions/agencies.js
FN:6,(anonymous_0)
FN:11,(anonymous_1)
FN:11,(anonymous_2)
FN:26,(anonymous_3)
FN:26,(anonymous_4)
FN:38,(anonymous_5)
FNF:6
FNH:5
FNDA:2,(anonymous_0)
FNDA:3,(anonymous_1)
FNDA:3,(anonymous_2)
FNDA:2,(anonymous_3)
FNDA:2,(anonymous_4)
FNDA:0,(anonymous_5)
DA:6,2
DA:11,3
DA:13,3
DA:14,3
DA:16,1
DA:19,3
DA:20,0
DA:23,3
DA:26,2
DA:27,2
DA:28,2
DA:30,2
DA:31,2
DA:32,1
DA:34,1
DA:38,1
LF:16
LH:15
BRDA:19,0,0,0
BRDA:19,0,1,3
BRF:2
BRH:1
end_of_record
TN:
SF:/Users/edward/Desktop/canopy-frontend/packages/canopy-frontend-common/src/actions/agency.js
FN:3,(anonymous_0)
FN:3,(anonymous_1)
FN:12,(anonymous_2)
FN:12,(anonymous_3)
FN:13,(anonymous_4)
FN:20,(anonymous_5)
FN:20,(anonymous_6)
FN:29,(anonymous_7)
FN:29,(anonymous_8)
FN:38,(anonymous_9)
FN:38,(anonymous_10)
FNF:11
FNH:11
FNDA:4,(anonymous_0)
FNDA:4,(anonymous_1)
FNDA:3,(anonymous_2)
FNDA:3,(anonymous_3)
FNDA:2,(anonymous_4)
FNDA:4,(anonymous_5)
FNDA:4,(anonymous_6)
FNDA:4,(anonymous_7)
FNDA:4,(anonymous_8)
FNDA:4,(anonymous_9)
FNDA:4,(anonymous_10)
DA:3,4
DA:4,4
DA:5,4
DA:6,2
DA:8,2
DA:12,3
DA:13,3
DA:14,2
DA:17,2
DA:20,4
DA:21,4
DA:22,4
DA:23,2
DA:25,2
DA:29,4
DA:30,4
DA:31,4
DA:32,2
DA:34,2
DA:38,4
DA:39,4
DA:40,4
DA:41,2
DA:43,2
LF:24
LH:24
BRF:0
BRH:0
end_of_record
TN:
SF:/Users/edward/Desktop/canopy-frontend/packages/canopy-frontend-common/src/actions/agents.js
FN:5,(anonymous_0)
FN:10,(anonymous_1)
FN:14,(anonymous_2)
FN:14,(anonymous_3)
FN:15,(anonymous_4)
FNF:5
FNH:5
FNDA:2,(anonymous_0)
FNDA:1,(anonymous_1)
FNDA:3,(anonymous_2)
FNDA:3,(anonymous_3)
FNDA:1,(anonymous_4)
DA:5,2
DA:10,1
DA:14,3
DA:15,3
DA:16,1
DA:18,1
DA:19,0
DA:22,1
LF:8
LH:7
BRDA:18,0,0,0
BRDA:18,0,1,1
BRF:2
BRH:1
end_of_record
TN:
SF:/Users/edward/Desktop/canopy-frontend/packages/canopy-frontend-common/src/actions/auth.js
FN:20,(anonymous_0)
FN:20,(anonymous_1)
FN:25,(anonymous_2)
FN:30,(anonymous_3)
FN:35,(anonymous_4)
FN:35,(anonymous_5)
FN:36,(anonymous_6)
FN:45,(anonymous_7)
FN:45,(anonymous_8)
FN:46,(anonymous_9)
FN:55,(anonymous_10)
FN:60,(anonymous_11)
FN:65,(anonymous_12)
FN:69,(anonymous_13)
FN:74,(anonymous_14)
FN:75,(anonymous_15)
FN:88,(anonymous_16)
FN:88,(anonymous_17)
FN:101,(anonymous_18)
FN:101,(anonymous_19)
FN:110,(anonymous_20)
FN:110,(anonymous_21)
FN:144,(anonymous_22)
FN:144,(anonymous_23)
FN:151,(anonymous_24)
FN:176,(anonymous_25)
FN:176,(anonymous_26)
FN:177,(anonymous_27)
FN:186,(anonymous_28)
FN:186,(anonymous_29)
FN:190,(anonymous_30)
FN:206,(anonymous_31)
FN:214,(anonymous_32)
FNF:33
FNH:22
FNDA:1,(anonymous_0)
FNDA:0,(anonymous_1)
FNDA:4,(anonymous_2)
FNDA:4,(anonymous_3)
FNDA:4,(anonymous_4)
FNDA:4,(anonymous_5)
FNDA:2,(anonymous_6)
FNDA:4,(anonymous_7)
FNDA:4,(anonymous_8)
FNDA:2,(anonymous_9)
FNDA:7,(anonymous_10)
FNDA:0,(anonymous_11)
FNDA:3,(anonymous_12)
FNDA:0,(anonymous_13)
FNDA:4,(anonymous_14)
FNDA:4,(anonymous_15)
FNDA:3,(anonymous_16)
FNDA:3,(anonymous_17)
FNDA:0,(anonymous_18)
FNDA:0,(anonymous_19)
FNDA:7,(anonymous_20)
FNDA:7,(anonymous_21)
FNDA:0,(anonymous_22)
FNDA:0,(anonymous_23)
FNDA:0,(anonymous_24)
FNDA:0,(anonymous_25)
FNDA:0,(anonymous_26)
FNDA:0,(anonymous_27)
FNDA:3,(anonymous_28)
FNDA:3,(anonymous_29)
FNDA:1,(anonymous_30)
FNDA:3,(anonymous_31)
FNDA:3,(anonymous_32)
DA:20,34
DA:21,0
DA:22,0
DA:25,34
DA:30,34
DA:35,34
DA:36,4
DA:37,2
DA:42,2
DA:45,34
DA:46,4
DA:47,2
DA:52,2
DA:55,34
DA:60,34
DA:65,34
DA:69,34
DA:74,34
DA:75,4
DA:76,4
DA:77,3
DA:78,3
DA:79,3
DA:80,3
DA:83,1
DA:88,34
DA:89,3
DA:90,3
DA:91,3
DA:92,3
DA:93,3
DA:98,34
DA:99,34
DA:101,34
DA:102,0
DA:103,0
DA:104,0
DA:106,0
DA:110,34
DA:117,7
DA:118,7
DA:119,7
DA:120,1
DA:123,7
DA:124,7
DA:125,2
DA:126,2
DA:128,1
DA:131,1
DA:133,5
DA:134,3
DA:137,0
DA:140,0
DA:144,34
DA:145,0
DA:149,0
DA:152,0
DA:155,0
DA:157,0
DA:158,0
DA:160,0
DA:161,0
DA:162,0
DA:164,0
DA:165,0
DA:166,0
DA:168,0
DA:171,0
DA:172,0
DA:176,34
DA:177,0
DA:178,0
DA:181,0
DA:182,0
DA:186,34
DA:189,3
DA:190,3
DA:191,1
DA:194,2
DA:195,1
DA:202,1
DA:206,34
DA:207,3
DA:208,3
DA:214,34
DA:215,3
DA:216,3
LF:87
LH:60
BRDA:38,0,0,2
BRDA:38,0,1,2
BRDA:38,0,2,2
BRDA:48,1,0,2
BRDA:48,1,1,2
BRDA:48,1,2,2
BRDA:76,2,0,3
BRDA:76,2,1,1
BRDA:79,3,0,3
BRDA:79,3,1,0
BRDA:103,4,0,0
BRDA:103,4,1,0
BRDA:110,5,0,5
BRDA:119,6,0,1
BRDA:119,6,1,6
BRDA:119,7,0,7
BRDA:119,7,1,6
BRDA:124,8,0,2
BRDA:124,8,1,5
BRDA:126,9,0,1
BRDA:126,9,1,1
BRDA:133,10,0,3
BRDA:133,10,1,2
BRDA:155,11,0,0
BRDA:155,11,1,0
BRDA:155,11,2,0
BRDA:155,11,3,0
BRDA:155,12,0,0
BRDA:155,12,1,0
BRDA:171,13,0,0
BRDA:171,13,1,0
BRDA:171,14,0,0
BRDA:171,14,1,0
BRDA:181,15,0,0
BRDA:181,15,1,0
BRDA:194,16,0,1
BRDA:194,16,1,1
BRF:37
BRH:22
end_of_record
TN:
SF:/Users/edward/Desktop/canopy-frontend/packages/canopy-frontend-common/src/actions/form.js
FN:15,(anonymous_0)
FN:20,(anonymous_1)
FN:24,(anonymous_2)
FN:29,(anonymous_3)
FN:33,(anonymous_4)
FN:33,(anonymous_5)
FN:38,(anonymous_6)
FN:38,(anonymous_7)
FN:43,(anonymous_8)
FN:43,(anonymous_9)
FN:44,(anonymous_10)
FN:56,(anonymous_11)
FN:56,(anonymous_12)
FN:57,(anonymous_13)
FN:68,(anonymous_14)
FN:68,(anonymous_15)
FN:69,(anonymous_16)
FN:79,(anonymous_17)
FN:79,(anonymous_18)
FN:81,(anonymous_19)
FN:88,(anonymous_20)
FN:88,(anonymous_21)
FN:90,(anonymous_22)
FN:98,(anonymous_23)
FN:98,(anonymous_24)
FN:102,(anonymous_25)
FN:113,(anonymous_26)
FN:122,(anonymous_27)
FN:122,(anonymous_28)
FN:123,(anonymous_29)
FNF:30
FNH:19
FNDA:0,(anonymous_0)
FNDA:0,(anonymous_1)
FNDA:5,(anonymous_2)
FNDA:0,(anonymous_3)
FNDA:0,(anonymous_4)
FNDA:0,(anonymous_5)
FNDA:0,(anonymous_6)
FNDA:0,(anonymous_7)
FNDA:1,(anonymous_8)
FNDA:1,(anonymous_9)
FNDA:0,(anonymous_10)
FNDA:4,(anonymous_11)
FNDA:4,(anonymous_12)
FNDA:1,(anonymous_13)
FNDA:5,(anonymous_14)
FNDA:5,(anonymous_15)
FNDA:1,(anonymous_16)
FNDA:8,(anonymous_17)
FNDA:8,(anonymous_18)
FNDA:1,(anonymous_19)
FNDA:0,(anonymous_20)
FNDA:0,(anonymous_21)
FNDA:0,(anonymous_22)
FNDA:4,(anonymous_23)
FNDA:4,(anonymous_24)
FNDA:6,(anonymous_25)
FNDA:1,(anonymous_26)
FNDA:4,(anonymous_27)
FNDA:4,(anonymous_28)
FNDA:1,(anonymous_29)
DA:15,9
DA:20,9
DA:24,9
DA:29,9
DA:33,9
DA:34,0
DA:35,0
DA:38,9
DA:39,0
DA:40,0
DA:43,9
DA:44,1
DA:45,0
DA:48,0
DA:49,0
DA:50,0
DA:51,0
DA:52,0
DA:56,9
DA:57,4
DA:58,1
DA:61,2
DA:62,1
DA:63,1
DA:64,1
DA:68,9
DA:69,5
DA:70,1
DA:73,3
DA:74,2
DA:75,2
DA:79,9
DA:80,8
DA:82,1
DA:85,2
DA:88,9
DA:89,0
DA:90,0
DA:92,0
DA:93,0
DA:94,0
DA:98,9
DA:99,4
DA:100,4
DA:102,4
DA:103,6
DA:104,0
DA:105,0
DA:107,0
DA:111,4
DA:113,4
DA:114,1
DA:116,2
DA:117,1
DA:118,1
DA:122,9
DA:123,4
DA:124,1
DA:127,2
DA:128,1
DA:129,1
DA:130,0
LF:62
LH:43
BRDA:48,0,0,0
BRDA:48,0,1,0
BRDA:61,1,0,1
BRDA:61,1,1,1
BRDA:73,2,0,2
BRDA:73,2,1,1
BRDA:92,3,0,0
BRDA:92,3,1,0
BRDA:103,4,0,0
BRDA:103,4,1,6
BRDA:104,5,0,0
BRDA:104,5,1,0
BRDA:116,6,0,1
BRDA:116,6,1,1
BRDA:127,7,0,1
BRDA:127,7,1,1
BRDA:129,8,0,0
BRDA:129,8,1,1
BRF:18
BRH:10
end_of_record
TN:
SF:/Users/edward/Desktop/canopy-frontend/packages/canopy-frontend-common/src/actions/images.js
FN:3,(anonymous_0)
FN:10,(anonymous_1)
FNF:2
FNH:2
FNDA:2,(anonymous_0)
FNDA:2,(anonymous_1)
DA:3,8
DA:4,2
DA:10,8
DA:11,2
LF:4
LH:4
BRF:0
BRH:0
end_of_record
TN:
SF:/Users/edward/Desktop/canopy-frontend/packages/canopy-frontend-common/src/actions/inputField.js
FN:3,(anonymous_0)
FN:7,(anonymous_1)
FNF:2
FNH:2
FNDA:1,(anonymous_0)
FNDA:2,(anonymous_1)
DA:3,10
DA:7,10
LF:2
LH:2
BRF:0
BRH:0
end_of_record
TN:
SF:/Users/edward/Desktop/canopy-frontend/packages/canopy-frontend-common/src/actions/leases.js
FN:6,(anonymous_0)
FN:11,(anonymous_1)
FN:16,(anonymous_2)
FN:16,(anonymous_3)
FN:17,(anonymous_4)
FN:26,(anonymous_5)
FN:26,(anonymous_6)
FN:35,(anonymous_7)
FN:35,(anonymous_8)
FNF:9
FNH:9
FNDA:5,(anonymous_0)
FNDA:5,(anonymous_1)
FNDA:3,(anonymous_2)
FNDA:3,(anonymous_3)
FNDA:1,(anonymous_4)
FNDA:3,(anonymous_5)
FNDA:3,(anonymous_6)
FNDA:3,(anonymous_7)
FNDA:3,(anonymous_8)
DA:6,5
DA:11,5
DA:16,3
DA:17,3
DA:18,1
DA:21,3
DA:22,2
DA:26,3
DA:27,3
DA:28,3
DA:29,2
DA:31,1
DA:35,3
DA:36,3
DA:37,3
DA:38,2
DA:40,1
LF:17
LH:17
BRDA:21,0,0,2
BRDA:21,0,1,1
BRF:2
BRH:2
end_of_record
TN:
SF:/Users/edward/Desktop/canopy-frontend/packages/canopy-frontend-common/src/actions/locale.js
FN:3,(anonymous_0)
FNF:1
FNH:1
FNDA:1,(anonymous_0)
DA:3,2
LF:1
LH:1
BRF:0
BRH:0
end_of_record
TN:
SF:/Users/edward/Desktop/canopy-frontend/packages/canopy-frontend-common/src/actions/menu.js
FN:3,(anonymous_0)
FN:7,(anonymous_1)
FNF:2
FNH:2
FNDA:1,(anonymous_0)
FNDA:1,(anonymous_1)
DA:3,1
DA:7,1
LF:2
LH:2
BRF:0
BRH:0
end_of_record
TN:
SF:/Users/edward/Desktop/canopy-frontend/packages/canopy-frontend-common/src/actions/modal.js
FN:3,(anonymous_0)
FN:8,(anonymous_1)
FN:12,(anonymous_2)
FN:13,(anonymous_3)
FNF:4
FNH:4
FNDA:7,(anonymous_0)
FNDA:1,(anonymous_1)
FNDA:3,(anonymous_2)
FNDA:3,(anonymous_3)
DA:3,7
DA:8,4
DA:12,4
DA:13,3
DA:14,3
DA:17,3
DA:19,1
DA:20,1
DA:22,1
DA:23,1
DA:25,1
DA:28,3
LF:12
LH:12
BRDA:17,0,0,1
BRDA:17,0,1,1
BRDA:17,0,2,1
BRF:3
BRH:3
end_of_record
TN:
SF:/Users/edward/Desktop/canopy-frontend/packages/canopy-frontend-common/src/actions/navigation.js
FN:4,(anonymous_0)
FN:4,(anonymous_1)
FN:5,(anonymous_2)
FN:5,(anonymous_3)
FN:11,(anonymous_4)
FN:11,(anonymous_5)
FNF:6
FNH:3
FNDA:0,(anonymous_0)
FNDA:0,(anonymous_1)
FNDA:5,(anonymous_2)
FNDA:0,(anonymous_3)
FNDA:1,(anonymous_4)
FNDA:1,(anonymous_5)
DA:4,36
DA:5,36
DA:6,0
DA:7,0
DA:8,0
DA:11,36
LF:6
LH:3
BRDA:7,0,0,0
BRDA:7,0,1,0
BRF:2
BRH:0
end_of_record
TN:
SF:/Users/edward/Desktop/canopy-frontend/packages/canopy-frontend-common/src/actions/notifications.js
FN:14,(anonymous_0)
FN:20,(anonymous_1)
FN:20,(anonymous_2)
FN:29,(anonymous_3)
FN:29,(anonymous_4)
FN:41,(anonymous_5)
FN:41,(anonymous_6)
FNF:7
FNH:7
FNDA:4,(anonymous_0)
FNDA:1,(anonymous_1)
FNDA:1,(anonymous_2)
FNDA:1,(anonymous_3)
FNDA:1,(anonymous_4)
FNDA:1,(anonymous_5)
FNDA:1,(anonymous_6)
DA:10,31
DA:14,31
DA:15,4
DA:17,1
DA:20,31
DA:21,1
DA:26,1
DA:29,31
DA:30,1
DA:31,0
DA:33,1
DA:37,1
DA:41,31
DA:42,1
DA:47,1
LF:15
LH:14
BRDA:30,0,0,0
BRDA:30,0,1,1
BRDA:30,1,0,1
BRDA:30,1,1,1
BRF:4
BRH:3
end_of_record
TN:
SF:/Users/edward/Desktop/canopy-frontend/packages/canopy-frontend-common/src/actions/openBanking.js
FN:10,(anonymous_0)
FN:15,(anonymous_1)
FN:20,(anonymous_2)
FN:25,(anonymous_3)
FN:29,(anonymous_4)
FN:29,(anonymous_5)
FN:38,(anonymous_6)
FN:41,(anonymous_7)
FN:50,(anonymous_8)
FN:50,(anonymous_9)
FN:62,(anonymous_10)
FN:62,(anonymous_11)
FN:74,(anonymous_12)
FN:74,(anonymous_13)
FNF:14
FNH:13
FNDA:2,(anonymous_0)
FNDA:4,(anonymous_1)
FNDA:3,(anonymous_2)
FNDA:0,(anonymous_3)
FNDA:3,(anonymous_4)
FNDA:3,(anonymous_5)
FNDA:5,(anonymous_6)
FNDA:5,(anonymous_7)
FNDA:3,(anonymous_8)
FNDA:3,(anonymous_9)
FNDA:3,(anonymous_10)
FNDA:3,(anonymous_11)
FNDA:2,(anonymous_12)
FNDA:2,(anonymous_13)
DA:10,2
DA:15,4
DA:20,3
DA:25,1
DA:29,3
DA:30,3
DA:31,3
DA:32,2
DA:34,1
DA:38,1
DA:41,5
DA:42,5
DA:43,5
DA:44,4
DA:46,1
DA:50,3
DA:51,3
DA:52,3
DA:56,2
DA:58,1
DA:62,3
DA:63,3
DA:64,3
DA:68,1
DA:70,2
DA:74,2
DA:75,2
DA:76,2
DA:78,1
LF:29
LH:29
BRDA:15,0,0,4
BRF:1
BRH:1
end_of_record
TN:
SF:/Users/edward/Desktop/canopy-frontend/packages/canopy-frontend-common/src/actions/photos.js
FN:6,(anonymous_0)
FN:6,(anonymous_1)
FN:9,(anonymous_2)
FN:17,(anonymous_3)
FN:17,(anonymous_4)
FN:21,(anonymous_5)
FN:26,(anonymous_6)
FN:31,(anonymous_7)
FN:33,(anonymous_8)
FNF:9
FNH:9
FNDA:6,(anonymous_0)
FNDA:6,(anonymous_1)
FNDA:4,(anonymous_2)
FNDA:1,(anonymous_3)
FNDA:1,(anonymous_4)
FNDA:1,(anonymous_5)
FNDA:1,(anonymous_6)
FNDA:10,(anonymous_7)
FNDA:6,(anonymous_8)
DA:6,6
DA:7,6
DA:8,6
DA:9,4
DA:12,6
DA:13,1
DA:17,1
DA:18,1
DA:21,1
DA:26,1
DA:31,10
DA:33,1
DA:34,6
LF:13
LH:13
BRDA:12,0,0,1
BRDA:12,0,1,5
BRDA:40,1,0,6
BRDA:40,1,1,6
BRDA:42,2,0,6
BRDA:42,2,1,4
BRF:6
BRH:6
end_of_record
TN:
SF:/Users/edward/Desktop/canopy-frontend/packages/canopy-frontend-common/src/actions/progress.js
FN:3,(anonymous_0)
FN:8,(anonymous_1)
FNF:2
FNH:2
FNDA:5,(anonymous_0)
FNDA:3,(anonymous_1)
DA:3,35
DA:8,35
LF:2
LH:2
BRF:0
BRH:0
end_of_record
TN:
SF:/Users/edward/Desktop/canopy-frontend/packages/canopy-frontend-common/src/actions/properties.js
FN:15,(anonymous_0)
FN:20,(anonymous_1)
FN:24,(anonymous_2)
FN:24,(anonymous_3)
FN:27,(anonymous_4)
FN:34,(anonymous_5)
FN:34,(anonymous_6)
FN:37,(anonymous_7)
FN:44,(anonymous_8)
FN:49,(anonymous_9)
FN:49,(anonymous_10)
FN:52,(anonymous_11)
FN:60,(anonymous_12)
FN:60,(anonymous_13)
FN:63,(anonymous_14)
FN:71,(anonymous_15)
FNF:16
FNH:3
FNDA:2,(anonymous_0)
FNDA:1,(anonymous_1)
FNDA:0,(anonymous_2)
FNDA:0,(anonymous_3)
FNDA:0,(anonymous_4)
FNDA:0,(anonymous_5)
FNDA:0,(anonymous_6)
FNDA:0,(anonymous_7)
FNDA:0,(anonymous_8)
FNDA:0,(anonymous_9)
FNDA:0,(anonymous_10)
FNDA:0,(anonymous_11)
FNDA:0,(anonymous_12)
FNDA:0,(anonymous_13)
FNDA:0,(anonymous_14)
FNDA:2,(anonymous_15)
DA:12,1
DA:15,2
DA:20,1
DA:24,1
DA:25,0
DA:27,0
DA:29,0
DA:30,0
DA:34,1
DA:35,0
DA:37,0
DA:39,0
DA:40,0
DA:44,1
DA:49,1
DA:50,0
DA:52,0
DA:54,0
DA:55,0
DA:56,0
DA:60,1
DA:61,0
DA:63,0
DA:64,0
DA:65,0
DA:71,2
LF:26
LH:9
BRDA:29,0,0,0
BRDA:29,0,1,0
BRDA:39,1,0,0
BRDA:39,1,1,0
BRDA:54,2,0,0
BRDA:54,2,1,0
BRDA:64,3,0,0
BRDA:64,3,1,0
BRF:8
BRH:0
end_of_record
TN:
SF:/Users/edward/Desktop/canopy-frontend/packages/canopy-frontend-common/src/actions/property.js
FN:11,(anonymous_0)
FN:11,(anonymous_1)
FN:27,(anonymous_2)
FN:27,(anonymous_3)
FNF:4
FNH:2
FNDA:7,(anonymous_0)
FNDA:7,(anonymous_1)
FNDA:0,(anonymous_2)
FNDA:0,(anonymous_3)
DA:11,7
DA:12,7
DA:13,7
DA:14,7
DA:15,5
DA:19,1
DA:21,6
DA:24,7
DA:27,1
DA:28,0
LF:10
LH:9
BRF:0
BRH:0
end_of_record
TN:
SF:/Users/edward/Desktop/canopy-frontend/packages/canopy-frontend-common/src/actions/rent-passport.js
FN:3,(anonymous_0)
FN:7,(anonymous_1)
FNF:2
FNH:2
FNDA:4,(anonymous_0)
FNDA:4,(anonymous_1)
DA:3,35
DA:7,35
LF:2
LH:2
BRF:0
BRH:0
end_of_record
TN:
SF:/Users/edward/Desktop/canopy-frontend/packages/canopy-frontend-common/src/actions/rentPassportSharing.js
FN:7,(anonymous_0)
FN:7,(anonymous_1)
FN:17,(anonymous_2)
FN:17,(anonymous_3)
FN:27,(anonymous_4)
FN:27,(anonymous_5)
FNF:6
FNH:6
FNDA:3,(anonymous_0)
FNDA:3,(anonymous_1)
FNDA:3,(anonymous_2)
FNDA:3,(anonymous_3)
FNDA:9,(anonymous_4)
FNDA:9,(anonymous_5)
DA:7,3
DA:8,3
DA:9,3
DA:10,2
DA:11,2
DA:13,1
DA:17,3
DA:18,3
DA:19,3
DA:20,2
DA:21,2
DA:23,1
DA:27,9
DA:28,9
DA:29,9
DA:30,9
DA:31,8
DA:36,1
DA:38,9
LF:19
LH:19
BRF:0
BRH:0
end_of_record
TN:
SF:/Users/edward/Desktop/canopy-frontend/packages/canopy-frontend-common/src/actions/requestPassport.js
FN:17,(anonymous_0)
FN:17,(anonymous_1)
FN:19,(anonymous_2)
FN:27,(anonymous_3)
FN:32,(anonymous_4)
FN:32,(anonymous_5)
FN:37,(anonymous_6)
FN:45,(anonymous_7)
FN:58,(anonymous_8)
FN:61,(anonymous_9)
FN:66,(anonymous_10)
FN:73,(anonymous_11)
FN:78,(anonymous_12)
FN:82,(anonymous_13)
FN:87,(anonymous_14)
FN:93,(anonymous_15)
FN:98,(anonymous_16)
FN:102,(anonymous_17)
FN:105,(anonymous_18)
FN:107,(anonymous_19)
FN:115,(anonymous_20)
FN:118,(anonymous_21)
FN:120,(anonymous_22)
FNF:23
FNH:19
FNDA:3,(anonymous_0)
FNDA:3,(anonymous_1)
FNDA:1,(anonymous_2)
FNDA:1,(anonymous_3)
FNDA:4,(anonymous_4)
FNDA:4,(anonymous_5)
FNDA:3,(anonymous_6)
FNDA:5,(anonymous_7)
FNDA:2,(anonymous_8)
FNDA:2,(anonymous_9)
FNDA:1,(anonymous_10)
FNDA:2,(anonymous_11)
FNDA:4,(anonymous_12)
FNDA:4,(anonymous_13)
FNDA:3,(anonymous_14)
FNDA:0,(anonymous_15)
FNDA:0,(anonymous_16)
FNDA:1,(anonymous_17)
FNDA:1,(anonymous_18)
FNDA:0,(anonymous_19)
FNDA:1,(anonymous_20)
FNDA:1,(anonymous_21)
FNDA:0,(anonymous_22)
DA:17,3
DA:18,3
DA:19,1
DA:22,1
DA:23,0
DA:27,1
DA:32,4
DA:33,4
DA:34,4
DA:37,3
DA:38,3
DA:39,0
DA:40,3
DA:41,0
DA:45,5
DA:58,1
DA:61,2
DA:63,2
DA:66,1
DA:68,2
DA:69,1
DA:73,2
DA:78,1
DA:82,4
DA:83,4
DA:87,3
DA:88,4
DA:89,1
DA:93,1
DA:98,1
DA:102,1
DA:105,1
DA:106,1
DA:107,0
DA:110,0
DA:111,0
DA:115,1
DA:118,1
DA:119,1
DA:120,0
DA:123,0
DA:124,0
LF:42
LH:33
BRDA:22,0,0,0
BRDA:22,0,1,1
BRDA:22,1,0,1
BRDA:22,1,1,0
BRDA:38,2,0,0
BRDA:38,2,1,3
BRDA:38,3,0,3
BRDA:38,3,1,0
BRDA:40,4,0,0
BRDA:40,4,1,3
BRDA:40,5,0,3
BRDA:40,5,1,0
BRDA:68,6,0,1
BRDA:68,6,1,1
BRDA:88,7,0,1
BRDA:88,7,1,3
BRDA:88,8,0,4
BRDA:88,8,1,1
BRDA:110,9,0,0
BRDA:110,9,1,0
BRDA:123,10,0,0
BRDA:123,10,1,0
BRF:22
BRH:12
end_of_record
TN:
SF:/Users/edward/Desktop/canopy-frontend/packages/canopy-frontend-common/src/actions/selectedBranch.js
FN:4,(anonymous_0)
FN:9,(anonymous_1)
FN:9,(anonymous_2)
FNF:3
FNH:3
FNDA:4,(anonymous_0)
FNDA:2,(anonymous_1)
FNDA:2,(anonymous_2)
DA:4,4
DA:9,2
DA:13,2
DA:14,2
DA:15,1
DA:17,1
LF:6
LH:6
BRDA:14,0,0,1
BRDA:14,0,1,1
BRF:2
BRH:2
end_of_record
TN:
SF:/Users/edward/Desktop/canopy-frontend/packages/canopy-frontend-common/src/actions/settings.js
FN:5,(anonymous_0)
FN:5,(anonymous_1)
FN:6,(anonymous_2)
FN:11,(anonymous_3)
FN:11,(anonymous_4)
FN:12,(anonymous_5)
FN:21,(anonymous_6)
FNF:7
FNH:5
FNDA:2,(anonymous_0)
FNDA:2,(anonymous_1)
FNDA:0,(anonymous_2)
FNDA:1,(anonymous_3)
FNDA:1,(anonymous_4)
FNDA:0,(anonymous_5)
FNDA:1,(anonymous_6)
DA:5,2
DA:6,2
DA:7,0
DA:11,1
DA:12,1
DA:13,0
DA:16,0
DA:17,0
DA:21,1
LF:9
LH:5
BRDA:16,0,0,0
BRDA:16,0,1,0
BRF:2
BRH:0
end_of_record
TN:
SF:/Users/edward/Desktop/canopy-frontend/packages/canopy-frontend-common/src/actions/spinner.js
FN:3,(anonymous_0)
FN:6,(anonymous_1)
FNF:2
FNH:2
FNDA:1,(anonymous_0)
FNDA:1,(anonymous_1)
DA:3,2
DA:6,2
LF:2
LH:2
BRF:0
BRH:0
end_of_record
TN:
SF:/Users/edward/Desktop/canopy-frontend/packages/canopy-frontend-common/src/actions/theme.js
FN:3,(anonymous_0)
FNF:1
FNH:1
FNDA:2,(anonymous_0)
DA:3,2
LF:1
LH:1
BRF:0
BRH:0
end_of_record
TN:
SF:/Users/edward/Desktop/canopy-frontend/packages/canopy-frontend-common/src/actions/topbar.js
FN:15,(anonymous_0)
FN:19,(anonymous_1)
FN:23,(anonymous_2)
FN:27,(anonymous_3)
FN:31,(anonymous_4)
FN:46,(anonymous_5)
FN:51,(anonymous_6)
FN:55,(anonymous_7)
FN:60,(anonymous_8)
FN:64,(anonymous_9)
FN:68,(anonymous_10)
FNF:11
FNH:7
FNDA:1,(anonymous_0)
FNDA:1,(anonymous_1)
FNDA:1,(anonymous_2)
FNDA:1,(anonymous_3)
FNDA:2,(anonymous_4)
FNDA:0,(anonymous_5)
FNDA:0,(anonymous_6)
FNDA:0,(anonymous_7)
FNDA:0,(anonymous_8)
FNDA:1,(anonymous_9)
FNDA:1,(anonymous_10)
DA:15,3
DA:19,3
DA:23,3
DA:27,3
DA:31,3
DA:37,2
DA:46,3
DA:51,3
DA:55,3
DA:60,3
DA:64,3
DA:68,3
LF:12
LH:12
BRDA:35,0,0,1
BRF:1
BRH:1
end_of_record
TN:
SF:/Users/edward/Desktop/canopy-frontend/packages/canopy-frontend-common/src/actions/types.js
FNF:0
FNH:0
DA:1,81
DA:2,81
DA:3,81
DA:4,81
DA:5,81
DA:6,81
DA:8,81
DA:9,81
DA:10,81
DA:12,81
DA:13,81
DA:15,81
DA:16,81
DA:18,81
DA:19,81
DA:20,81
DA:21,81
DA:23,81
DA:24,81
DA:25,81
DA:26,81
DA:27,81
DA:28,81
DA:29,81
DA:31,81
DA:33,81
DA:35,81
DA:37,81
DA:38,81
DA:40,81
DA:42,81
DA:43,81
DA:45,81
DA:46,81
DA:47,81
DA:48,81
DA:50,81
DA:51,81
DA:53,81
DA:55,81
DA:56,81
DA:57,81
DA:59,81
DA:60,81
DA:61,81
DA:62,81
DA:63,81
DA:65,81
DA:66,81
DA:68,81
DA:69,81
DA:70,81
DA:71,81
DA:72,81
DA:74,81
DA:75,81
DA:77,81
DA:78,81
DA:80,81
DA:82,81
DA:84,81
DA:85,81
DA:87,81
DA:88,81
DA:89,81
DA:90,81
DA:91,81
DA:92,81
DA:94,81
DA:96,81
DA:97,81
DA:99,81
DA:100,81
DA:101,81
DA:103,81
DA:104,81
DA:106,81
DA:107,81
DA:109,81
DA:110,81
DA:112,81
LF:81
LH:81
BRF:0
BRH:0
end_of_record
TN:
SF:/Users/edward/Desktop/canopy-frontend/packages/canopy-frontend-common/src/actions/users.js
FN:6,(anonymous_0)
FN:11,(anonymous_1)
FN:16,(anonymous_2)
FN:16,(anonymous_3)
FN:25,(anonymous_4)
FN:25,(anonymous_5)
FN:34,(anonymous_6)
FN:34,(anonymous_7)
FN:43,(anonymous_8)
FN:43,(anonymous_9)
FNF:10
FNH:10
FNDA:6,(anonymous_0)
FNDA:5,(anonymous_1)
FNDA:4,(anonymous_2)
FNDA:4,(anonymous_3)
FNDA:4,(anonymous_4)
FNDA:4,(anonymous_5)
FNDA:3,(anonymous_6)
FNDA:3,(anonymous_7)
FNDA:3,(anonymous_8)
FNDA:3,(anonymous_9)
DA:6,6
DA:11,5
DA:16,4
DA:17,4
DA:18,4
DA:19,3
DA:21,1
DA:25,4
DA:26,4
DA:27,4
DA:28,3
DA:30,1
DA:34,4
DA:35,3
DA:36,3
DA:37,2
DA:39,2
DA:43,4
DA:44,3
DA:45,3
DA:46,2
DA:48,1
LF:22
LH:22
BRF:0
BRH:0
end_of_record
TN:
SF:/Users/edward/Desktop/canopy-frontend/packages/canopy-frontend-common/src/components/Accordion/Accordion.js
FN:7,(anonymous_0)
FN:23,(anonymous_1)
FN:29,(anonymous_2)
FNF:3
FNH:3
FNDA:2,(anonymous_0)
FNDA:2,(anonymous_1)
FNDA:9,(anonymous_2)
DA:7,4
DA:8,2
DA:14,4
DA:24,2
DA:30,9
DA:32,9
DA:43,4
LF:7
LH:7
BRDA:8,0,0,0
BRDA:8,0,1,2
BRDA:9,1,0,0
BRDA:9,1,1,0
BRF:4
BRH:1
end_of_record
TN:
SF:/Users/edward/Desktop/canopy-frontend/packages/canopy-frontend-common/src/components/Accordion/AccordionCommon.styles.js
FN:8,(anonymous_0)
FN:14,(anonymous_1)
FN:17,(anonymous_2)
FNF:3
FNH:1
FNDA:0,(anonymous_0)
FNDA:0,(anonymous_1)
FNDA:3,(anonymous_2)
DA:7,4
DA:8,0
DA:10,4
DA:14,4
DA:15,0
DA:17,4
DA:18,3
DA:20,4
LF:8
LH:6
BRDA:18,0,0,2
BRDA:18,0,1,1
BRF:2
BRH:2
end_of_record
TN:
SF:/Users/edward/Desktop/canopy-frontend/packages/canopy-frontend-common/src/components/Accordion/AccordionWithCount.js
FN:6,(anonymous_0)
FN:8,(anonymous_1)
FNF:2
FNH:1
FNDA:1,(anonymous_0)
FNDA:0,(anonymous_1)
DA:6,3
DA:7,1
DA:9,0
DA:21,3
LF:4
LH:3
BRF:0
BRH:0
end_of_record
TN:
SF:/Users/edward/Desktop/canopy-frontend/packages/canopy-frontend-common/src/components/Accordion/AccordionWithCountTitle.js
FN:11,(anonymous_0)
FNF:1
FNH:1
FNDA:1,(anonymous_0)
DA:11,4
DA:18,1
DA:30,4
LF:3
LH:3
BRF:0
BRH:0
end_of_record
TN:
SF:/Users/edward/Desktop/canopy-frontend/packages/canopy-frontend-common/src/components/Accordion/AccordionWithCountTitle.styles.js
FN:15,(anonymous_0)
FNF:1
FNH:0
FNDA:0,(anonymous_0)
DA:5,4
DA:10,4
DA:14,4
DA:15,0
DA:22,4
LF:5
LH:4
BRF:0
BRH:0
end_of_record
TN:
SF:/Users/edward/Desktop/canopy-frontend/packages/canopy-frontend-common/src/components/Accordion/AccordionWithIconTitle.js
FN:24,(anonymous_0)
FNF:1
FNH:1
FNDA:1,(anonymous_0)
DA:12,3
DA:16,3
DA:20,3
DA:24,3
DA:31,1
DA:43,3
LF:6
LH:6
BRF:0
BRH:0
end_of_record
TN:
SF:/Users/edward/Desktop/canopy-frontend/packages/canopy-frontend-common/src/components/Accordion/index.js
FNF:0
FNH:0
LF:0
LH:0
BRF:0
BRH:0
end_of_record
TN:
SF:/Users/edward/Desktop/canopy-frontend/packages/canopy-frontend-common/src/components/ActiveTenancy/ActiveTenancy.styles.js
FN:6,(anonymous_0)
FN:23,(anonymous_1)
FN:28,(anonymous_2)
FNF:3
FNH:0
FNDA:0,(anonymous_0)
FNDA:0,(anonymous_1)
FNDA:0,(anonymous_2)
DA:5,2
DA:6,0
DA:8,2
DA:11,2
DA:14,2
DA:17,2
DA:20,2
DA:24,0
DA:27,2
DA:28,0
LF:10
LH:7
BRF:0
BRH:0
end_of_record
TN:
SF:/Users/edward/Desktop/canopy-frontend/packages/canopy-frontend-common/src/components/ActiveTenancy/DepositFree.js
FN:20,(anonymous_0)
FN:22,(anonymous_1)
FN:32,(anonymous_2)
FN:65,(anonymous_3)
FNF:4
FNH:2
FNDA:1,(anonymous_0)
FNDA:0,(anonymous_1)
FNDA:2,(anonymous_2)
FNDA:0,(anonymous_3)
DA:16,2
DA:20,2
DA:21,1
DA:23,0
DA:33,2
DA:49,2
DA:65,2
LF:7
LH:6
BRF:0
BRH:0
end_of_record
TN:
SF:/Users/edward/Desktop/canopy-frontend/packages/canopy-frontend-common/src/components/ActiveTenancy/Housemates.js
FN:19,(anonymous_0)
FN:21,(anonymous_1)
FN:31,(anonymous_2)
FN:51,(anonymous_3)
FNF:4
FNH:2
FNDA:1,(anonymous_0)
FNDA:0,(anonymous_1)
FNDA:2,(anonymous_2)
FNDA:0,(anonymous_3)
DA:14,2
DA:19,2
DA:20,1
DA:22,0
DA:32,2
DA:43,2
DA:51,2
LF:7
LH:6
BRF:0
BRH:0
end_of_record
TN:
SF:/Users/edward/Desktop/canopy-frontend/packages/canopy-frontend-common/src/components/ActiveTenancy/TenancyTerms.js
FN:14,(anonymous_0)
FN:29,(anonymous_1)
FN:31,(anonymous_2)
FN:82,(anonymous_3)
FNF:4
FNH:2
FNDA:3,(anonymous_0)
FNDA:3,(anonymous_1)
FNDA:0,(anonymous_2)
FNDA:0,(anonymous_3)
DA:14,2
DA:17,3
DA:18,3
DA:19,3
DA:20,3
DA:26,3
DA:29,2
DA:30,3
DA:32,0
DA:62,2
DA:82,2
LF:11
LH:10
BRDA:20,0,0,1
BRDA:20,0,1,2
BRF:2
BRH:2
end_of_record
TN:
SF:/Users/edward/Desktop/canopy-frontend/packages/canopy-frontend-common/src/components/ActiveTenancy/index.js
FNF:0
FNH:0
LF:0
LH:0
BRF:0
BRH:0
end_of_record
TN:
SF:/Users/edward/Desktop/canopy-frontend/packages/canopy-frontend-common/src/components/BottomMenu/BottomMenu.js
FN:6,(anonymous_0)
FN:13,(anonymous_1)
FN:14,(anonymous_2)
FN:16,(anonymous_3)
FN:24,(anonymous_4)
FNF:5
FNH:4
FNDA:4,(anonymous_0)
FNDA:3,(anonymous_1)
FNDA:4,(anonymous_2)
FNDA:4,(anonymous_3)
FNDA:0,(anonymous_4)
DA:6,1
DA:7,4
DA:8,4
DA:10,4
DA:13,1
DA:14,4
DA:17,4
DA:24,0
LF:8
LH:7
BRDA:8,0,0,2
BRDA:8,0,1,2
BRDA:14,1,0,3
BRDA:14,1,1,1
BRDA:14,1,2,2
BRDA:21,2,0,2
BRDA:21,2,1,2
BRF:7
BRH:7
end_of_record
TN:
SF:/Users/edward/Desktop/canopy-frontend/packages/canopy-frontend-common/src/components/BottomMenu/index.js
FN:6,mapStateToProps
FNF:1
FNH:0
FNDA:0,mapStateToProps
DA:1,0
DA:2,0
DA:3,0
DA:4,0
DA:6,0
DA:11,0
LF:6
LH:0
BRF:0
BRH:0
end_of_record
TN:
SF:/Users/edward/Desktop/canopy-frontend/packages/canopy-frontend-common/src/components/Button/Button.js
FN:8,(anonymous_0)
FN:9,(anonymous_1)
FN:11,(anonymous_2)
FN:22,(anonymous_3)
FN:23,(anonymous_4)
FN:31,(anonymous_5)
FN:32,(anonymous_6)
FN:41,(anonymous_7)
FN:43,(anonymous_8)
FN:49,(anonymous_9)
FN:56,(anonymous_10)
FN:57,(anonymous_11)
FN:58,(anonymous_12)
FN:75,(anonymous_13)
FN:76,(anonymous_14)
FN:92,(anonymous_15)
FN:100,(anonymous_16)
FN:101,(anonymous_17)
FN:102,(anonymous_18)
FN:107,(anonymous_19)
FNF:20
FNH:0
FNDA:0,(anonymous_0)
FNDA:0,(anonymous_1)
FNDA:0,(anonymous_2)
FNDA:0,(anonymous_3)
FNDA:0,(anonymous_4)
FNDA:0,(anonymous_5)
FNDA:0,(anonymous_6)
FNDA:0,(anonymous_7)
FNDA:0,(anonymous_8)
FNDA:0,(anonymous_9)
FNDA:0,(anonymous_10)
FNDA:0,(anonymous_11)
FNDA:0,(anonymous_12)
FNDA:0,(anonymous_13)
FNDA:0,(anonymous_14)
FNDA:0,(anonymous_15)
FNDA:0,(anonymous_16)
FNDA:0,(anonymous_17)
FNDA:0,(anonymous_18)
FNDA:0,(anonymous_19)
DA:5,33
DA:8,0
DA:10,0
DA:11,0
DA:14,33
DA:19,33
DA:22,0
DA:23,0
DA:28,33
DA:31,0
DA:32,0
DA:37,33
DA:42,0
DA:44,0
DA:48,33
DA:49,0
DA:56,0
DA:57,0
DA:58,0
DA:61,33
DA:70,33
DA:74,33
DA:75,0
DA:76,0
DA:83,33
DA:89,33
DA:92,0
DA:98,33
DA:100,0
DA:101,0
DA:102,0
DA:105,33
DA:107,0
DA:110,33
DA:124,33
LF:35
LH:15
BRDA:8,0,0,0
BRDA:8,0,1,0
BRDA:10,1,0,0
BRDA:10,1,1,0
BRDA:23,2,0,0
BRDA:23,2,1,0
BRDA:32,3,0,0
BRDA:32,3,1,0
BRDA:42,4,0,0
BRDA:42,4,1,0
BRDA:42,5,0,0
BRDA:42,5,1,0
BRDA:44,6,0,0
BRDA:44,6,1,0
BRDA:44,7,0,0
BRDA:44,7,1,0
BRDA:49,8,0,0
BRDA:49,8,1,0
BRDA:58,9,0,0
BRDA:58,9,1,0
BRDA:75,10,0,0
BRDA:75,10,1,0
BRDA:76,11,0,0
BRDA:76,11,1,0
BRDA:100,12,0,0
BRDA:100,12,1,0
BRDA:101,13,0,0
BRDA:101,13,1,0
BRF:28
BRH:0
end_of_record
TN:
SF:/Users/edward/Desktop/canopy-frontend/packages/canopy-frontend-common/src/components/Button/index.js
FN:31,(anonymous_0)
FN:100,(anonymous_1)
FN:126,(anonymous_2)
FN:156,(anonymous_3)
FN:194,(anonymous_4)
FN:211,(anonymous_5)
FNF:6
FNH:2
FNDA:6,(anonymous_0)
FNDA:2,(anonymous_1)
FNDA:0,(anonymous_2)
FNDA:0,(anonymous_3)
FNDA:0,(anonymous_4)
FNDA:0,(anonymous_5)
DA:31,29
DA:43,6
DA:45,6
DA:86,29
DA:94,29
DA:100,29
DA:109,2
DA:120,29
DA:126,29
DA:134,0
DA:145,29
DA:154,29
DA:156,29
DA:165,0
DA:170,0
DA:185,29
DA:194,29
DA:195,0
DA:205,29
DA:211,29
DA:212,0
DA:220,29
LF:22
LH:17
BRDA:43,0,0,6
BRDA:43,0,1,6
BRDA:55,1,0,6
BRDA:55,1,1,2
BRDA:56,2,0,2
BRDA:56,2,1,2
BRDA:60,3,0,2
BRDA:60,3,1,2
BRDA:65,4,0,6
BRDA:65,4,1,6
BRDA:66,5,0,6
BRDA:66,5,1,6
BRDA:72,6,0,6
BRDA:72,6,1,2
BRDA:73,7,0,2
BRDA:73,7,1,2
BRDA:77,8,0,2
BRDA:77,8,1,2
BRDA:115,9,0,2
BRDA:115,9,1,2
BRDA:176,10,0,0
BRDA:176,10,1,0
BRDA:213,11,0,0
BRDA:213,11,1,0
BRF:24
BRH:20
end_of_record
TN:
SF:/Users/edward/Desktop/canopy-frontend/packages/canopy-frontend-common/src/components/Carousel/Carousel.style.js
FN:12,(anonymous_0)
FN:13,(anonymous_1)
FN:30,(anonymous_2)
FN:31,(anonymous_3)
FN:37,(anonymous_4)
FN:47,(anonymous_5)
FNF:6
FNH:0
FNDA:0,(anonymous_0)
FNDA:0,(anonymous_1)
FNDA:0,(anonymous_2)
FNDA:0,(anonymous_3)
FNDA:0,(anonymous_4)
FNDA:0,(anonymous_5)
DA:4,2
DA:12,0
DA:13,0
DA:18,2
DA:22,2
DA:29,2
DA:30,0
DA:31,0
DA:35,2
DA:37,0
DA:45,2
DA:47,0
LF:12
LH:6
BRDA:12,0,0,0
BRDA:12,0,1,0
BRDA:13,1,0,0
BRDA:13,1,1,0
BRDA:30,2,0,0
BRDA:30,2,1,0
BRDA:31,3,0,0
BRDA:31,3,1,0
BRF:8
BRH:0
end_of_record
TN:
SF:/Users/edward/Desktop/canopy-frontend/packages/canopy-frontend-common/src/components/Carousel/index.js
FN:27,(anonymous_0)
FN:36,(anonymous_1)
FN:66,(anonymous_2)
FN:70,(anonymous_3)
FN:77,(anonymous_4)
FN:93,(anonymous_5)
FN:110,(anonymous_6)
FN:133,(anonymous_7)
FNF:8
FNH:3
FNDA:2,(anonymous_0)
FNDA:2,(anonymous_1)
FNDA:0,(anonymous_2)
FNDA:0,(anonymous_3)
FNDA:0,(anonymous_4)
FNDA:2,(anonymous_5)
FNDA:0,(anonymous_6)
FNDA:0,(anonymous_7)
DA:28,2
DA:29,2
DA:30,2
DA:31,2
DA:37,2
DA:38,2
DA:40,2
DA:67,0
DA:71,0
DA:72,0
DA:73,0
DA:75,0
DA:78,0
DA:94,2
DA:102,2
DA:104,2
DA:111,0
DA:133,2
DA:137,2
DA:139,2
LF:20
LH:13
BRDA:57,0,0,2
BRDA:57,0,1,0
BRDA:71,1,0,0
BRDA:71,1,1,0
BRDA:73,2,0,0
BRDA:73,2,1,0
BRDA:84,3,0,0
BRDA:84,3,1,0
BRDA:86,4,0,0
BRDA:86,4,1,0
BRDA:87,5,0,0
BRDA:87,5,1,0
BRDA:97,6,0,0
BRDA:98,7,0,0
BRDA:99,8,0,1
BRDA:106,9,0,1
BRDA:106,9,1,1
BRDA:122,10,0,1
BRDA:122,10,1,1
BRDA:123,11,0,1
BRDA:123,11,1,1
BRF:21
BRH:8
end_of_record
TN:
SF:/Users/edward/Desktop/canopy-frontend/packages/canopy-frontend-common/src/components/Carousel/index.web.js
FN:8,(anonymous_0)
FN:20,(anonymous_1)
FN:21,(anonymous_2)
FN:31,(anonymous_3)
FNF:4
FNH:0
FNDA:0,(anonymous_0)
FNDA:0,(anonymous_1)
FNDA:0,(anonymous_2)
FNDA:0,(anonymous_3)
DA:8,1
DA:15,0
DA:20,0
DA:21,0
DA:32,0
DA:46,1
DA:50,1
LF:7
LH:3
BRDA:16,0,0,0
BRDA:16,0,1,0
BRDA:18,1,0,0
BRDA:18,1,1,0
BRDA:32,2,0,0
BRDA:32,2,1,0
BRDA:33,3,0,0
BRDA:33,3,1,0
BRDA:35,4,0,0
BRDA:35,4,1,0
BRDA:36,5,0,0
BRDA:36,5,1,0
BRF:12
BRH:0
end_of_record
TN:
SF:/Users/edward/Desktop/canopy-frontend/packages/canopy-frontend-common/src/components/Collapse/Collapse.js
FN:14,(anonymous_0)
FN:18,(anonymous_1)
FN:36,(anonymous_2)
FN:42,(anonymous_3)
FN:56,(anonymous_4)
FN:59,(anonymous_5)
FNF:6
FNH:2
FNDA:0,(anonymous_0)
FNDA:0,(anonymous_1)
FNDA:0,(anonymous_2)
FNDA:0,(anonymous_3)
FNDA:6,(anonymous_4)
FNDA:12,(anonymous_5)
DA:15,0
DA:19,0
DA:20,0
DA:21,0
DA:25,0
DA:29,0
DA:30,0
DA:33,0
DA:37,0
DA:43,0
DA:46,0
DA:47,0
DA:48,0
DA:49,0
DA:50,0
DA:57,6
DA:58,6
DA:59,6
DA:60,12
DA:61,6
DA:64,6
DA:65,6
DA:69,6
DA:81,3
DA:89,3
LF:25
LH:10
BRDA:21,0,0,0
BRDA:21,0,1,0
BRDA:25,1,0,0
BRDA:25,1,1,0
BRDA:48,2,0,0
BRDA:48,2,1,0
BRDA:48,3,0,0
BRDA:48,3,1,0
BRDA:60,4,0,6
BRDA:60,4,1,6
BRDA:64,5,0,6
BRDA:64,5,1,0
BRF:12
BRH:3
end_of_record
TN:
SF:/Users/edward/Desktop/canopy-frontend/packages/canopy-frontend-common/src/components/Collapse/CollapseContent.js
FN:5,(anonymous_0)
FN:7,(anonymous_1)
FN:9,(anonymous_2)
FN:12,(anonymous_3)
FNF:4
FNH:0
FNDA:0,(anonymous_0)
FNDA:0,(anonymous_1)
FNDA:0,(anonymous_2)
FNDA:0,(anonymous_3)
DA:4,3
DA:6,0
DA:8,0
DA:9,0
DA:12,3
DA:13,0
LF:6
LH:2
BRDA:6,0,0,0
BRDA:6,0,1,0
BRDA:8,1,0,0
BRDA:8,1,1,0
BRDA:9,2,0,0
BRDA:9,2,1,0
BRF:6
BRH:0
end_of_record
TN:
SF:/Users/edward/Desktop/canopy-frontend/packages/canopy-frontend-common/src/components/Collapse/index.js
FNF:0
FNH:0
LF:0
LH:0
BRF:0
BRH:0
end_of_record
TN:
SF:/Users/edward/Desktop/canopy-frontend/packages/canopy-frontend-common/src/components/ConfirmationAlert/ConfirmationAlert.js
FN:23,(anonymous_0)
FNF:1
FNH:0
FNDA:0,(anonymous_0)
DA:4,1
DA:13,1
DA:24,0
LF:3
LH:2
BRF:0
BRH:0
end_of_record
TN:
SF:/Users/edward/Desktop/canopy-frontend/packages/canopy-frontend-common/src/components/ConfirmationAlert/index.js
FN:11,(anonymous_0)
FN:27,(anonymous_1)
FNF:2
FNH:2
FNDA:6,(anonymous_0)
FNDA:2,(anonymous_1)
DA:11,1
DA:19,6
DA:28,2
DA:29,2
DA:30,2
DA:45,1
LF:6
LH:6
BRDA:19,0,0,6
BRDA:19,0,1,5
BRDA:29,1,0,2
BRDA:29,1,1,0
BRF:4
BRH:3
end_of_record
TN:
SF:/Users/edward/Desktop/canopy-frontend/packages/canopy-frontend-common/src/components/ConfirmationAlert/index.web.js
FN:13,ConfirmationAlert
FNF:1
FNH:0
FNDA:0,ConfirmationAlert
DA:1,0
DA:2,0
DA:3,0
DA:4,0
DA:5,0
DA:9,0
DA:11,0
DA:13,0
DA:42,0
LF:9
LH:0
BRDA:21,0,0,0
BRDA:21,0,1,0
BRF:2
BRH:0
end_of_record
TN:
SF:/Users/edward/Desktop/canopy-frontend/packages/canopy-frontend-common/src/components/ConfirmationAlertMulti/ConfirmationAlert.js
FN:23,(anonymous_0)
FNF:1
FNH:0
FNDA:0,(anonymous_0)
DA:4,1
DA:13,1
DA:24,0
LF:3
LH:2
BRF:0
BRH:0
end_of_record
TN:
SF:/Users/edward/Desktop/canopy-frontend/packages/canopy-frontend-common/src/components/ConfirmationAlertMulti/index.js
FN:11,(anonymous_0)
FN:22,(anonymous_1)
FN:28,(anonymous_2)
FNF:3
FNH:1
FNDA:1,(anonymous_0)
FNDA:0,(anonymous_1)
FNDA:0,(anonymous_2)
DA:11,1
DA:17,1
DA:23,0
DA:29,0
DA:30,0
DA:31,0
DA:42,1
LF:7
LH:3
BRDA:17,0,0,1
BRDA:17,0,1,1
BRDA:21,1,0,1
BRDA:21,1,1,0
BRDA:29,2,0,0
BRDA:29,2,1,0
BRDA:30,3,0,0
BRDA:30,3,1,0
BRDA:30,4,0,0
BRDA:30,4,1,0
BRF:10
BRH:3
end_of_record
TN:
SF:/Users/edward/Desktop/canopy-frontend/packages/canopy-frontend-common/src/components/ConfirmationAlertMulti/index.web.js
FN:13,ConfirmationAlertMulti
FN:24,(anonymous_2)
FN:30,onClick
FNF:3
FNH:0
FNDA:0,ConfirmationAlertMulti
FNDA:0,(anonymous_2)
FNDA:0,onClick
DA:1,0
DA:2,0
DA:3,0
DA:4,0
DA:5,0
DA:9,0
DA:11,0
DA:13,0
DA:24,0
DA:31,0
DA:32,0
DA:42,0
LF:12
LH:0
BRDA:17,0,0,0
BRDA:17,0,1,0
BRDA:19,1,0,0
BRDA:19,1,1,0
BRDA:23,2,0,0
BRDA:23,2,1,0
BRDA:31,3,0,0
BRDA:31,3,1,0
BRF:8
BRH:0
end_of_record
TN:
SF:/Users/edward/Desktop/canopy-frontend/packages/canopy-frontend-common/src/components/CreditScoreScale/CreditScoreScale.js
FN:50,(anonymous_0)
FN:54,(anonymous_1)
FN:76,(anonymous_2)
FN:90,(anonymous_3)
FNF:4
FNH:3
FNDA:0,(anonymous_0)
FNDA:8,(anonymous_1)
FNDA:8,(anonymous_2)
FNDA:8,(anonymous_3)
DA:7,1
DA:14,1
DA:25,1
DA:30,1
DA:38,1
DA:44,1
DA:50,0
DA:56,8
DA:58,0
DA:59,0
DA:61,0
DA:62,0
DA:64,8
DA:65,8
DA:67,0
DA:68,0
DA:70,0
DA:73,8
DA:77,8
DA:79,8
DA:91,8
DA:93,8
DA:94,0
DA:96,8
DA:99,8
LF:25
LH:16
BRDA:50,0,0,0
BRDA:50,0,1,0
BRDA:56,1,0,0
BRDA:56,1,1,0
BRDA:56,1,2,8
BRDA:56,1,3,0
BRDA:56,1,4,0
BRDA:93,2,0,0
BRDA:93,2,1,8
BRF:9
BRH:2
end_of_record
TN:
SF:/Users/edward/Desktop/canopy-frontend/packages/canopy-frontend-common/src/components/CreditScoreScale/index.js
FN:4,mapStateToProps
FNF:1
FNH:0
FNDA:0,mapStateToProps
DA:1,0
DA:2,0
DA:4,0
LF:3
LH:0
BRDA:5,0,0,0
BRDA:5,0,1,0
BRF:2
BRH:0
end_of_record
TN:
SF:/Users/edward/Desktop/canopy-frontend/packages/canopy-frontend-common/src/components/DatePicker/DatePicker.js
FN:4,(anonymous_0)
FNF:1
FNH:0
FNDA:0,(anonymous_0)
DA:5,0
LF:1
LH:0
BRF:0
BRH:0
end_of_record
TN:
SF:/Users/edward/Desktop/canopy-frontend/packages/canopy-frontend-common/src/components/DatePicker/DatePicker.web.js
FN:31,(anonymous_0)
FN:32,(anonymous_1)
FN:39,(anonymous_2)
FN:49,(anonymous_3)
FN:57,(anonymous_4)
FN:64,(anonymous_5)
FN:75,(anonymous_6)
FN:85,(anonymous_7)
FN:89,(anonymous_8)
FN:98,(anonymous_9)
FN:102,(anonymous_10)
FN:106,(anonymous_11)
FN:110,(anonymous_12)
FN:117,(anonymous_13)
FN:126,(anonymous_14)
FN:140,(anonymous_15)
FNF:16
FNH:8
FNDA:0,(anonymous_0)
FNDA:0,(anonymous_1)
FNDA:2,(anonymous_2)
FNDA:0,(anonymous_3)
FNDA:24,(anonymous_4)
FNDA:216,(anonymous_5)
FNDA:3,(anonymous_6)
FNDA:0,(anonymous_7)
FNDA:3,(anonymous_8)
FNDA:3,(anonymous_9)
FNDA:0,(anonymous_10)
FNDA:0,(anonymous_11)
FNDA:0,(anonymous_12)
FNDA:3,(anonymous_13)
FNDA:2,(anonymous_14)
FNDA:0,(anonymous_15)
DA:12,1
DA:19,1
DA:24,1
DA:30,1
DA:31,0
DA:32,0
DA:35,1
DA:36,1
DA:37,1
DA:39,1
DA:40,2
DA:42,2
DA:44,2
DA:45,2
DA:46,214
DA:49,2
DA:50,0
DA:51,0
DA:54,2
DA:58,24
DA:65,216
DA:76,3
DA:77,3
DA:83,3
DA:85,3
DA:86,0
DA:89,3
DA:90,3
DA:91,0
DA:95,3
DA:99,3
DA:103,0
DA:107,0
DA:111,0
DA:114,0
DA:118,3
DA:119,3
DA:120,3
DA:127,2
DA:136,3
DA:141,0
LF:41
LH:30
BRDA:42,0,0,2
BRDA:42,0,1,1
BRDA:90,1,0,0
BRDA:90,1,1,3
BRDA:141,2,0,0
BRDA:141,2,1,0
BRDA:151,3,0,0
BRDA:151,3,1,0
BRF:8
BRH:3
end_of_record
TN:
SF:/Users/edward/Desktop/canopy-frontend/packages/canopy-frontend-common/src/components/DatePicker/DatePickerNative.js
FN:20,(anonymous_0)
FN:26,(anonymous_1)
FN:27,(anonymous_2)
FN:32,(anonymous_3)
FNF:4
FNH:0
FNDA:0,(anonymous_0)
FNDA:0,(anonymous_1)
FNDA:0,(anonymous_2)
FNDA:0,(anonymous_3)
DA:8,7
DA:18,7
DA:21,0
DA:22,0
DA:23,0
DA:27,0
DA:28,0
DA:33,0
DA:35,0
DA:56,7
DA:72,7
DA:76,7
LF:12
LH:5
BRF:0
BRH:0
end_of_record
TN:
SF:/Users/edward/Desktop/canopy-frontend/packages/canopy-frontend-common/src/components/DatePicker/index.js
FNF:0
FNH:0
LF:0
LH:0
BRF:0
BRH:0
end_of_record
TN:
SF:/Users/edward/Desktop/canopy-frontend/packages/canopy-frontend-common/src/components/Dialog/Dialog.js
FN:12,(anonymous_0)
FN:16,(anonymous_1)
FNF:2
FNH:1
FNDA:0,(anonymous_0)
FNDA:5,(anonymous_1)
DA:13,0
DA:29,5
DA:31,5
LF:3
LH:2
BRDA:33,0,0,5
BRDA:33,0,1,4
BRDA:39,1,0,5
BRDA:39,1,1,4
BRDA:55,2,0,5
BRDA:55,2,1,3
BRF:6
BRH:6
end_of_record
TN:
SF:/Users/edward/Desktop/canopy-frontend/packages/canopy-frontend-common/src/components/Dialog/Dialog.styles.js
FN:15,(anonymous_0)
FN:28,(anonymous_1)
FN:46,(anonymous_2)
FN:49,(anonymous_3)
FN:56,(anonymous_4)
FNF:5
FNH:0
FNDA:0,(anonymous_0)
FNDA:0,(anonymous_1)
FNDA:0,(anonymous_2)
FNDA:0,(anonymous_3)
FNDA:0,(anonymous_4)
DA:5,3
DA:15,0
DA:24,3
DA:28,0
DA:35,3
DA:44,3
DA:46,0
DA:49,0
DA:52,3
DA:56,0
LF:10
LH:5
BRDA:8,0,0,0
BRDA:8,0,1,3
BRDA:10,1,0,0
BRDA:10,1,1,3
BRDA:18,2,0,3
BRDA:18,2,1,0
BRDA:46,3,0,0
BRDA:46,3,1,0
BRF:8
BRH:3
end_of_record
TN:
SF:/Users/edward/Desktop/canopy-frontend/packages/canopy-frontend-common/src/components/Dialog/index.js
FN:8,(anonymous_0)
FNF:1
FNH:1
FNDA:3,(anonymous_0)
DA:8,3
DA:9,3
DA:11,3
DA:22,3
LF:4
LH:4
BRDA:12,0,0,3
BRDA:12,0,1,2
BRF:2
BRH:2
end_of_record
TN:
SF:/Users/edward/Desktop/canopy-frontend/packages/canopy-frontend-common/src/components/Dialog/index.web.js
FN:10,SimpleDialog
FNF:1
FNH:0
FNDA:0,SimpleDialog
DA:1,0
DA:2,0
DA:3,0
DA:4,0
DA:5,0
DA:6,0
DA:8,0
DA:10,0
DA:11,0
DA:13,0
DA:24,0
LF:11
LH:0
BRDA:14,0,0,0
BRDA:14,0,1,0
BRF:2
BRH:0
end_of_record
TN:
SF:/Users/edward/Desktop/canopy-frontend/packages/canopy-frontend-common/src/components/Diverge/index.js
FN:6,Diverge
FNF:1
FNH:0
FNDA:0,Diverge
DA:1,0
DA:2,0
DA:4,0
DA:6,0
DA:7,0
DA:9,0
DA:10,0
DA:14,0
DA:16,0
LF:9
LH:0
BRDA:7,0,0,0
BRDA:7,0,1,0
BRDA:9,1,0,0
BRDA:9,1,1,0
BRF:4
BRH:0
end_of_record
TN:
SF:/Users/edward/Desktop/canopy-frontend/packages/canopy-frontend-common/src/components/DynamicForm/DynamicForm.js
FN:45,(anonymous_0)
FN:46,(anonymous_1)
FN:47,(anonymous_2)
FN:48,(anonymous_3)
FN:54,(anonymous_4)
FN:56,(anonymous_5)
FN:58,(anonymous_6)
FN:64,(anonymous_7)
FN:77,(anonymous_8)
FN:84,(anonymous_9)
FN:91,(anonymous_10)
FN:109,(anonymous_11)
FN:113,(anonymous_12)
FN:114,(anonymous_13)
FN:126,(anonymous_14)
FN:127,(anonymous_15)
FNF:16
FNH:0
FNDA:0,(anonymous_0)
FNDA:0,(anonymous_1)
FNDA:0,(anonymous_2)
FNDA:0,(anonymous_3)
FNDA:0,(anonymous_4)
FNDA:0,(anonymous_5)
FNDA:0,(anonymous_6)
FNDA:0,(anonymous_7)
FNDA:0,(anonymous_8)
FNDA:0,(anonymous_9)
FNDA:0,(anonymous_10)
FNDA:0,(anonymous_11)
FNDA:0,(anonymous_12)
FNDA:0,(anonymous_13)
FNDA:0,(anonymous_14)
FNDA:0,(anonymous_15)
DA:7,7
DA:20,7
DA:25,7
DA:30,7
DA:35,7
DA:39,7
DA:45,0
DA:46,0
DA:47,0
DA:48,0
DA:51,7
DA:54,0
DA:57,0
DA:58,0
DA:63,7
DA:64,0
DA:67,7
DA:74,7
DA:77,0
DA:81,7
DA:84,0
DA:88,7
DA:91,0
DA:95,7
DA:101,7
DA:108,7
DA:109,0
DA:113,0
DA:114,0
DA:124,7
DA:126,0
DA:127,0
LF:32
LH:16
BRDA:46,0,0,0
BRDA:46,0,1,0
BRDA:47,1,0,0
BRDA:47,1,1,0
BRDA:48,2,0,0
BRDA:48,2,1,0
BRDA:54,3,0,0
BRDA:54,3,1,0
BRDA:57,4,0,0
BRDA:57,4,1,0
BRDA:58,5,0,0
BRDA:58,5,1,0
BRDA:64,6,0,0
BRDA:64,6,1,0
BRDA:68,7,0,0
BRDA:68,7,1,7
BRDA:89,8,0,0
BRDA:89,8,1,7
BRDA:91,9,0,0
BRDA:91,9,1,0
BRDA:96,10,0,0
BRDA:96,10,1,7
BRDA:109,11,0,0
BRDA:109,11,1,0
BRDA:114,12,0,0
BRDA:114,12,1,0
BRDA:126,13,0,0
BRDA:126,13,1,0
BRF:28
BRH:3
end_of_record
TN:
SF:/Users/edward/Desktop/canopy-frontend/packages/canopy-frontend-common/src/components/DynamicForm/index.js
FN:34,(anonymous_0)
FN:54,(anonymous_1)
FN:156,(anonymous_2)
FN:176,(anonymous_3)
FN:191,(anonymous_4)
FN:266,(anonymous_5)
FN:277,(anonymous_6)
FN:304,(anonymous_7)
FN:317,(anonymous_8)
FNF:9
FNH:5
FNDA:21,(anonymous_0)
FNDA:0,(anonymous_1)
FNDA:2,(anonymous_2)
FNDA:0,(anonymous_3)
FNDA:0,(anonymous_4)
FNDA:4,(anonymous_5)
FNDA:24,(anonymous_6)
FNDA:1,(anonymous_7)
FNDA:0,(anonymous_8)
DA:34,7
DA:50,21
DA:51,1
DA:54,20
DA:55,0
DA:56,0
DA:60,20
DA:61,20
DA:62,20
DA:63,20
DA:65,1
DA:67,0
DA:75,0
DA:87,1
DA:99,0
DA:120,0
DA:140,1
DA:148,7
DA:157,2
DA:158,2
DA:171,5
DA:176,0
DA:183,0
DA:192,0
DA:193,0
DA:206,0
DA:224,5
DA:225,1
DA:227,4
DA:228,1
DA:231,3
DA:239,0
DA:266,7
DA:275,4
DA:277,4
DA:278,24
DA:296,24
DA:304,7
DA:305,1
DA:310,7
DA:317,7
DA:321,7
LF:42
LH:30
BRDA:43,0,0,0
BRDA:50,1,0,1
BRDA:50,1,1,20
BRDA:50,2,0,21
BRDA:50,2,1,16
BRDA:55,3,0,0
BRDA:55,3,1,0
BRDA:55,4,0,0
BRDA:55,4,1,0
BRDA:55,4,2,0
BRDA:60,5,0,20
BRDA:60,5,1,1
BRDA:63,6,0,1
BRDA:63,6,1,0
BRDA:63,6,2,0
BRDA:63,6,3,1
BRDA:63,6,4,0
BRDA:63,6,5,0
BRDA:63,6,6,1
BRDA:63,6,7,7
BRDA:63,6,8,5
BRDA:63,6,9,0
BRDA:63,6,10,0
BRDA:63,6,11,5
BRDA:63,6,12,0
BRDA:122,7,0,0
BRDA:122,7,1,0
BRDA:129,8,0,0
BRDA:129,8,1,0
BRDA:131,9,0,0
BRDA:131,9,1,0
BRDA:150,10,0,7
BRDA:150,10,1,0
BRDA:155,11,0,3
BRDA:155,11,1,4
BRDA:165,12,0,7
BRDA:165,12,1,0
BRDA:167,13,0,7
BRDA:167,13,1,0
BRDA:178,14,0,5
BRDA:178,14,1,1
BRDA:185,15,0,0
BRDA:185,15,1,0
BRDA:190,16,0,0
BRDA:190,16,1,0
BRDA:208,17,0,0
BRDA:208,17,1,0
BRDA:214,18,0,0
BRDA:214,18,1,0
BRDA:224,19,0,1
BRDA:224,19,1,4
BRDA:227,20,0,1
BRDA:227,20,1,3
BRDA:241,21,0,0
BRDA:241,21,1,0
BRDA:247,22,0,0
BRDA:247,22,1,0
BRDA:253,23,0,0
BRDA:253,23,1,0
BRDA:258,24,0,0
BRDA:258,24,1,0
BRDA:268,25,0,4
BRF:62
BRH:24
end_of_record
TN:
SF:/Users/edward/Desktop/canopy-frontend/packages/canopy-frontend-common/src/components/EmailContainer/EmailContainer.js
FN:29,(anonymous_0)
FNF:1
FNH:0
FNDA:0,(anonymous_0)
DA:4,2
DA:12,2
DA:20,2
DA:26,2
DA:29,0
DA:32,2
DA:36,2
DA:42,2
DA:47,2
LF:9
LH:8
BRF:0
BRH:0
end_of_record
TN:
SF:/Users/edward/Desktop/canopy-frontend/packages/canopy-frontend-common/src/components/EmailContainer/index.js
FN:15,(anonymous_0)
FN:27,(anonymous_1)
FNF:2
FNH:2
FNDA:4,(anonymous_0)
FNDA:1,(anonymous_1)
DA:15,2
DA:24,4
DA:28,1
DA:53,2
LF:4
LH:4
BRDA:32,0,0,2
BRDA:32,0,1,2
BRDA:36,1,0,2
BRDA:36,1,1,2
BRF:4
BRH:4
end_of_record
TN:
SF:/Users/edward/Desktop/canopy-frontend/packages/canopy-frontend-common/src/components/FacebookLogin/index.js
FN:9,(anonymous_0)
FN:11,(anonymous_1)
FN:16,(anonymous_2)
FN:31,(anonymous_3)
FN:38,(anonymous_4)
FNF:5
FNH:1
FNDA:0,(anonymous_0)
FNDA:0,(anonymous_1)
FNDA:0,(anonymous_2)
FNDA:0,(anonymous_3)
FNDA:1,(anonymous_4)
DA:10,0
DA:12,0
DA:14,0
DA:16,0
DA:18,0
DA:33,0
DA:39,1
DA:54,1
LF:8
LH:2
BRDA:12,0,0,0
BRDA:12,0,1,0
BRF:2
BRH:0
end_of_record
TN:
SF:/Users/edward/Desktop/canopy-frontend/packages/canopy-frontend-common/src/components/FacebookLogin/index.web.js
FN:30,(anonymous_10)
FN:11,(anonymous_12)
FN:19,(anonymous_13)
FNF:3
FNH:0
FNDA:0,(anonymous_10)
FNDA:0,(anonymous_12)
FNDA:0,(anonymous_13)
DA:3,0
DA:4,0
DA:5,0
DA:6,0
DA:7,0
DA:11,0
DA:12,0
DA:19,0
DA:20,0
DA:21,0
DA:22,0
DA:23,0
DA:24,0
DA:25,0
DA:30,0
DA:31,0
DA:32,0
DA:37,0
DA:44,0
DA:52,0
LF:20
LH:0
BRDA:31,0,0,0
BRDA:31,0,1,0
BRDA:22,1,0,0
BRDA:22,1,1,0
BRF:4
BRH:0
end_of_record
TN:
SF:/Users/edward/Desktop/canopy-frontend/packages/canopy-frontend-common/src/components/FileUpload/FileUpload.js
FN:5,(anonymous_0)
FNF:1
FNH:0
FNDA:0,(anonymous_0)
DA:6,0
LF:1
LH:0
BRF:0
BRH:0
end_of_record
TN:
SF:/Users/edward/Desktop/canopy-frontend/packages/canopy-frontend-common/src/components/FileUpload/FileUpload.web.js
FN:4,FileUpload
FNF:1
FNH:0
FNDA:0,FileUpload
DA:1,0
DA:2,0
DA:4,0
DA:6,0
LF:4
LH:0
BRF:0
BRH:0
end_of_record
TN:
SF:/Users/edward/Desktop/canopy-frontend/packages/canopy-frontend-common/src/components/FileUpload/WebFileUpload.js
FN:13,(anonymous_0)
FN:30,(anonymous_1)
FN:41,(anonymous_2)
FN:49,(anonymous_3)
FN:55,(anonymous_4)
FN:64,(anonymous_5)
FN:71,(anonymous_6)
FN:78,(anonymous_7)
FN:83,(anonymous_8)
FN:93,(anonymous_9)
FN:102,(anonymous_10)
FN:110,(anonymous_11)
FNF:12
FNH:6
FNDA:1,(anonymous_0)
FNDA:0,(anonymous_1)
FNDA:0,(anonymous_2)
FNDA:0,(anonymous_3)
FNDA:0,(anonymous_4)
FNDA:4,(anonymous_5)
FNDA:1,(anonymous_6)
FNDA:0,(anonymous_7)
FNDA:1,(anonymous_8)
FNDA:0,(anonymous_9)
FNDA:6,(anonymous_10)
FNDA:1,(anonymous_11)
DA:10,1
DA:13,1
DA:16,1
DA:21,1
DA:27,1
DA:30,0
DA:37,1
DA:41,0
DA:47,1
DA:49,0
DA:52,1
DA:55,0
DA:59,1
DA:65,4
DA:66,4
DA:72,1
DA:73,1
DA:79,0
DA:80,0
DA:84,1
DA:85,1
DA:86,1
DA:88,1
DA:93,0
DA:103,6
DA:104,6
DA:106,6
DA:111,1
DA:134,1
LF:29
LH:22
BRDA:13,0,0,1
BRDA:13,0,1,0
BRDA:96,1,0,1
BRDA:96,1,1,0
BRDA:96,1,2,0
BRDA:103,2,0,2
BRF:6
BRH:3
end_of_record
TN:
SF:/Users/edward/Desktop/canopy-frontend/packages/canopy-frontend-common/src/components/FileUpload/index.js
FNF:0
FNH:0
LF:0
LH:0
BRF:0
BRH:0
end_of_record
TN:
SF:/Users/edward/Desktop/canopy-frontend/packages/canopy-frontend-common/src/components/FormPage/FormPage.js
FN:25,(anonymous_0)
FN:25,(anonymous_1)
FN:33,(anonymous_2)
FN:39,(anonymous_3)
FN:53,(anonymous_4)
FN:80,(anonymous_5)
FN:86,(anonymous_6)
FN:160,(anonymous_7)
FN:199,(anonymous_8)
FNF:9
FNH:7
FNDA:9,(anonymous_0)
FNDA:1,(anonymous_1)
FNDA:1,(anonymous_2)
FNDA:1,(anonymous_3)
FNDA:9,(anonymous_4)
FNDA:1,(anonymous_5)
FNDA:9,(anonymous_6)
FNDA:0,(anonymous_7)
FNDA:0,(anonymous_8)
DA:25,9
DA:26,1
DA:27,1
DA:28,1
DA:33,1
DA:34,1
DA:39,1
DA:40,1
DA:43,1
DA:46,0
DA:47,0
DA:50,0
DA:54,9
DA:56,9
DA:57,9
DA:66,9
DA:67,9
DA:77,9
DA:81,1
DA:82,0
DA:87,9
DA:99,9
DA:101,9
DA:102,9
DA:110,9
DA:112,9
DA:114,9
DA:115,1
DA:118,9
DA:156,0
DA:160,6
DA:161,0
DA:170,6
DA:174,6
DA:199,6
LF:35
LH:29
BRDA:26,0,0,1
BRDA:28,1,0,1
BRDA:28,1,1,0
BRDA:33,2,0,1
BRDA:33,2,1,0
BRDA:46,3,0,0
BRDA:46,3,1,0
BRDA:46,4,0,0
BRDA:46,4,1,0
BRDA:56,5,0,9
BRDA:56,5,1,0
BRDA:66,6,0,9
BRDA:66,6,1,0
BRDA:81,7,0,0
BRDA:81,7,1,1
BRDA:81,8,0,1
BRDA:81,8,1,0
BRDA:101,9,0,9
BRDA:101,9,1,0
BRDA:102,10,0,9
BRDA:102,10,1,8
BRDA:105,11,0,9
BRDA:106,12,0,9
BRDA:107,13,0,8
BRDA:114,14,0,1
BRDA:114,14,1,8
BRDA:136,15,0,9
BRDA:136,15,1,8
BRDA:145,16,0,8
BRDA:145,16,1,0
BRDA:148,17,0,8
BRDA:148,17,1,0
BRDA:162,18,0,0
BRDA:162,18,1,0
BRF:34
BRH:19
end_of_record
TN:
SF:/Users/edward/Desktop/canopy-frontend/packages/canopy-frontend-common/src/components/FormPage/index.js
FN:6,(anonymous_0)
FN:11,(anonymous_1)
FN:11,(anonymous_2)
FNF:3
FNH:0
FNDA:0,(anonymous_0)
FNDA:0,(anonymous_1)
FNDA:0,(anonymous_2)
DA:6,5
DA:10,5
DA:11,0
LF:3
LH:2
BRF:0
BRH:0
end_of_record
TN:
SF:/Users/edward/Desktop/canopy-frontend/packages/canopy-frontend-common/src/components/HeaderPropertySummary/HeaderPropertySummary.js
FN:24,(anonymous_0)
FN:54,(anonymous_1)
FN:74,(anonymous_2)
FN:81,(anonymous_3)
FNF:4
FNH:2
FNDA:4,(anonymous_0)
FNDA:1,(anonymous_1)
FNDA:0,(anonymous_2)
FNDA:0,(anonymous_3)
DA:24,2
DA:25,4
DA:26,4
DA:27,4
DA:34,4
DA:36,4
DA:54,1
DA:62,0
DA:65,2
DA:74,2
DA:81,2
LF:11
LH:10
BRDA:25,0,0,4
BRDA:25,0,1,0
BRF:2
BRH:1
end_of_record
TN:
SF:/Users/edward/Desktop/canopy-frontend/packages/canopy-frontend-common/src/components/HeaderPropertySummary/HeaderPropertySummary.style.js
FN:6,(anonymous_0)
FN:11,(anonymous_1)
FN:25,(anonymous_2)
FN:40,(anonymous_3)
FN:45,(anonymous_4)
FNF:5
FNH:0
FNDA:0,(anonymous_0)
FNDA:0,(anonymous_1)
FNDA:0,(anonymous_2)
FNDA:0,(anonymous_3)
FNDA:0,(anonymous_4)
DA:5,2
DA:7,0
DA:9,2
DA:12,0
DA:18,2
DA:24,2
DA:25,0
DA:27,2
DA:31,2
DA:34,2
DA:38,2
DA:40,0
DA:44,2
DA:45,0
DA:47,2
DA:50,2
LF:16
LH:11
BRF:0
BRH:0
end_of_record
TN:
SF:/Users/edward/Desktop/canopy-frontend/packages/canopy-frontend-common/src/components/HeaderPropertySummary/index.js
FNF:0
FNH:0
LF:0
LH:0
BRF:0
BRH:0
end_of_record
TN:
SF:/Users/edward/Desktop/canopy-frontend/packages/canopy-frontend-common/src/components/Icon/index.js
FNF:0
FNH:0
DA:4,71
LF:1
LH:1
BRF:0
BRH:0
end_of_record
TN:
SF:/Users/edward/Desktop/canopy-frontend/packages/canopy-frontend-common/src/components/IconWithContent/IconWithContent.js
FN:12,(anonymous_0)
FN:13,(anonymous_1)
FN:14,(anonymous_2)
FN:15,(anonymous_3)
FN:16,(anonymous_4)
FN:23,(anonymous_5)
FN:24,(anonymous_6)
FN:25,(anonymous_7)
FN:34,(anonymous_8)
FN:35,(anonymous_9)
FN:42,(anonymous_10)
FN:43,(anonymous_11)
FN:44,(anonymous_12)
FN:47,(anonymous_13)
FNF:14
FNH:1
FNDA:0,(anonymous_0)
FNDA:0,(anonymous_1)
FNDA:0,(anonymous_2)
FNDA:0,(anonymous_3)
FNDA:0,(anonymous_4)
FNDA:0,(anonymous_5)
FNDA:0,(anonymous_6)
FNDA:0,(anonymous_7)
FNDA:0,(anonymous_8)
FNDA:0,(anonymous_9)
FNDA:0,(anonymous_10)
FNDA:0,(anonymous_11)
FNDA:0,(anonymous_12)
FNDA:8,(anonymous_13)
DA:7,2
DA:12,0
DA:13,0
DA:14,0
DA:15,0
DA:16,0
DA:20,2
DA:23,0
DA:24,0
DA:25,0
DA:31,2
DA:34,0
DA:35,0
DA:39,2
DA:42,0
DA:43,0
DA:44,0
DA:47,2
DA:60,8
DA:76,2
LF:20
LH:7
BRDA:12,0,0,0
BRDA:12,0,1,0
BRDA:13,1,0,0
BRDA:13,1,1,0
BRDA:15,2,0,0
BRDA:15,2,1,0
BRDA:16,3,0,0
BRDA:16,3,1,0
BRDA:24,4,0,0
BRDA:24,4,1,0
BRDA:25,5,0,0
BRDA:25,5,1,0
BRDA:34,6,0,0
BRDA:34,6,1,0
BRDA:35,7,0,0
BRDA:35,7,1,0
BRDA:42,8,0,0
BRDA:42,8,1,0
BRDA:43,9,0,0
BRDA:43,9,1,0
BRDA:44,10,0,0
BRDA:44,10,1,0
BRDA:52,11,0,7
BRDA:53,12,0,7
BRDA:61,13,0,2
BRDA:61,13,1,6
BRDA:62,14,0,2
BRDA:62,14,1,0
BRDA:65,15,0,6
BRDA:65,15,1,0
BRDA:68,16,0,8
BRDA:68,16,1,1
BRF:32
BRH:8
end_of_record
TN:
SF:/Users/edward/Desktop/canopy-frontend/packages/canopy-frontend-common/src/components/IconWithContent/index.js
FNF:0
FNH:0
LF:0
LH:0
BRF:0
BRH:0
end_of_record
TN:
SF:/Users/edward/Desktop/canopy-frontend/packages/canopy-frontend-common/src/components/Image/index.js
FNF:0
FNH:0
DA:1,0
DA:2,0
DA:4,0
LF:3
LH:0
BRF:0
BRH:0
end_of_record
TN:
SF:/Users/edward/Desktop/canopy-frontend/packages/canopy-frontend-common/src/components/ImagePreview/ImagePreview.js
FN:3,ImagePreview
FNF:1
FNH:0
FNDA:0,ImagePreview
DA:1,0
DA:3,0
LF:2
LH:0
BRF:0
BRH:0
end_of_record
TN:
SF:/Users/edward/Desktop/canopy-frontend/packages/canopy-frontend-common/src/components/ImagePreview/ImagePreview.web.js
FN:7,ImagePreview
FNF:1
FNH:0
FNDA:0,ImagePreview
DA:1,0
DA:2,0
DA:3,0
DA:4,0
DA:5,0
DA:7,0
DA:21,0
DA:27,0
DA:33,0
LF:9
LH:0
BRDA:7,0,0,0
BRDA:7,0,1,0
BRF:2
BRH:0
end_of_record
TN:
SF:/Users/edward/Desktop/canopy-frontend/packages/canopy-frontend-common/src/components/ImagePreview/index.js
FNF:0
FNH:0
DA:1,0
LF:1
LH:0
BRF:0
BRH:0
end_of_record
TN:
SF:/Users/edward/Desktop/canopy-frontend/packages/canopy-frontend-common/src/components/ImageUpload/ImageUpload.js
FN:3,ImageUpload
FNF:1
FNH:0
FNDA:0,ImageUpload
DA:1,0
DA:3,0
LF:2
LH:0
BRF:0
BRH:0
end_of_record
TN:
SF:/Users/edward/Desktop/canopy-frontend/packages/canopy-frontend-common/src/components/ImageUpload/ImageUpload.web.js
FN:4,ImageUpload
FNF:1
FNH:0
FNDA:0,ImageUpload
DA:1,0
DA:2,0
DA:4,0
DA:6,0
LF:4
LH:0
BRF:0
BRH:0
end_of_record
TN:
SF:/Users/edward/Desktop/canopy-frontend/packages/canopy-frontend-common/src/components/ImageUpload/WebUpload.js
FN:17,(anonymous_0)
FN:22,(anonymous_1)
FN:27,(anonymous_2)
FN:80,(anonymous_3)
FN:81,(anonymous_4)
FNF:5
FNH:2
FNDA:10,(anonymous_0)
FNDA:0,(anonymous_1)
FNDA:10,(anonymous_2)
FNDA:0,(anonymous_3)
FNDA:0,(anonymous_4)
DA:18,10
DA:19,10
DA:23,0
DA:24,0
DA:38,10
DA:40,10
DA:54,10
DA:73,1
DA:80,0
DA:81,0
LF:10
LH:6
BRDA:51,0,0,10
BRDA:51,0,1,0
BRF:2
BRH:1
end_of_record
TN:
SF:/Users/edward/Desktop/canopy-frontend/packages/canopy-frontend-common/src/components/ImageUpload/index.js
FNF:0
FNH:0
DA:1,0
LF:1
LH:0
BRF:0
BRH:0
end_of_record
TN:
SF:/Users/edward/Desktop/canopy-frontend/packages/canopy-frontend-common/src/components/ImagesUpload/ImagesUpload.js
FN:3,(anonymous_0)
FNF:1
FNH:0
FNDA:0,(anonymous_0)
DA:3,7
DA:4,0
LF:2
LH:1
BRF:0
BRH:0
end_of_record
TN:
SF:/Users/edward/Desktop/canopy-frontend/packages/canopy-frontend-common/src/components/ImagesUpload/ImagesUpload.styles.js
FN:10,(anonymous_0)
FN:24,(anonymous_1)
FN:39,(anonymous_2)
FN:50,(anonymous_3)
FN:106,(anonymous_4)
FN:115,(anonymous_5)
FNF:6
FNH:0
FNDA:0,(anonymous_0)
FNDA:0,(anonymous_1)
FNDA:0,(anonymous_2)
FNDA:0,(anonymous_3)
FNDA:0,(anonymous_4)
FNDA:0,(anonymous_5)
DA:7,1
DA:10,0
DA:13,1
DA:21,1
DA:24,0
DA:31,1
DA:39,0
DA:42,1
DA:47,1
DA:50,0
DA:54,1
DA:58,1
DA:62,1
DA:64,1
DA:70,1
DA:80,1
DA:88,1
DA:96,1
DA:101,1
DA:106,0
DA:110,1
DA:115,0
DA:119,1
DA:126,1
DA:130,1
LF:25
LH:19
BRDA:10,0,0,0
BRDA:10,0,1,0
BRF:2
BRH:0
end_of_record
TN:
SF:/Users/edward/Desktop/canopy-frontend/packages/canopy-frontend-common/src/components/ImagesUpload/ImagesUpload.web.js
FN:4,ImagesUpload
FNF:1
FNH:0
FNDA:0,ImagesUpload
DA:1,0
DA:2,0
DA:4,0
DA:6,0
LF:4
LH:0
BRF:0
BRH:0
end_of_record
TN:
SF:/Users/edward/Desktop/canopy-frontend/packages/canopy-frontend-common/src/components/ImagesUpload/WebImageUpload.js
FN:29,(anonymous_0)
FN:36,(anonymous_1)
FN:42,(anonymous_2)
FN:48,(anonymous_3)
FN:55,(anonymous_4)
FN:64,(anonymous_5)
FN:75,(anonymous_6)
FN:82,(anonymous_7)
FN:95,(anonymous_8)
FNF:9
FNH:8
FNDA:6,(anonymous_0)
FNDA:1,(anonymous_1)
FNDA:0,(anonymous_2)
FNDA:1,(anonymous_3)
FNDA:2,(anonymous_4)
FNDA:1,(anonymous_5)
FNDA:6,(anonymous_6)
FNDA:3,(anonymous_7)
FNDA:1,(anonymous_8)
DA:30,6
DA:31,6
DA:37,1
DA:38,1
DA:39,1
DA:43,0
DA:49,1
DA:50,1
DA:51,1
DA:52,1
DA:56,2
DA:57,2
DA:59,2
DA:64,1
DA:76,6
DA:78,6
DA:83,3
DA:96,1
DA:123,1
LF:19
LH:18
BRDA:110,0,0,3
BRDA:110,0,1,2
BRF:2
BRH:2
end_of_record
TN:
SF:/Users/edward/Desktop/canopy-frontend/packages/canopy-frontend-common/src/components/ImagesUpload/index.js
FN:5,(anonymous_0)
FNF:1
FNH:1
FNDA:1,(anonymous_0)
DA:5,7
DA:8,7
DA:17,7
LF:3
LH:3
BRF:0
BRH:0
end_of_record
TN:
SF:/Users/edward/Desktop/canopy-frontend/packages/canopy-frontend-common/src/components/InputField/inputField.js
FN:17,(anonymous_0)
FN:23,(anonymous_1)
FN:41,(anonymous_2)
FN:64,(anonymous_3)
FN:72,(anonymous_4)
FN:84,(anonymous_5)
FNF:6
FNH:1
FNDA:0,(anonymous_0)
FNDA:0,(anonymous_1)
FNDA:0,(anonymous_2)
FNDA:0,(anonymous_3)
FNDA:0,(anonymous_4)
FNDA:1,(anonymous_5)
DA:18,0
DA:19,0
DA:42,0
DA:44,0
DA:65,0
DA:73,0
DA:84,9
DA:88,9
DA:92,9
LF:9
LH:3
BRDA:18,0,0,0
BRDA:18,0,1,0
BRDA:36,1,0,0
BRDA:38,2,0,0
BRDA:41,3,0,0
BRDA:48,4,0,0
BRDA:48,4,1,0
BRDA:53,5,0,0
BRDA:53,5,1,0
BRDA:54,6,0,0
BRDA:54,6,1,0
BRDA:65,7,0,0
BRDA:65,7,1,0
BRDA:70,8,0,0
BRDA:70,8,1,0
BRF:15
BRH:0
end_of_record
TN:
SF:/Users/edward/Desktop/canopy-frontend/packages/canopy-frontend-common/src/components/InputField/inputField.style.js
FNF:0
FNH:0
DA:4,9
DA:13,9
DA:17,9
DA:29,9
LF:4
LH:4
BRF:0
BRH:0
end_of_record
TN:
SF:/Users/edward/Desktop/canopy-frontend/packages/canopy-frontend-common/src/components/Link/Link.js
FN:9,Link
FNF:1
FNH:0
FNDA:0,Link
DA:1,0
DA:2,0
DA:3,0
DA:4,0
DA:5,0
DA:9,0
DA:15,0
LF:7
LH:0
BRDA:10,0,0,0
BRDA:10,0,1,0
BRDA:10,1,0,0
BRDA:10,1,1,0
BRF:4
BRH:0
end_of_record
TN:
SF:/Users/edward/Desktop/canopy-frontend/packages/canopy-frontend-common/src/components/Link/index.js
FNF:0
FNH:0
DA:1,0
LF:1
LH:0
BRF:0
BRH:0
end_of_record
TN:
SF:/Users/edward/Desktop/canopy-frontend/packages/canopy-frontend-common/src/components/LocalePicker/LocalePicker.js
FN:10,(anonymous_0)
FN:18,(anonymous_1)
FN:23,(anonymous_2)
FN:25,(anonymous_3)
FNF:4
FNH:4
FNDA:6,(anonymous_0)
FNDA:2,(anonymous_1)
FNDA:2,(anonymous_2)
FNDA:10,(anonymous_3)
DA:11,6
DA:13,6
DA:19,2
DA:20,2
DA:23,2
DA:26,10
DA:27,10
DA:29,10
DA:30,4
DA:39,6
DA:50,1
LF:11
LH:11
BRDA:29,0,0,4
BRDA:29,0,1,6
BRDA:29,1,0,10
BRDA:29,1,1,8
BRF:4
BRH:4
end_of_record
TN:
SF:/Users/edward/Desktop/canopy-frontend/packages/canopy-frontend-common/src/components/LocalePicker/LocalePicker.style.js
FNF:0
FNH:0
DA:4,1
LF:1
LH:1
BRF:0
BRH:0
end_of_record
TN:
SF:/Users/edward/Desktop/canopy-frontend/packages/canopy-frontend-common/src/components/LocalePicker/index.js
FN:5,(anonymous_0)
FN:8,(anonymous_1)
FN:9,(anonymous_2)
FNF:3
FNH:2
FNDA:1,(anonymous_0)
FNDA:1,(anonymous_1)
FNDA:0,(anonymous_2)
DA:5,1
DA:8,1
DA:9,0
LF:3
LH:2
BRF:0
BRH:0
end_of_record
TN:
SF:/Users/edward/Desktop/canopy-frontend/packages/canopy-frontend-common/src/components/Menu/Menu.js
FN:28,Menu
FN:32,onPress
FN:35,(anonymous_3)
FN:37,onPress
FNF:4
FNH:0
FNDA:0,Menu
FNDA:0,onPress
FNDA:0,(anonymous_3)
FNDA:0,onPress
DA:1,0
DA:2,0
DA:3,0
DA:5,0
DA:28,0
DA:32,0
DA:35,0
DA:37,0
DA:48,0
LF:9
LH:0
BRDA:29,0,0,0
BRDA:29,0,1,0
BRDA:29,0,2,0
BRF:3
BRH:0
end_of_record
TN:
SF:/Users/edward/Desktop/canopy-frontend/packages/canopy-frontend-common/src/components/Menu/index.js
FN:5,mapStateToProps
FNF:1
FNH:0
FNDA:0,mapStateToProps
DA:1,0
DA:2,0
DA:3,0
DA:5,0
DA:11,0
LF:5
LH:0
BRF:0
BRH:0
end_of_record
TN:
SF:/Users/edward/Desktop/canopy-frontend/packages/canopy-frontend-common/src/components/Modal/Modal.js
FN:5,(anonymous_0)
FN:12,(anonymous_1)
FN:32,(anonymous_2)
FNF:3
FNH:0
FNDA:0,(anonymous_0)
FNDA:0,(anonymous_1)
FNDA:0,(anonymous_2)
DA:4,2
DA:5,0
DA:12,0
DA:16,2
DA:20,2
DA:26,2
DA:31,2
DA:32,0
LF:8
LH:5
BRF:0
BRH:0
end_of_record
TN:
SF:/Users/edward/Desktop/canopy-frontend/packages/canopy-frontend-common/src/components/Modal/index.js
FN:18,(anonymous_0)
FN:26,(anonymous_1)
FN:40,(anonymous_2)
FN:53,(anonymous_3)
FN:66,(anonymous_4)
FN:85,(anonymous_5)
FN:139,(anonymous_6)
FN:140,(anonymous_7)
FN:145,(anonymous_8)
FNF:9
FNH:5
FNDA:9,(anonymous_0)
FNDA:0,(anonymous_1)
FNDA:1,(anonymous_2)
FNDA:1,(anonymous_3)
FNDA:8,(anonymous_4)
FNDA:9,(anonymous_5)
FNDA:0,(anonymous_6)
FNDA:0,(anonymous_7)
FNDA:0,(anonymous_8)
DA:19,9
DA:21,9
DA:27,0
DA:28,0
DA:33,0
DA:34,0
DA:41,1
DA:54,1
DA:67,8
DA:69,8
DA:70,1
DA:82,7
DA:94,9
DA:95,9
DA:96,9
DA:97,9
DA:98,9
DA:100,9
DA:129,2
DA:133,2
DA:139,2
DA:141,0
DA:145,2
LF:23
LH:18
BRDA:27,0,0,0
BRDA:27,0,1,0
BRDA:33,1,0,0
BRDA:33,1,1,0
BRDA:69,2,0,1
BRDA:69,2,1,7
BRDA:97,3,0,9
BRDA:97,3,1,1
BRDA:101,4,0,9
BRDA:101,4,1,8
BRDA:103,5,0,8
BRDA:103,5,1,8
BRDA:104,6,0,8
BRDA:104,6,1,8
BRDA:116,7,0,8
BRDA:116,7,1,1
BRDA:118,8,0,8
BRDA:118,8,1,1
BRDA:141,9,0,0
BRDA:141,9,1,0
BRDA:141,9,2,0
BRDA:147,10,0,0
BRDA:147,10,1,0
BRF:23
BRH:14
end_of_record
TN:
SF:/Users/edward/Desktop/canopy-frontend/packages/canopy-frontend-common/src/components/MultiPageForm/index.js
FN:35,(anonymous_0)
FN:42,(anonymous_1)
FN:54,(anonymous_2)
FN:71,(anonymous_3)
FN:84,(anonymous_4)
FN:93,(anonymous_5)
FN:101,(anonymous_6)
FN:111,(anonymous_7)
FN:132,(anonymous_8)
FN:163,(anonymous_9)
FN:202,(anonymous_10)
FN:218,(anonymous_11)
FN:242,(anonymous_12)
FN:251,(anonymous_13)
FN:251,(anonymous_14)
FN:258,(anonymous_15)
FN:258,(anonymous_16)
FN:260,(anonymous_17)
FN:260,(anonymous_18)
FNF:19
FNH:12
FNDA:30,(anonymous_0)
FNDA:1,(anonymous_1)
FNDA:30,(anonymous_2)
FNDA:17,(anonymous_3)
FNDA:2,(anonymous_4)
FNDA:30,(anonymous_5)
FNDA:30,(anonymous_6)
FNDA:30,(anonymous_7)
FNDA:30,(anonymous_8)
FNDA:7,(anonymous_9)
FNDA:5,(anonymous_10)
FNDA:37,(anonymous_11)
FNDA:0,(anonymous_12)
FNDA:0,(anonymous_13)
FNDA:0,(anonymous_14)
FNDA:0,(anonymous_15)
FNDA:0,(anonymous_16)
FNDA:0,(anonymous_17)
FNDA:0,(anonymous_18)
DA:36,30
DA:37,30
DA:49,1
DA:50,1
DA:51,1
DA:55,30
DA:56,30
DA:57,30
DA:58,29
DA:59,12
DA:60,0
DA:62,12
DA:63,1
DA:64,1
DA:66,11
DA:80,17
DA:82,17
DA:83,17
DA:84,10
DA:85,10
DA:86,10
DA:88,7
DA:89,7
DA:99,30
DA:100,30
DA:101,30
DA:103,30
DA:104,30
DA:106,30
DA:107,29
DA:120,30
DA:122,30
DA:124,30
DA:125,6
DA:127,30
DA:128,2
DA:142,30
DA:143,30
DA:144,0
DA:146,0
DA:148,30
DA:149,30
DA:150,30
DA:152,0
DA:154,30
DA:155,30
DA:156,30
DA:157,30
DA:158,30
DA:164,7
DA:165,0
DA:167,0
DA:169,0
DA:170,0
DA:174,7
DA:182,7
DA:183,7
DA:184,7
DA:185,0
DA:188,7
DA:189,7
DA:190,6
DA:191,6
DA:192,6
DA:193,6
DA:194,4
DA:196,2
DA:208,5
DA:209,5
DA:210,5
DA:211,1
DA:213,5
DA:214,5
DA:215,5
DA:227,37
DA:229,37
DA:242,1
DA:250,1
DA:251,0
DA:258,0
DA:259,0
DA:260,0
DA:261,0
DA:265,1
LF:84
LH:70
BRDA:57,0,0,29
BRDA:57,0,1,1
BRDA:57,1,0,30
BRDA:57,1,1,29
BRDA:59,2,0,0
BRDA:59,2,1,12
BRDA:62,3,0,1
BRDA:62,3,1,11
BRDA:62,4,0,12
BRDA:62,4,1,1
BRDA:82,5,0,3
BRDA:82,5,1,14
BRDA:83,6,0,10
BRDA:83,6,1,7
BRDA:106,7,0,29
BRDA:106,7,1,1
BRDA:106,8,0,30
BRDA:106,8,1,29
BRDA:106,8,2,29
BRDA:124,9,0,6
BRDA:124,9,1,24
BRDA:124,10,0,30
BRDA:124,10,1,30
BRDA:127,11,0,2
BRDA:127,11,1,28
BRDA:127,12,0,30
BRDA:127,12,1,3
BRDA:143,13,0,0
BRDA:143,13,1,30
BRDA:149,14,0,30
BRDA:149,14,1,0
BRDA:149,15,0,30
BRDA:149,15,1,30
BRDA:154,16,0,30
BRDA:154,16,1,1
BRDA:154,16,2,30
BRDA:155,17,0,30
BRDA:155,17,1,0
BRDA:157,18,0,30
BRDA:157,18,1,0
BRDA:164,19,0,0
BRDA:164,19,1,7
BRDA:165,20,0,0
BRDA:165,20,1,0
BRDA:167,21,0,0
BRDA:167,21,1,0
BRDA:167,21,2,0
BRDA:184,22,0,0
BRDA:184,22,1,7
BRDA:189,23,0,6
BRDA:189,23,1,1
BRDA:191,24,0,6
BRDA:191,24,1,0
BRDA:193,25,0,4
BRDA:193,25,1,2
BRDA:210,26,0,1
BRDA:210,26,1,4
BRDA:245,27,0,0
BRDA:245,27,1,0
BRDA:247,28,0,0
BRDA:247,28,1,0
BRF:61
BRH:44
end_of_record
TN:
SF:/Users/edward/Desktop/canopy-frontend/packages/canopy-frontend-common/src/components/NotificationPanel/NotificationPanel.js
FN:5,(anonymous_0)
FN:8,(anonymous_1)
FN:9,(anonymous_2)
FN:18,(anonymous_3)
FN:20,(anonymous_4)
FN:28,(anonymous_5)
FNF:6
FNH:0
FNDA:0,(anonymous_0)
FNDA:0,(anonymous_1)
FNDA:0,(anonymous_2)
FNDA:0,(anonymous_3)
FNDA:0,(anonymous_4)
FNDA:0,(anonymous_5)
DA:4,4
DA:6,0
DA:8,0
DA:9,0
DA:19,0
DA:21,0
DA:24,4
DA:28,0
DA:31,4
LF:9
LH:3
BRDA:6,0,0,0
BRDA:6,0,1,0
BRDA:6,1,0,0
BRDA:6,1,1,0
BRDA:8,2,0,0
BRDA:8,2,1,0
BRDA:8,3,0,0
BRDA:8,3,1,0
BRDA:9,4,0,0
BRDA:9,4,1,0
BRDA:19,5,0,0
BRDA:19,5,1,0
BRDA:19,6,0,0
BRDA:19,6,1,0
BRDA:21,7,0,0
BRDA:21,7,1,0
BRDA:21,8,0,0
BRDA:21,8,1,0
BRDA:28,9,0,0
BRDA:28,9,1,0
BRF:20
BRH:0
end_of_record
TN:
SF:/Users/edward/Desktop/canopy-frontend/packages/canopy-frontend-common/src/components/NotificationPanel/index.js
FN:11,(anonymous_0)
FNF:1
FNH:1
FNDA:9,(anonymous_0)
DA:11,4
DA:24,9
DA:26,9
DA:27,9
DA:64,0
DA:67,4
DA:70,4
LF:7
LH:6
BRDA:26,0,0,9
BRDA:26,0,1,0
BRDA:26,1,0,9
BRDA:26,1,1,1
BRDA:33,2,0,9
BRDA:33,2,1,0
BRDA:35,3,0,9
BRDA:35,3,1,8
BRDA:40,4,0,8
BRDA:40,4,1,6
BRDA:44,5,0,8
BRDA:44,5,1,6
BRDA:44,5,2,6
BRDA:48,6,0,8
BRDA:48,6,1,8
BRDA:59,7,0,9
BRDA:59,7,1,1
BRF:17
BRH:15
end_of_record
TN:
SF:/Users/edward/Desktop/canopy-frontend/packages/canopy-frontend-common/src/components/OpenBankingProcessing/OpenBanking.style.js
FNF:0
FNH:0
DA:5,1
DA:11,1
LF:2
LH:2
BRF:0
BRH:0
end_of_record
TN:
SF:/Users/edward/Desktop/canopy-frontend/packages/canopy-frontend-common/src/components/OpenBankingProcessing/OpenBankingProcessing.js
FN:14,(anonymous_0)
FN:30,(anonymous_1)
FN:48,(anonymous_2)
FN:71,(anonymous_3)
FN:115,(anonymous_4)
FNF:5
FNH:5
FNDA:1,(anonymous_0)
FNDA:1,(anonymous_1)
FNDA:1,(anonymous_2)
FNDA:3,(anonymous_3)
FNDA:3,(anonymous_4)
DA:14,1
DA:20,1
DA:30,1
DA:36,1
DA:48,1
DA:55,1
DA:71,1
DA:81,3
DA:83,1
DA:92,1
DA:101,1
DA:111,0
DA:115,1
DA:116,3
LF:14
LH:13
BRDA:78,0,0,0
BRDA:81,1,0,1
BRDA:81,1,1,1
BRDA:81,1,2,1
BRDA:81,1,3,0
BRF:5
BRH:3
end_of_record
TN:
SF:/Users/edward/Desktop/canopy-frontend/packages/canopy-frontend-common/src/components/OpenBankingProcessing/index.js
FN:4,mapStateToProps
FN:14,continueToRentPassport
FN:17,startRentPassport
FN:20,rentPassportNotNow
FN:23,openBankingNotUpdating
FNF:5
FNH:0
FNDA:0,mapStateToProps
FNDA:0,continueToRentPassport
FNDA:0,startRentPassport
FNDA:0,rentPassportNotNow
FNDA:0,openBankingNotUpdating
DA:1,0
DA:2,0
DA:4,0
DA:13,0
LF:4
LH:0
BRDA:5,0,0,0
BRDA:5,0,1,0
BRF:2
BRH:0
end_of_record
TN:
SF:/Users/edward/Desktop/canopy-frontend/packages/canopy-frontend-common/src/components/OptionPicker/OptionPicker.js
FN:33,(anonymous_0)
FN:40,(anonymous_1)
FN:44,(anonymous_2)
FN:60,(anonymous_3)
FN:64,(anonymous_4)
FN:68,(anonymous_5)
FN:78,(anonymous_6)
FN:80,(anonymous_7)
FNF:8
FNH:0
FNDA:0,(anonymous_0)
FNDA:0,(anonymous_1)
FNDA:0,(anonymous_2)
FNDA:0,(anonymous_3)
FNDA:0,(anonymous_4)
FNDA:0,(anonymous_5)
FNDA:0,(anonymous_6)
FNDA:0,(anonymous_7)
DA:10,7
DA:20,7
DA:23,7
DA:29,7
DA:33,0
DA:37,7
DA:40,0
DA:45,0
DA:46,0
DA:47,0
DA:48,0
DA:50,0
DA:53,0
DA:54,0
DA:61,0
DA:65,0
DA:66,0
DA:67,0
DA:68,0
DA:70,0
DA:72,0
DA:75,0
DA:78,0
DA:84,0
DA:85,0
DA:87,0
DA:90,0
DA:91,0
DA:128,0
LF:29
LH:5
BRDA:47,0,0,0
BRDA:47,0,1,0
BRDA:66,1,0,0
BRDA:66,1,1,0
BRDA:87,2,0,0
BRDA:87,2,1,0
BRDA:90,3,0,0
BRDA:90,3,1,0
BRDA:99,4,0,0
BRDA:99,4,1,0
BRDA:102,5,0,0
BRDA:102,5,1,0
BRDA:106,6,0,0
BRDA:106,6,1,0
BRDA:116,7,0,0
BRDA:116,7,1,0
BRF:16
BRH:0
end_of_record
TN:
SF:/Users/edward/Desktop/canopy-frontend/packages/canopy-frontend-common/src/components/OptionPicker/OptionPicker.test.web.js
FN:16,(anonymous_1)
FN:17,(anonymous_2)
FN:22,(anonymous_3)
FN:28,(anonymous_4)
FNF:4
FNH:0
FNDA:0,(anonymous_1)
FNDA:0,(anonymous_2)
FNDA:0,(anonymous_3)
FNDA:0,(anonymous_4)
DA:1,0
DA:2,0
DA:3,0
DA:4,0
DA:5,0
DA:6,0
DA:7,0
DA:9,0
DA:10,0
DA:12,0
DA:14,0
DA:16,0
DA:17,0
DA:18,0
DA:19,0
DA:22,0
DA:23,0
DA:24,0
DA:25,0
DA:26,0
DA:28,0
DA:29,0
DA:30,0
DA:31,0
DA:32,0
LF:25
LH:0
BRF:0
BRH:0
end_of_record
TN:
SF:/Users/edward/Desktop/canopy-frontend/packages/canopy-frontend-common/src/components/OptionPicker/OptionPicker.web.js
FN:25,WebOptionPicker
FN:54,(anonymous_14)
FNF:2
FNH:0
FNDA:0,WebOptionPicker
FNDA:0,(anonymous_14)
DA:1,0
DA:2,0
DA:3,0
DA:4,0
DA:5,0
DA:7,0
DA:11,0
DA:20,0
DA:25,0
DA:27,0
DA:28,0
DA:29,0
DA:31,0
DA:35,0
DA:41,0
DA:42,0
DA:43,0
DA:45,0
DA:46,0
DA:51,0
DA:55,0
DA:56,0
DA:60,0
DA:61,0
DA:63,0
LF:25
LH:0
BRDA:25,0,0,0
BRDA:25,0,1,0
BRDA:28,1,0,0
BRDA:28,1,1,0
BRDA:36,2,0,0
BRDA:36,2,1,0
BRDA:45,3,0,0
BRDA:45,3,1,0
BRDA:45,4,0,0
BRDA:45,4,1,0
BRF:10
BRH:0
end_of_record
TN:
SF:/Users/edward/Desktop/canopy-frontend/packages/canopy-frontend-common/src/components/OptionPicker/defaultValues.js
FNF:0
FNH:0
DA:1,7
LF:1
LH:1
BRF:0
BRH:0
end_of_record
TN:
SF:/Users/edward/Desktop/canopy-frontend/packages/canopy-frontend-common/src/components/OptionPicker/index.js
FNF:0
FNH:0
LF:0
LH:0
BRF:0
BRH:0
end_of_record
TN:
SF:/Users/edward/Desktop/canopy-frontend/packages/canopy-frontend-common/src/components/OptionsAlert/OptionsAlert.js
FN:25,(anonymous_0)
FNF:1
FNH:0
FNDA:0,(anonymous_0)
DA:5,1
DA:14,1
DA:26,0
DA:29,1
DA:33,1
LF:5
LH:4
BRF:0
BRH:0
end_of_record
TN:
SF:/Users/edward/Desktop/canopy-frontend/packages/canopy-frontend-common/src/components/OptionsAlert/index.js
FN:11,(anonymous_0)
FN:12,(anonymous_1)
FN:13,(anonymous_2)
FNF:3
FNH:3
FNDA:5,(anonymous_0)
FNDA:4,(anonymous_1)
FNDA:8,(anonymous_2)
DA:11,1
DA:12,5
DA:13,4
DA:14,8
DA:23,5
DA:34,1
LF:6
LH:6
BRDA:24,0,0,5
BRDA:24,0,1,4
BRF:2
BRH:2
end_of_record
TN:
SF:/Users/edward/Desktop/canopy-frontend/packages/canopy-frontend-common/src/components/PassportInviteList/index.js
FN:5,(anonymous_0)
FN:11,(anonymous_1)
FNF:2
FNH:2
FNDA:2,(anonymous_0)
FNDA:2,(anonymous_1)
DA:5,1
DA:11,2
DA:12,2
DA:25,1
LF:4
LH:4
BRF:0
BRH:0
end_of_record
TN:
SF:/Users/edward/Desktop/canopy-frontend/packages/canopy-frontend-common/src/components/Picker/NativePicker.js
FN:7,(anonymous_0)
FN:12,(anonymous_1)
FN:18,(anonymous_2)
FNF:3
FNH:0
FNDA:0,(anonymous_0)
FNDA:0,(anonymous_1)
FNDA:0,(anonymous_2)
DA:6,8
DA:7,0
DA:12,8
DA:13,0
DA:19,0
LF:5
LH:2
BRF:0
BRH:0
end_of_record
TN:
SF:/Users/edward/Desktop/canopy-frontend/packages/canopy-frontend-common/src/components/Picker/Picker.js
FN:5,(anonymous_0)
FNF:1
FNH:1
FNDA:1,(anonymous_0)
DA:5,8
DA:7,8
LF:2
LH:2
BRF:0
BRH:0
end_of_record
TN:
SF:/Users/edward/Desktop/canopy-frontend/packages/canopy-frontend-common/src/components/Picker/Picker.web.js
FN:5,Picker
FNF:1
FNH:0
FNDA:0,Picker
DA:1,0
DA:2,0
DA:3,0
DA:5,0
DA:7,0
LF:5
LH:0
BRF:0
BRH:0
end_of_record
TN:
SF:/Users/edward/Desktop/canopy-frontend/packages/canopy-frontend-common/src/components/Picker/index.js
FNF:0
FNH:0
LF:0
LH:0
BRF:0
BRH:0
end_of_record
TN:
SF:/Users/edward/Desktop/canopy-frontend/packages/canopy-frontend-common/src/components/PostcodeLookup/PostcodeLookup.js
FN:20,(anonymous_0)
FN:29,(anonymous_1)
FN:42,(anonymous_2)
FN:46,(anonymous_3)
FN:65,(anonymous_4)
FN:76,(anonymous_5)
FN:85,(anonymous_6)
FN:88,(anonymous_7)
FN:132,(anonymous_8)
FNF:9
FNH:7
FNDA:0,(anonymous_0)
FNDA:0,(anonymous_1)
FNDA:1,(anonymous_2)
FNDA:17,(anonymous_3)
FNDA:2,(anonymous_4)
FNDA:3,(anonymous_5)
FNDA:25,(anonymous_6)
FNDA:2,(anonymous_7)
FNDA:3,(anonymous_8)
DA:13,8
DA:17,8
DA:21,0
DA:28,8
DA:29,0
DA:43,1
DA:56,17
DA:58,17
DA:59,17
DA:61,17
DA:66,2
DA:77,3
DA:86,25
DA:89,2
DA:90,2
DA:113,8
DA:128,8
DA:132,8
DA:137,8
LF:19
LH:17
BRDA:22,0,0,0
BRDA:22,0,1,8
BRDA:30,1,0,0
BRDA:30,1,1,8
BRDA:72,2,0,17
BRDA:72,2,1,11
BRDA:82,3,0,17
BRDA:82,3,1,6
BRF:8
BRH:6
end_of_record
TN:
SF:/Users/edward/Desktop/canopy-frontend/packages/canopy-frontend-common/src/components/PostcodeLookup/index.js
FNF:0
FNH:0
LF:0
LH:0
BRF:0
BRH:0
end_of_record
TN:
SF:/Users/edward/Desktop/canopy-frontend/packages/canopy-frontend-common/src/components/PrivateRoute/PrivateRoute.js
FN:9,PrivateRoute
FN:23,render
FN:34,mapStateToProps
FN:38,mapDispatchToProps
FN:39,retrieveData
FN:39,retrieveData$
FNF:6
FNH:0
FNDA:0,PrivateRoute
FNDA:0,render
FNDA:0,mapStateToProps
FNDA:0,mapDispatchToProps
FNDA:0,retrieveData
FNDA:0,retrieveData$
DA:1,0
DA:2,0
DA:3,0
DA:4,0
DA:5,0
DA:6,0
DA:9,0
DA:15,0
DA:16,0
DA:17,0
DA:20,0
DA:23,0
DA:30,0
DA:34,0
DA:38,0
DA:39,0
DA:40,0
LF:17
LH:0
BRDA:16,0,0,0
BRDA:16,0,1,0
BRDA:24,1,0,0
BRDA:24,1,1,0
BRDA:39,2,0,0
BRDA:39,2,1,0
BRDA:39,2,2,0
BRF:7
BRH:0
end_of_record
TN:
SF:/Users/edward/Desktop/canopy-frontend/packages/canopy-frontend-common/src/components/PrivateRoute/index.js
FNF:0
FNH:0
DA:1,0
LF:1
LH:0
BRF:0
BRH:0
end_of_record
TN:
SF:/Users/edward/Desktop/canopy-frontend/packages/canopy-frontend-common/src/components/ProgressIndicator/ProgressIndicator.js
FN:7,(anonymous_0)
FN:11,(anonymous_1)
FN:14,(anonymous_2)
FNF:3
FNH:0
FNDA:0,(anonymous_0)
FNDA:0,(anonymous_1)
FNDA:0,(anonymous_2)
DA:3,1
DA:7,0
DA:10,1
DA:12,0
DA:14,0
LF:5
LH:2
BRF:0
BRH:0
end_of_record
TN:
SF:/Users/edward/Desktop/canopy-frontend/packages/canopy-frontend-common/src/components/ProgressIndicator/index.js
FN:5,(anonymous_0)
FNF:1
FNH:0
FNDA:0,(anonymous_0)
DA:5,1
DA:6,0
LF:2
LH:1
BRF:0
BRH:0
end_of_record
TN:
SF:/Users/edward/Desktop/canopy-frontend/packages/canopy-frontend-common/src/components/Property/AbstractProperty.js
FN:15,(anonymous_0)
FN:46,(anonymous_1)
FN:53,(anonymous_2)
FN:60,(anonymous_3)
FN:67,(anonymous_4)
FN:86,(anonymous_5)
FN:97,(anonymous_6)
FN:103,(anonymous_7)
FN:114,(anonymous_8)
FN:120,(anonymous_9)
FN:137,(anonymous_10)
FN:152,(anonymous_11)
FN:177,(anonymous_12)
FN:189,(anonymous_13)
FN:198,(anonymous_14)
FNF:15
FNH:11
FNDA:26,(anonymous_0)
FNDA:1,(anonymous_1)
FNDA:0,(anonymous_2)
FNDA:0,(anonymous_3)
FNDA:0,(anonymous_4)
FNDA:1,(anonymous_5)
FNDA:1,(anonymous_6)
FNDA:1,(anonymous_7)
FNDA:1,(anonymous_8)
FNDA:10,(anonymous_9)
FNDA:10,(anonymous_10)
FNDA:13,(anonymous_11)
FNDA:0,(anonymous_12)
FNDA:1,(anonymous_13)
FNDA:14,(anonymous_14)
DA:21,26
DA:47,1
DA:48,1
DA:54,0
DA:55,0
DA:61,0
DA:62,0
DA:76,0
DA:78,0
DA:79,0
DA:81,0
DA:83,0
DA:92,1
DA:93,1
DA:98,1
DA:109,1
DA:110,1
DA:115,1
DA:121,10
DA:123,10
DA:124,10
DA:132,10
DA:133,10
DA:144,10
DA:145,10
DA:146,7
DA:147,7
DA:148,7
DA:153,13
DA:154,13
DA:156,13
DA:158,12
DA:171,1
DA:178,0
DA:189,1
DA:194,0
DA:199,14
DA:201,14
LF:38
LH:27
BRDA:26,0,0,13
BRDA:26,0,1,13
BRDA:27,1,0,13
BRDA:27,1,1,13
BRDA:30,2,0,13
BRDA:30,2,1,13
BRDA:34,3,0,13
BRDA:34,3,1,13
BRDA:36,4,0,13
BRDA:36,4,1,13
BRDA:41,5,0,13
BRDA:41,5,1,13
BRDA:78,6,0,0
BRDA:78,6,1,0
BRDA:123,7,0,10
BRDA:123,7,1,0
BRDA:132,8,0,10
BRDA:132,8,1,0
BRDA:147,9,0,7
BRDA:147,9,1,0
BRDA:147,10,0,7
BRDA:147,10,1,7
BRDA:156,11,0,12
BRDA:156,11,1,1
BRDA:156,11,2,0
BRF:25
BRH:19
end_of_record
TN:
SF:/Users/edward/Desktop/canopy-frontend/packages/canopy-frontend-common/src/components/Property/Property.js
FN:36,(anonymous_0)
FN:98,(anonymous_1)
FN:225,(anonymous_2)
FN:236,(anonymous_3)
FNF:4
FNH:1
FNDA:13,(anonymous_0)
FNDA:0,(anonymous_1)
FNDA:0,(anonymous_2)
FNDA:0,(anonymous_3)
DA:22,1
DA:23,1
DA:24,1
DA:25,1
DA:26,1
DA:27,1
DA:28,1
DA:29,1
DA:30,1
DA:31,1
DA:32,1
DA:33,1
DA:44,13
DA:45,13
DA:46,13
DA:47,13
DA:49,13
DA:99,0
DA:225,0
DA:237,0
LF:20
LH:17
BRDA:46,0,0,13
BRDA:46,0,1,13
BRDA:52,1,0,13
BRDA:52,1,1,13
BRDA:54,2,0,13
BRDA:54,2,1,13
BRDA:91,3,0,13
BRDA:91,3,1,0
BRDA:147,4,0,13
BRDA:147,4,1,0
BRDA:158,5,0,13
BRDA:158,5,1,0
BRDA:169,6,0,0
BRDA:169,6,1,13
BRDA:182,7,0,13
BRDA:182,7,1,0
BRDA:208,8,0,13
BRDA:208,8,1,1
BRDA:221,9,0,13
BRDA:221,9,1,13
BRDA:232,10,0,13
BRDA:232,10,1,0
BRDA:245,11,0,13
BRDA:245,11,1,13
BRDA:278,12,0,13
BRDA:278,12,1,0
BRF:26
BRH:19
end_of_record
TN:
SF:/Users/edward/Desktop/canopy-frontend/packages/canopy-frontend-common/src/components/Property/Property.style.js
FN:47,(anonymous_0)
FN:48,(anonymous_1)
FN:49,(anonymous_2)
FN:55,(anonymous_3)
FN:56,(anonymous_4)
FN:62,(anonymous_5)
FN:63,(anonymous_6)
FN:69,(anonymous_7)
FN:76,(anonymous_8)
FN:88,(anonymous_9)
FN:110,(anonymous_10)
FN:125,(anonymous_11)
FNF:12
FNH:0
FNDA:0,(anonymous_0)
FNDA:0,(anonymous_1)
FNDA:0,(anonymous_2)
FNDA:0,(anonymous_3)
FNDA:0,(anonymous_4)
FNDA:0,(anonymous_5)
FNDA:0,(anonymous_6)
FNDA:0,(anonymous_7)
FNDA:0,(anonymous_8)
FNDA:0,(anonymous_9)
FNDA:0,(anonymous_10)
FNDA:0,(anonymous_11)
DA:3,1
DA:5,1
DA:10,1
DA:26,1
DA:36,1
DA:44,1
DA:47,0
DA:48,0
DA:49,0
DA:52,1
DA:55,0
DA:56,0
DA:59,1
DA:62,0
DA:63,0
DA:68,1
DA:69,0
DA:72,1
DA:77,0
DA:84,1
DA:89,0
DA:95,1
DA:108,1
DA:110,0
DA:115,1
DA:123,1
DA:125,0
DA:141,1
LF:28
LH:16
BRDA:48,0,0,0
BRDA:48,0,1,0
BRDA:49,1,0,0
BRDA:49,1,1,0
BRDA:56,2,0,0
BRDA:56,2,1,0
BRDA:63,3,0,0
BRDA:63,3,1,0
BRDA:69,4,0,0
BRDA:69,4,1,0
BRDA:77,5,0,0
BRDA:77,5,1,0
BRF:12
BRH:0
end_of_record
TN:
SF:/Users/edward/Desktop/canopy-frontend/packages/canopy-frontend-common/src/components/Property/Property.web.js
FN:104,onClick
FN:121,onClick
FN:262,onClick
FN:272,onClick
FN:357,onClick
FNF:5
FNH:0
FNDA:0,onClick
FNDA:0,onClick
FNDA:0,onClick
FNDA:0,onClick
FNDA:0,onClick
DA:1,0
DA:2,0
DA:3,0
DA:4,0
DA:5,0
DA:6,0
DA:7,0
DA:8,0
DA:9,0
DA:25,0
DA:26,0
DA:27,0
DA:30,0
DA:35,0
DA:36,0
DA:37,0
DA:38,0
DA:42,0
DA:55,0
DA:56,0
DA:57,0
DA:58,0
DA:60,0
DA:104,0
DA:121,0
DA:262,0
DA:272,0
DA:357,0
LF:28
LH:0
BRDA:36,0,0,0
BRDA:36,0,1,0
BRDA:47,1,0,0
BRDA:47,1,1,0
BRDA:48,2,0,0
BRDA:48,2,1,0
BRDA:57,3,0,0
BRDA:57,3,1,0
BRDA:63,4,0,0
BRDA:63,4,1,0
BRDA:66,5,0,0
BRDA:66,5,1,0
BRDA:66,5,2,0
BRDA:99,6,0,0
BRDA:99,6,1,0
BRDA:116,7,0,0
BRDA:116,7,1,0
BRDA:127,8,0,0
BRDA:127,8,1,0
BRDA:142,9,0,0
BRDA:142,9,1,0
BRDA:142,9,2,0
BRDA:187,10,0,0
BRDA:187,10,1,0
BRDA:198,11,0,0
BRDA:198,11,1,0
BRDA:209,12,0,0
BRDA:209,12,1,0
BRDA:220,13,0,0
BRDA:220,13,1,0
BRDA:246,14,0,0
BRDA:246,14,1,0
BRDA:258,15,0,0
BRDA:258,15,1,0
BRDA:268,16,0,0
BRDA:268,16,1,0
BRDA:280,17,0,0
BRDA:280,17,1,0
BRDA:311,18,0,0
BRDA:311,18,1,0
BRDA:315,19,0,0
BRDA:315,19,1,0
BRDA:320,20,0,0
BRDA:320,20,1,0
BRDA:339,21,0,0
BRDA:339,21,1,0
BRDA:343,22,0,0
BRDA:343,22,1,0
BRDA:343,22,2,0
BRDA:353,23,0,0
BRDA:353,23,1,0
BRF:51
BRH:0
end_of_record
TN:
SF:/Users/edward/Desktop/canopy-frontend/packages/canopy-frontend-common/src/components/Property/index.js
FNF:0
FNH:0
DA:1,0
LF:1
LH:0
BRF:0
BRH:0
end_of_record
TN:
SF:/Users/edward/Desktop/canopy-frontend/packages/canopy-frontend-common/src/components/PropertyAbstraction/AbstractProperty.js
FN:69,_callee
FN:86,(anonymous_17)
FN:105,_callee2$
FN:145,onClick
FN:157,onClick
FNF:5
FNH:0
FNDA:0,_callee
FNDA:0,(anonymous_17)
FNDA:0,_callee2$
FNDA:0,onClick
FNDA:0,onClick
DA:1,0
DA:2,0
DA:3,0
DA:4,0
DA:5,0
DA:13,0
DA:45,0
DA:46,0
DA:52,0
DA:53,0
DA:58,0
DA:64,0
DA:65,0
DA:69,0
DA:75,0
DA:81,0
DA:82,0
DA:87,0
DA:92,0
DA:93,0
DA:95,0
DA:102,0
DA:105,0
DA:114,0
DA:115,0
DA:116,0
DA:120,0
DA:121,0
DA:122,0
DA:124,0
DA:126,0
DA:139,0
DA:145,0
DA:157,0
DA:162,0
DA:167,0
DA:169,0
LF:37
LH:0
BRDA:13,0,0,0
BRDA:13,0,1,0
BRDA:13,1,0,0
BRDA:13,1,1,0
BRDA:24,2,0,0
BRDA:24,2,1,0
BRDA:26,3,0,0
BRDA:26,3,1,0
BRDA:29,4,0,0
BRDA:29,4,1,0
BRDA:32,5,0,0
BRDA:32,5,1,0
BRDA:35,6,0,0
BRDA:35,6,1,0
BRDA:40,7,0,0
BRDA:40,7,1,0
BRDA:69,8,0,0
BRDA:69,8,1,0
BRDA:69,8,2,0
BRDA:105,9,0,0
BRDA:105,9,1,0
BRDA:105,9,2,0
BRDA:105,9,3,0
BRDA:115,10,0,0
BRDA:115,10,1,0
BRDA:125,11,0,0
BRDA:125,11,1,0
BRDA:125,11,2,0
BRF:28
BRH:0
end_of_record
TN:
SF:/Users/edward/Desktop/canopy-frontend/packages/canopy-frontend-common/src/components/PropertyItem/PropertyItem.js
FN:22,(anonymous_0)
FN:31,(anonymous_1)
FN:37,(anonymous_2)
FN:50,(anonymous_3)
FN:55,(anonymous_4)
FN:134,(anonymous_5)
FNF:6
FNH:4
FNDA:41,(anonymous_0)
FNDA:0,(anonymous_1)
FNDA:41,(anonymous_2)
FNDA:13,(anonymous_3)
FNDA:41,(anonymous_4)
FNDA:0,(anonymous_5)
DA:23,41
DA:25,41
DA:28,41
DA:32,0
DA:34,0
DA:38,41
DA:39,41
DA:40,40
DA:43,1
DA:51,13
DA:52,13
DA:62,41
DA:63,41
DA:65,41
DA:94,41
DA:95,0
DA:107,41
DA:108,27
DA:113,14
DA:117,1
DA:134,1
LF:21
LH:18
BRDA:39,0,0,40
BRDA:39,0,1,1
BRDA:66,1,0,41
BRDA:66,1,1,3
BRDA:73,2,0,41
BRDA:73,2,1,20
BRDA:81,3,0,0
BRDA:81,3,1,41
BRDA:82,4,0,0
BRDA:82,4,1,0
BRDA:94,5,0,0
BRDA:94,5,1,41
BRDA:107,6,0,27
BRDA:107,6,1,14
BRF:14
BRH:10
end_of_record
TN:
SF:/Users/edward/Desktop/canopy-frontend/packages/canopy-frontend-common/src/components/PropertyItem/PropertyItem.styles.js
FN:7,(anonymous_0)
FN:9,(anonymous_1)
FN:47,(anonymous_2)
FN:52,(anonymous_3)
FNF:4
FNH:0
FNDA:0,(anonymous_0)
FNDA:0,(anonymous_1)
FNDA:0,(anonymous_2)
FNDA:0,(anonymous_3)
DA:5,1
DA:8,0
DA:9,0
DA:17,1
DA:24,1
DA:33,1
DA:40,1
DA:46,1
DA:47,0
DA:51,1
DA:52,0
DA:58,1
LF:12
LH:8
BRDA:9,0,0,0
BRDA:9,0,1,0
BRF:2
BRH:0
end_of_record
TN:
SF:/Users/edward/Desktop/canopy-frontend/packages/canopy-frontend-common/src/components/PropertyItem/index.js
FNF:0
FNH:0
DA:1,0
LF:1
LH:0
BRF:0
BRH:0
end_of_record
TN:
SF:/Users/edward/Desktop/canopy-frontend/packages/canopy-frontend-common/src/components/RadioButtonGroup/RadioButton.js
FN:13,(anonymous_0)
FN:30,(anonymous_1)
FN:46,(anonymous_2)
FNF:3
FNH:3
FNDA:1,(anonymous_0)
FNDA:1,(anonymous_1)
FNDA:1,(anonymous_2)
DA:14,1
DA:15,1
DA:17,1
DA:18,1
DA:28,0
DA:39,1
DA:40,1
DA:42,1
DA:47,1
DA:73,10
LF:10
LH:9
BRDA:17,0,0,1
BRDA:17,0,1,0
BRF:2
BRH:1
end_of_record
TN:
SF:/Users/edward/Desktop/canopy-frontend/packages/canopy-frontend-common/src/components/RadioButtonGroup/RadioButton.style.js
FN:5,(anonymous_0)
FN:7,(anonymous_1)
FN:11,(anonymous_2)
FN:12,(anonymous_3)
FN:13,(anonymous_4)
FN:14,(anonymous_5)
FN:15,(anonymous_6)
FN:31,(anonymous_7)
FN:32,(anonymous_8)
FN:34,(anonymous_9)
FN:38,(anonymous_10)
FN:39,(anonymous_11)
FN:43,(anonymous_12)
FN:44,(anonymous_13)
FN:45,(anonymous_14)
FN:46,(anonymous_15)
FNF:16
FNH:0
FNDA:0,(anonymous_0)
FNDA:0,(anonymous_1)
FNDA:0,(anonymous_2)
FNDA:0,(anonymous_3)
FNDA:0,(anonymous_4)
FNDA:0,(anonymous_5)
FNDA:0,(anonymous_6)
FNDA:0,(anonymous_7)
FNDA:0,(anonymous_8)
FNDA:0,(anonymous_9)
FNDA:0,(anonymous_10)
FNDA:0,(anonymous_11)
FNDA:0,(anonymous_12)
FNDA:0,(anonymous_13)
FNDA:0,(anonymous_14)
FNDA:0,(anonymous_15)
DA:4,10
DA:5,0
DA:7,0
DA:10,10
DA:11,0
DA:12,0
DA:13,0
DA:14,0
DA:16,0
DA:21,10
DA:27,10
DA:31,0
DA:32,0
DA:34,0
DA:38,0
DA:39,0
DA:42,10
DA:43,0
DA:44,0
DA:45,0
DA:46,0
LF:21
LH:5
BRDA:5,0,0,0
BRDA:5,0,1,0
BRDA:7,1,0,0
BRDA:7,1,1,0
BRDA:16,2,0,0
BRDA:16,2,1,0
BRDA:16,3,0,0
BRDA:16,3,1,0
BRDA:32,4,0,0
BRDA:32,4,1,0
BRDA:38,5,0,0
BRDA:38,5,1,0
BRDA:39,6,0,0
BRDA:39,6,1,0
BRDA:46,7,0,0
BRDA:46,7,1,0
BRF:16
BRH:0
end_of_record
TN:
SF:/Users/edward/Desktop/canopy-frontend/packages/canopy-frontend-common/src/components/RadioButtonGroup/RadioButtonGroup.js
FN:15,(anonymous_0)
FN:16,(anonymous_1)
FN:21,(anonymous_2)
FN:47,(anonymous_3)
FNF:4
FNH:4
FNDA:12,(anonymous_0)
FNDA:19,(anonymous_1)
FNDA:12,(anonymous_2)
FNDA:24,(anonymous_3)
DA:16,19
DA:18,12
DA:33,12
DA:35,12
DA:48,24
DA:67,8
LF:6
LH:6
BRDA:18,0,0,0
BRDA:18,0,1,12
BRDA:23,1,0,0
BRDA:24,2,0,12
BRDA:25,3,0,12
BRDA:26,4,0,12
BRDA:27,5,0,12
BRDA:29,6,0,0
BRDA:30,7,0,0
BRDA:31,8,0,0
BRDA:56,9,0,24
BRDA:56,9,1,7
BRDA:61,10,0,12
BRDA:61,10,1,1
BRF:14
BRH:9
end_of_record
TN:
SF:/Users/edward/Desktop/canopy-frontend/packages/canopy-frontend-common/src/components/RadioButtonGroup/RadioButtonGroup.style.js
FN:6,(anonymous_0)
FN:13,(anonymous_1)
FN:16,(anonymous_2)
FN:17,(anonymous_3)
FN:22,(anonymous_4)
FN:32,(anonymous_5)
FN:40,(anonymous_6)
FN:44,(anonymous_7)
FNF:8
FNH:0
FNDA:0,(anonymous_0)
FNDA:0,(anonymous_1)
FNDA:0,(anonymous_2)
FNDA:0,(anonymous_3)
FNDA:0,(anonymous_4)
FNDA:0,(anonymous_5)
FNDA:0,(anonymous_6)
FNDA:0,(anonymous_7)
DA:5,8
DA:6,0
DA:10,8
DA:13,0
DA:16,0
DA:17,0
DA:20,8
DA:22,0
DA:27,8
DA:32,0
DA:35,8
DA:40,0
DA:43,8
DA:44,0
LF:14
LH:6
BRDA:16,0,0,0
BRDA:16,0,1,0
BRDA:17,1,0,0
BRDA:17,1,1,0
BRDA:22,2,0,0
BRDA:22,2,1,0
BRDA:32,3,0,0
BRDA:32,3,1,0
BRF:8
BRH:0
end_of_record
TN:
SF:/Users/edward/Desktop/canopy-frontend/packages/canopy-frontend-common/src/components/RadioButtonGroup/RadioGroup.js
FN:12,(anonymous_0)
FN:22,(anonymous_1)
FN:31,(anonymous_2)
[...]
FN:16,(anonymous_3)
FN:18,(anonymous_4)
FN:24,(anonymous_5)
FN:36,(anonymous_6)
FN:36,(anonymous_7)
FN:38,(anonymous_8)
FN:41,(anonymous_9)
FN:47,(anonymous_10)
FN:52,(anonymous_11)
FN:52,(anonymous_12)
FN:54,(anonymous_13)
FN:57,(anonymous_14)
FN:63,(anonymous_15)
FN:68,(anonymous_16)
FN:81,(anonymous_17)
FN:82,(anonymous_18)
FN:86,(anonymous_19)
FN:93,(anonymous_20)
FN:106,(anonymous_21)
FN:107,(anonymous_22)
FN:114,(anonymous_23)
FNF:24
FNH:12
FNDA:0,(anonymous_0)
FNDA:0,(anonymous_1)
FNDA:5,(anonymous_2)
FNDA:5,(anonymous_3)
FNDA:0,(anonymous_4)
FNDA:0,(anonymous_5)
FNDA:166,(anonymous_6)
FNDA:166,(anonymous_7)
FNDA:0,(anonymous_8)
FNDA:0,(anonymous_9)
FNDA:0,(anonymous_10)
FNDA:0,(anonymous_11)
FNDA:0,(anonymous_12)
FNDA:0,(anonymous_13)
FNDA:0,(anonymous_14)
FNDA:0,(anonymous_15)
FNDA:141,(anonymous_16)
FNDA:374,(anonymous_17)
FNDA:1,(anonymous_18)
FNDA:69,(anonymous_19)
FNDA:147,(anonymous_20)
FNDA:2,(anonymous_21)
FNDA:6,(anonymous_22)
FNDA:2,(anonymous_23)
DA:7,141
DA:8,141
DA:9,141
DA:10,141
DA:11,141
DA:12,0
DA:13,141
DA:14,0
DA:16,141
DA:18,141
DA:20,0
DA:22,0
DA:24,0
DA:26,0
DA:28,0
DA:33,0
DA:36,166
DA:37,166
DA:38,0
DA:41,166
DA:42,0
DA:44,0
DA:47,166
DA:52,141
DA:53,0
DA:54,0
DA:57,0
DA:58,0
DA:60,0
DA:63,0
DA:68,141
DA:69,141
DA:70,141
DA:72,141
DA:81,141
DA:82,374
DA:86,141
DA:92,69
DA:93,147
DA:94,69
DA:95,69
DA:96,61
DA:98,8
DA:99,8
DA:100,2
DA:103,8
DA:106,141
DA:107,2
DA:108,6
DA:110,6
DA:114,141
DA:115,2
DA:116,2
DA:119,0
DA:121,0
LF:55
LH:36
BRDA:8,0,0,141
BRDA:8,0,1,0
BRDA:12,1,0,0
BRDA:12,1,1,0
BRDA:14,2,0,0
BRDA:14,2,1,0
BRDA:26,3,0,0
BRDA:26,3,1,0
BRDA:74,4,0,141
BRDA:74,4,1,141
BRDA:74,4,2,141
BRDA:83,5,0,1
BRDA:83,5,1,0
BRDA:89,6,0,0
BRDA:90,7,0,8
BRDA:95,8,0,61
BRDA:95,8,1,8
BRDA:99,9,0,2
BRDA:99,9,1,6
BRDA:108,10,0,4
BRDA:108,10,1,2
BRDA:115,11,0,2
BRDA:115,11,1,0
BRDA:115,12,0,2
BRDA:115,12,1,1
BRF:25
BRH:15
end_of_record
TN:
SF:/Users/edward/Desktop/canopy-frontend/packages/canopy-frontend-common/src/utils/properties.js
FN:1,(anonymous_0)
FN:2,(anonymous_1)
FNF:2
FNH:2
FNDA:6,(anonymous_0)
FNDA:10,(anonymous_1)
DA:1,2
DA:2,10
LF:2
LH:2
BRF:0
BRH:0
end_of_record
TN:
SF:/Users/edward/Desktop/canopy-frontend/packages/canopy-frontend-common/src/utils/SchemaFragmentGenerators/SchemaFragmentGenerators.js
FN:4,(anonymous_0)
FN:13,(anonymous_1)
FNF:2
FNH:2
FNDA:42,(anonymous_0)
FNDA:41,(anonymous_1)
DA:4,2
DA:13,42
DA:14,41
DA:15,8
DA:20,33
DA:25,42
DA:26,1
DA:30,41
DA:31,41
DA:33,41
DA:34,33
DA:40,41
DA:42,41
DA:45,2
LF:14
LH:14
BRDA:11,0,0,13
BRDA:14,1,0,8
BRDA:14,1,1,33
BRDA:25,2,0,1
BRDA:25,2,1,41
BRDA:33,3,0,33
BRDA:33,3,1,8
BRF:7
BRH:7
end_of_record
TN:
SF:/Users/edward/Desktop/canopy-frontend/packages/canopy-frontend-common/src/utils/api/accounts.js
FN:3,(anonymous_0)
FN:5,(anonymous_1)
FN:7,(anonymous_2)
FNF:3
FNH:1
FNDA:2,(anonymous_0)
FNDA:0,(anonymous_1)
FNDA:0,(anonymous_2)
DA:3,45
DA:5,45
DA:7,45
LF:3
LH:3
BRF:0
BRH:0
end_of_record
TN:
SF:/Users/edward/Desktop/canopy-frontend/packages/canopy-frontend-common/src/utils/api/agencies.js
FN:3,(anonymous_0)
FN:4,(anonymous_1)
FN:5,(anonymous_2)
FNF:3
FNH:2
FNDA:2,(anonymous_0)
FNDA:1,(anonymous_1)
FNDA:0,(anonymous_2)
DA:3,44
DA:4,44
DA:5,44
LF:3
LH:3
BRF:0
BRH:0
end_of_record
TN:
SF:/Users/edward/Desktop/canopy-frontend/packages/canopy-frontend-common/src/utils/api/agency.js
FN:3,(anonymous_0)
FN:6,(anonymous_1)
FN:11,(anonymous_2)
FN:14,(anonymous_3)
FN:17,(anonymous_4)
FNF:5
FNH:2
FNDA:0,(anonymous_0)
FNDA:2,(anonymous_1)
FNDA:2,(anonymous_2)
FNDA:0,(anonymous_3)
FNDA:0,(anonymous_4)
DA:3,43
DA:4,0
DA:6,43
DA:11,43
DA:12,2
DA:14,43
DA:15,0
DA:17,43
DA:18,0
LF:9
LH:6
BRF:0
BRH:0
end_of_record
TN:
SF:/Users/edward/Desktop/canopy-frontend/packages/canopy-frontend-common/src/utils/api/agents.js
FN:3,(anonymous_0)
FN:6,(anonymous_1)
FN:9,(anonymous_2)
FN:12,(anonymous_3)
FN:14,(anonymous_4)
FN:16,(anonymous_5)
FNF:6
FNH:4
FNDA:0,(anonymous_0)
FNDA:2,(anonymous_1)
FNDA:0,(anonymous_2)
FNDA:2,(anonymous_3)
FNDA:2,(anonymous_4)
FNDA:2,(anonymous_5)
DA:3,45
DA:4,0
DA:6,45
DA:7,2
DA:9,45
DA:10,0
DA:12,45
DA:14,45
DA:16,45
DA:17,2
LF:10
LH:8
BRF:0
BRH:0
end_of_record
TN:
SF:/Users/edward/Desktop/canopy-frontend/packages/canopy-frontend-common/src/utils/api/api.js
FN:22,(anonymous_0)
FN:25,(anonymous_1)
FN:29,(anonymous_2)
FN:40,(anonymous_3)
FN:56,(anonymous_4)
FN:64,(anonymous_5)
FN:67,(anonymous_6)
FN:70,(anonymous_7)
FN:84,(anonymous_8)
FN:93,(anonymous_9)
FN:99,(anonymous_10)
FN:106,(anonymous_11)
FN:116,(anonymous_12)
FN:126,(anonymous_13)
FN:128,(anonymous_14)
FNF:15
FNH:10
FNDA:2,(anonymous_0)
FNDA:1,(anonymous_1)
FNDA:0,(anonymous_2)
FNDA:19,(anonymous_3)
FNDA:0,(anonymous_4)
FNDA:4,(anonymous_5)
FNDA:3,(anonymous_6)
FNDA:12,(anonymous_7)
FNDA:3,(anonymous_8)
FNDA:3,(anonymous_9)
FNDA:0,(anonymous_10)
FNDA:3,(anonymous_11)
FNDA:3,(anonymous_12)
FNDA:0,(anonymous_13)
FNDA:0,(anonymous_14)
DA:6,0
DA:8,90
DA:9,90
DA:12,90
DA:13,90
DA:17,90
DA:18,90
DA:21,90
DA:22,90
DA:23,2
DA:25,90
DA:26,1
DA:29,90
DA:30,0
DA:40,90
DA:41,19
DA:49,19
DA:50,1
DA:53,19
DA:56,90
DA:57,0
DA:58,0
DA:59,0
DA:61,0
DA:64,90
DA:65,4
DA:67,90
DA:68,3
DA:70,90
DA:71,12
DA:77,12
DA:78,4
DA:81,8
DA:84,90
DA:85,3
DA:90,3
DA:93,90
DA:94,3
DA:99,3
DA:100,0
DA:103,3
DA:106,90
DA:107,3
DA:113,3
DA:116,90
DA:117,3
DA:123,3
DA:126,90
DA:127,0
DA:128,0
DA:129,0
DA:131,0
DA:138,0
LF:53
LH:41
BRDA:8,0,0,90
BRDA:8,0,1,0
BRDA:13,1,0,90
BRDA:13,1,1,0
BRDA:15,2,0,0
BRDA:15,2,1,0
BRDA:17,3,0,90
BRDA:17,3,1,0
BRDA:49,4,0,1
BRDA:49,4,1,18
BRDA:57,5,0,0
BRDA:57,5,1,0
BRDA:57,6,0,0
BRDA:57,6,1,0
BRDA:68,7,0,3
BRDA:68,7,1,0
BRDA:77,8,0,4
BRDA:77,8,1,8
BRDA:78,9,0,0
BRDA:78,9,1,4
BRDA:81,10,0,8
BRDA:81,10,1,0
BRDA:81,11,0,8
BRDA:81,11,1,8
BRDA:84,12,0,0
BRDA:93,13,0,0
BRDA:106,14,0,0
BRDA:116,15,0,1
BRDA:126,16,0,0
BRF:29
BRH:13
end_of_record
TN:
SF:/Users/edward/Desktop/canopy-frontend/packages/canopy-frontend-common/src/utils/api/branches.js
FN:3,(anonymous_0)
FN:4,(anonymous_1)
FNF:2
FNH:2
FNDA:1,(anonymous_0)
FNDA:2,(anonymous_1)
DA:3,45
DA:4,45
DA:5,2
LF:3
LH:3
BRF:0
BRH:0
end_of_record
TN:
SF:/Users/edward/Desktop/canopy-frontend/packages/canopy-frontend-common/src/utils/api/exampleModule.js
FN:3,(anonymous_0)
FN:5,(anonymous_1)
FN:7,(anonymous_2)
FN:9,(anonymous_3)
FNF:4
FNH:0
FNDA:0,(anonymous_0)
FNDA:0,(anonymous_1)
FNDA:0,(anonymous_2)
FNDA:0,(anonymous_3)
DA:3,45
DA:5,45
DA:7,45
DA:9,45
LF:4
LH:4
BRF:0
BRH:0
end_of_record
TN:
SF:/Users/edward/Desktop/canopy-frontend/packages/canopy-frontend-common/src/utils/api/index.js
FNF:0
FNH:0
LF:0
LH:0
BRF:0
BRH:0
end_of_record
TN:
SF:/Users/edward/Desktop/canopy-frontend/packages/canopy-frontend-common/src/utils/api/invites.js
FN:3,(anonymous_0)
FN:5,(anonymous_1)
FN:8,(anonymous_2)
FNF:3
FNH:3
FNDA:2,(anonymous_0)
FNDA:2,(anonymous_1)
FNDA:2,(anonymous_2)
DA:3,42
DA:5,42
DA:6,2
DA:8,42
LF:4
LH:4
BRF:0
BRH:0
end_of_record
TN:
SF:/Users/edward/Desktop/canopy-frontend/packages/canopy-frontend-common/src/utils/api/lease.js
FN:3,(anonymous_0)
FN:6,(anonymous_1)
FNF:2
FNH:2
FNDA:2,(anonymous_0)
FNDA:2,(anonymous_1)
DA:3,45
DA:4,2
DA:6,45
DA:7,2
LF:4
LH:4
BRF:0
BRH:0
end_of_record
TN:
SF:/Users/edward/Desktop/canopy-frontend/packages/canopy-frontend-common/src/utils/api/openBanking.js
FN:3,(anonymous_0)
FN:5,(anonymous_1)
FN:8,(anonymous_2)
FN:11,(anonymous_3)
FNF:4
FNH:4
FNDA:1,(anonymous_0)
FNDA:4,(anonymous_1)
FNDA:2,(anonymous_2)
FNDA:2,(anonymous_3)
DA:3,45
DA:5,45
DA:6,4
DA:8,45
DA:9,2
DA:11,45
DA:12,2
LF:7
LH:7
BRF:0
BRH:0
end_of_record
TN:
SF:/Users/edward/Desktop/canopy-frontend/packages/canopy-frontend-common/src/utils/api/postcode.js
FN:3,(anonymous_0)
FNF:1
FNH:1
FNDA:6,(anonymous_0)
DA:3,44
DA:4,6
LF:2
LH:2
BRF:0
BRH:0
end_of_record
TN:
SF:/Users/edward/Desktop/canopy-frontend/packages/canopy-frontend-common/src/utils/api/profile.js
FN:3,(anonymous_0)
FNF:1
FNH:1
FNDA:2,(anonymous_0)
DA:3,44
LF:1
LH:1
BRF:0
BRH:0
end_of_record
TN:
SF:/Users/edward/Desktop/canopy-frontend/packages/canopy-frontend-common/src/utils/api/properties.js
FN:5,(anonymous_0)
FN:8,(anonymous_1)
FN:16,(anonymous_2)
FN:24,(anonymous_3)
FN:31,(anonymous_4)
FN:34,(anonymous_5)
FN:38,(anonymous_6)
FN:40,(anonymous_7)
FNF:8
FNH:8
FNDA:1,(anonymous_0)
FNDA:2,(anonymous_1)
FNDA:2,(anonymous_2)
FNDA:1,(anonymous_3)
FNDA:3,(anonymous_4)
FNDA:2,(anonymous_5)
FNDA:2,(anonymous_6)
FNDA:2,(anonymous_7)
DA:5,44
DA:6,1
DA:8,44
DA:10,2
DA:16,44
DA:18,2
DA:24,44
DA:25,1
DA:31,44
DA:32,3
DA:34,44
DA:36,2
DA:38,44
DA:40,44
DA:41,2
LF:15
LH:15
BRF:0
BRH:0
end_of_record
TN:
SF:/Users/edward/Desktop/canopy-frontend/packages/canopy-frontend-common/src/utils/api/references.js
FN:3,(anonymous_0)
FN:5,(anonymous_1)
FN:8,(anonymous_2)
FNF:3
FNH:0
FNDA:0,(anonymous_0)
FNDA:0,(anonymous_1)
FNDA:0,(anonymous_2)
DA:3,44
DA:5,44
DA:6,0
DA:8,44
DA:9,0
LF:5
LH:3
BRF:0
BRH:0
end_of_record
TN:
SF:/Users/edward/Desktop/canopy-frontend/packages/canopy-frontend-common/src/utils/api/rentPassport.js
FN:3,(anonymous_0)
FN:6,(anonymous_1)
FN:9,(anonymous_2)
FN:12,(anonymous_3)
FN:15,(anonymous_4)
FN:18,(anonymous_5)
FN:20,(anonymous_6)
FN:22,(anonymous_7)
FNF:8
FNH:3
FNDA:2,(anonymous_0)
FNDA:0,(anonymous_1)
FNDA:0,(anonymous_2)
FNDA:0,(anonymous_3)
FNDA:0,(anonymous_4)
FNDA:1,(anonymous_5)
FNDA:1,(anonymous_6)
FNDA:0,(anonymous_7)
DA:3,43
DA:4,2
DA:6,43
DA:7,0
DA:9,43
DA:10,0
DA:12,43
DA:13,0
DA:15,43
DA:16,0
DA:18,43
DA:20,43
DA:22,43
LF:13
LH:9
BRF:0
BRH:0
end_of_record
TN:
SF:/Users/edward/Desktop/canopy-frontend/packages/canopy-frontend-common/src/utils/api/rentPassportAgencies.js
FN:3,(anonymous_0)
FN:4,(anonymous_1)
FNF:2
FNH:2
FNDA:1,(anonymous_0)
FNDA:2,(anonymous_1)
DA:3,46
DA:4,46
LF:2
LH:2
BRF:0
BRH:0
end_of_record
TN:
SF:/Users/edward/Desktop/canopy-frontend/packages/canopy-frontend-common/src/utils/api/sharePassports.js
FN:7,(anonymous_0)
FN:11,(anonymous_1)
FNF:2
FNH:2
FNDA:2,(anonymous_0)
FNDA:1,(anonymous_1)
DA:7,45
DA:8,2
DA:11,45
DA:12,1
LF:4
LH:4
BRF:0
BRH:0
end_of_record
TN:
SF:/Users/edward/Desktop/canopy-frontend/packages/canopy-frontend-common/src/utils/api/userAuth.js
FN:3,(anonymous_0)
FN:5,(anonymous_1)
FN:7,(anonymous_2)
FN:9,(anonymous_3)
FN:12,(anonymous_4)
FN:15,(anonymous_5)
FN:18,(anonymous_6)
FN:21,(anonymous_7)
FN:23,(anonymous_8)
FN:26,(anonymous_9)
FN:28,(anonymous_10)
FN:30,(anonymous_11)
FN:33,(anonymous_12)
FN:35,(anonymous_13)
FN:37,(anonymous_14)
FN:40,(anonymous_15)
FNF:16
FNH:4
FNDA:0,(anonymous_0)
FNDA:0,(anonymous_1)
FNDA:0,(anonymous_2)
FNDA:0,(anonymous_3)
FNDA:0,(anonymous_4)
FNDA:0,(anonymous_5)
FNDA:0,(anonymous_6)
FNDA:0,(anonymous_7)
FNDA:0,(anonymous_8)
FNDA:2,(anonymous_9)
FNDA:0,(anonymous_10)
FNDA:0,(anonymous_11)
FNDA:0,(anonymous_12)
FNDA:2,(anonymous_13)
FNDA:1,(anonymous_14)
FNDA:2,(anonymous_15)
DA:3,44
DA:5,44
DA:7,44
DA:9,44
DA:10,0
DA:12,44
DA:13,0
DA:15,44
DA:16,0
DA:18,44
DA:19,0
DA:21,44
DA:22,0
DA:23,0
DA:26,44
DA:28,44
DA:30,44
DA:31,0
DA:33,44
DA:35,44
DA:37,44
DA:38,1
DA:40,44
LF:23
LH:16
BRF:0
BRH:0
end_of_record
TN:
SF:/Users/edward/Desktop/canopy-frontend/packages/canopy-frontend-common/src/utils/api/userNotifications.js
FN:3,(anonymous_0)
FN:6,(anonymous_1)
FNF:2
FNH:2
FNDA:2,(anonymous_0)
FNDA:2,(anonymous_1)
DA:3,45
DA:4,2
DA:6,45
DA:7,2
LF:4
LH:4
BRF:0
BRH:0
end_of_record
TN:
SF:/Users/edward/Desktop/canopy-frontend/packages/canopy-frontend-common/src/utils/api/specs/LeaseSpec.js
FNF:0
FNH:0
LF:0
LH:0
BRF:0
BRH:0
end_of_record
TN:
SF:/Users/edward/Desktop/canopy-frontend/packages/canopy-frontend-common/src/utils/api/specs/PropertySpec.js
FNF:0
FNH:0
LF:0
LH:0
BRF:0
BRH:0
end_of_record
TN:
SF:/Users/edward/Desktop/canopy-frontend/packages/canopy-frontend-common/src/utils/helpers/linking.js
FN:8,(anonymous_0)
FNF:1
FNH:0
FNDA:0,(anonymous_0)
DA:8,36
LF:1
LH:1
BRF:0
BRH:0
end_of_record
TN:
SF:/Users/edward/Desktop/canopy-frontend/packages/canopy-frontend-common/src/utils/helpers/object.js
FN:1,(anonymous_0)
FN:3,(anonymous_1)
FNF:2
FNH:2
FNDA:40,(anonymous_0)
FNDA:36,(anonymous_1)
DA:1,1
DA:2,40
DA:4,36
DA:5,6
DA:7,6
DA:10,30
LF:6
LH:6
BRDA:4,0,0,6
BRDA:4,0,1,30
BRDA:7,1,0,3
BRDA:7,1,1,3
BRF:4
BRH:4
end_of_record
TN:
SF:/Users/edward/Desktop/canopy-frontend/packages/canopy-frontend-common/src/utils/helpers/property.js
FN:3,(anonymous_0)
FN:5,(anonymous_1)
FN:13,(anonymous_2)
FN:24,(anonymous_3)
FN:35,(anonymous_4)
FN:37,(anonymous_5)
FN:50,(anonymous_6)
FNF:7
FNH:7
FNDA:5,(anonymous_0)
FNDA:10,(anonymous_1)
FNDA:11,(anonymous_2)
FNDA:11,(anonymous_3)
FNDA:13,(anonymous_4)
FNDA:2,(anonymous_5)
FNDA:11,(anonymous_6)
DA:3,4
DA:4,5
DA:5,10
DA:7,4
DA:10,1
DA:13,4
DA:14,11
DA:16,1
DA:18,6
DA:20,4
DA:24,4
DA:25,11
DA:27,1
DA:29,2
DA:31,8
DA:35,13
DA:37,4
DA:38,2
DA:39,2
DA:40,1
DA:42,1
DA:43,1
DA:47,0
DA:50,4
DA:54,11
DA:55,11
DA:56,11
DA:57,11
DA:58,11
DA:60,11
DA:65,57
DA:68,11
DA:70,11
DA:71,2
DA:74,9
LF:35
LH:34
BRDA:4,0,0,4
BRDA:4,0,1,1
BRDA:4,1,0,5
BRDA:4,1,1,4
BRDA:7,2,0,4
BRDA:7,2,1,3
BRDA:7,2,2,1
BRDA:14,3,0,1
BRDA:14,3,1,6
BRDA:14,3,2,4
BRDA:25,4,0,1
BRDA:25,4,1,2
BRDA:25,4,2,8
BRDA:35,5,0,13
BRDA:35,5,1,11
BRDA:38,6,0,2
BRDA:38,6,1,0
BRDA:39,7,0,1
BRDA:39,7,1,1
BRDA:42,8,0,1
BRDA:42,8,1,0
BRDA:50,9,0,0
BRDA:70,10,0,2
BRDA:70,10,1,9
BRF:24
BRH:21
end_of_record
TN:
SF:/Users/edward/Desktop/canopy-frontend/packages/canopy-frontend-common/src/utils/helpers/rentPassport.js
FN:17,(anonymous_0)
FN:24,(anonymous_1)
FN:30,(anonymous_2)
FN:39,(anonymous_3)
FN:44,(anonymous_4)
FN:52,(anonymous_5)
FN:81,(anonymous_6)
FN:82,(anonymous_7)
FN:83,(anonymous_8)
FN:83,(anonymous_9)
FN:95,(anonymous_10)
FN:96,(anonymous_11)
FN:98,(anonymous_12)
FN:99,(anonymous_13)
FN:123,(anonymous_14)
FN:138,(anonymous_15)
FN:152,(anonymous_16)
FN:163,(anonymous_17)
FN:169,(anonymous_18)
FN:179,(anonymous_19)
FN:186,(anonymous_20)
FN:213,(anonymous_21)
FN:227,(anonymous_22)
FN:231,(anonymous_23)
FN:236,(anonymous_24)
FNF:25
FNH:16
FNDA:0,(anonymous_0)
FNDA:0,(anonymous_1)
FNDA:106,(anonymous_2)
FNDA:323,(anonymous_3)
FNDA:0,(anonymous_4)
FNDA:9,(anonymous_5)
FNDA:3,(anonymous_6)
FNDA:3,(anonymous_7)
FNDA:3,(anonymous_8)
FNDA:7,(anonymous_9)
FNDA:2,(anonymous_10)
FNDA:2,(anonymous_11)
FNDA:2,(anonymous_12)
FNDA:4,(anonymous_13)
FNDA:36,(anonymous_14)
FNDA:0,(anonymous_15)
FNDA:0,(anonymous_16)
FNDA:0,(anonymous_17)
FNDA:0,(anonymous_18)
FNDA:0,(anonymous_19)
FNDA:0,(anonymous_20)
FNDA:58,(anonymous_21)
FNDA:36,(anonymous_22)
FNDA:162,(anonymous_23)
FNDA:36,(anonymous_24)
DA:8,35
DA:16,35
DA:17,0
DA:23,35
DA:24,0
DA:30,35
DA:31,106
DA:39,35
DA:40,323
DA:52,35
DA:53,9
DA:54,9
DA:55,9
DA:56,7
DA:57,7
DA:58,6
DA:60,6
DA:65,7
DA:66,2
DA:68,2
DA:74,9
DA:82,3
DA:83,7
DA:84,3
DA:85,3
DA:86,3
DA:87,6
DA:88,2
DA:92,1
DA:96,2
DA:97,2
DA:99,4
DA:103,2
DA:123,36
DA:139,0
DA:152,0
DA:163,0
DA:169,0
DA:179,0
DA:186,0
DA:214,58
DA:216,58
DA:217,57
DA:220,1
DA:228,36
DA:230,36
DA:231,162
DA:237,36
DA:238,36
DA:244,36
DA:246,36
DA:248,36
DA:252,36
DA:271,0
LF:54
LH:45
BRDA:17,0,0,0
BRDA:17,0,1,0
BRDA:24,1,0,0
BRDA:24,1,1,0
BRDA:55,2,0,7
BRDA:55,2,1,2
BRDA:55,3,0,9
BRDA:55,3,1,8
BRDA:57,4,0,6
BRDA:57,4,1,1
BRDA:65,5,0,2
BRDA:65,5,1,5
BRDA:65,6,0,7
BRDA:65,6,1,2
BRDA:84,7,0,3
BRDA:84,7,1,3
BRDA:87,8,0,2
BRDA:87,8,1,4
BRDA:103,9,0,2
BRDA:103,9,1,1
BRDA:103,9,2,1
BRDA:216,10,0,57
BRDA:216,10,1,1
BRDA:231,11,0,36
BRDA:231,11,1,1
BRDA:237,12,0,36
BRDA:237,12,1,0
BRDA:248,13,0,35
BRDA:248,13,1,1
BRDA:248,14,0,36
BRDA:248,14,1,36
BRDA:255,15,0,36
BRDA:255,15,1,27
BRDA:256,16,0,36
BRDA:256,16,1,1
BRDA:260,17,0,36
BRDA:260,17,1,1
BRDA:261,18,0,36
BRDA:261,18,1,30
BRF:39
BRH:34
end_of_record
TN:
SF:/Users/edward/Desktop/canopy-frontend/packages/canopy-frontend-common/src/utils/locales/de-DE.js
FNF:0
FNH:0
DA:1,34
LF:1
LH:1
BRF:0
BRH:0
end_of_record
TN:
SF:/Users/edward/Desktop/canopy-frontend/packages/canopy-frontend-common/src/utils/locales/en-US.js
FNF:0
FNH:0
DA:4,39
DA:6,39
DA:11,39
LF:3
LH:3
BRF:0
BRH:0
end_of_record
TN:
SF:/Users/edward/Desktop/canopy-frontend/packages/canopy-frontend-common/src/utils/locales/index.js
FN:17,(anonymous_0)
FNF:1
FNH:1
FNDA:33,(anonymous_0)
DA:1,34
DA:6,34
DA:17,34
LF:3
LH:3
BRDA:17,0,0,0
BRF:1
BRH:0
end_of_record
TN:
SF:/Users/edward/Desktop/canopy-frontend/packages/canopy-frontend-common/src/utils/store/store.js
FNF:0
FNH:0
DA:7,33
DA:11,33
DA:13,33
DA:15,33
DA:17,33
LF:5
LH:5
BRDA:7,0,0,0
BRDA:7,0,1,33
BRDA:15,1,0,33
BRDA:15,1,1,0
BRDA:15,1,2,0
BRDA:15,1,3,33
BRF:6
BRH:3
end_of_record
TN:
SF:/Users/edward/Desktop/canopy-frontend/packages/canopy-frontend-common/src/utils/string/index.js
FN:3,(anonymous_0)
FN:7,(anonymous_1)
FN:16,(anonymous_2)
FN:21,(anonymous_3)
FN:28,(anonymous_4)
FN:29,(anonymous_5)
FN:32,(anonymous_6)
FNF:7
FNH:7
FNDA:19,(anonymous_0)
FNDA:18,(anonymous_1)
FNDA:7,(anonymous_2)
FNDA:82,(anonymous_3)
FNDA:328,(anonymous_4)
FNDA:16,(anonymous_5)
FNDA:29,(anonymous_6)
DA:3,13
DA:4,19
DA:7,13
DA:8,18
DA:13,18
DA:16,13
DA:17,7
DA:21,13
DA:22,82
DA:28,328
DA:29,16
DA:32,13
DA:33,29
LF:13
LH:13
BRDA:4,0,0,19
BRDA:4,0,1,19
BRDA:16,1,0,5
BRDA:16,2,0,6
BRDA:21,3,0,52
BRDA:26,4,0,82
BRDA:26,4,1,30
BRF:7
BRH:7
end_of_record
TN:
SF:/Users/edward/Desktop/canopy-frontend/packages/canopy-frontend-common/src/utils/validators/alphaonly.js
FN:3,(anonymous_0)
FNF:1
FNH:1
FNDA:11,(anonymous_0)
DA:3,1
DA:4,11
LF:2
LH:2
BRDA:4,0,0,11
BRDA:4,0,1,11
BRDA:4,0,2,6
BRF:3
BRH:3
end_of_record
TN:
SF:/Users/edward/Desktop/canopy-frontend/packages/canopy-frontend-common/src/utils/validators/common.js
FN:1,(anonymous_0)
FN:3,(anonymous_1)
FN:10,(anonymous_2)
FN:11,(anonymous_3)
FN:20,(anonymous_4)
FN:20,(anonymous_5)
FN:23,(anonymous_6)
FN:25,(anonymous_7)
FN:32,(anonymous_8)
FN:36,(anonymous_9)
FNF:10
FNH:8
FNDA:1,(anonymous_0)
FNDA:30,(anonymous_1)
FNDA:30,(anonymous_2)
FNDA:30,(anonymous_3)
FNDA:30,(anonymous_4)
FNDA:1,(anonymous_5)
FNDA:13,(anonymous_6)
FNDA:1,(anonymous_7)
FNDA:0,(anonymous_8)
FNDA:0,(anonymous_9)
DA:1,8
DA:3,8
DA:4,30
DA:5,30
DA:7,13
DA:10,8
DA:11,30
DA:12,30
DA:14,30
DA:20,30
DA:21,1
DA:23,8
DA:24,13
DA:25,1
DA:32,8
DA:33,0
DA:34,0
DA:35,0
DA:36,0
DA:39,0
DA:40,0
DA:45,0
LF:22
LH:15
BRDA:1,0,0,1
BRDA:1,0,1,1
BRDA:12,1,0,29
BRDA:21,2,0,1
BRDA:21,2,1,0
BRDA:39,3,0,0
BRDA:39,3,1,0
BRDA:39,4,0,0
BRDA:39,4,1,0
BRF:9
BRH:4
end_of_record
TN:
SF:/Users/edward/Desktop/canopy-frontend/packages/canopy-frontend-common/src/utils/validators/email.js
FN:6,(anonymous_0)
FN:9,(anonymous_1)
FN:12,(anonymous_2)
FN:14,(anonymous_3)
FN:21,(anonymous_4)
FN:23,(anonymous_5)
FN:26,(anonymous_6)
FNF:7
FNH:4
FNDA:21,(anonymous_0)
FNDA:2,(anonymous_1)
FNDA:1,(anonymous_2)
FNDA:1,(anonymous_3)
FNDA:0,(anonymous_4)
FNDA:0,(anonymous_5)
FNDA:0,(anonymous_6)
DA:6,3
DA:7,21
DA:9,3
DA:10,2
DA:12,1
DA:15,1
DA:17,1
DA:21,3
DA:23,3
DA:24,0
DA:26,3
LF:11
LH:10
BRDA:7,0,0,21
BRDA:7,0,1,21
BRDA:7,0,2,10
BRDA:12,1,0,0
BRDA:12,1,1,1
BRDA:21,2,0,0
BRDA:21,2,1,0
BRDA:24,3,0,0
BRDA:24,3,1,0
BRDA:24,3,2,0
BRF:10
BRH:4
end_of_record
TN:
SF:/Users/edward/Desktop/canopy-frontend/packages/canopy-frontend-common/src/utils/validators/number.js
FN:3,(anonymous_0)
FN:6,(anonymous_1)
FNF:2
FNH:2
FNDA:29,(anonymous_0)
FNDA:9,(anonymous_1)
DA:3,1
DA:4,29
DA:6,1
DA:7,9
LF:4
LH:4
BRDA:4,0,0,29
BRDA:4,0,1,29
BRDA:4,0,2,26
BRDA:7,1,0,9
BRDA:7,1,1,9
BRDA:7,1,2,0
BRF:6
BRH:5
end_of_record
TN:
SF:/Users/edward/Desktop/canopy-frontend/packages/canopy-frontend-common/src/utils/validators/password.js
FN:3,(anonymous_0)
FN:6,(anonymous_1)
FNF:2
FNH:2
FNDA:12,(anonymous_0)
FNDA:2,(anonymous_1)
DA:3,2
DA:4,12
DA:6,2
DA:7,2
LF:4
LH:4
BRDA:4,0,0,12
BRDA:4,0,1,12
BRDA:4,0,2,6
BRDA:7,1,0,2
BRDA:7,1,1,2
BRDA:7,1,2,1
BRF:6
BRH:6
end_of_record
TN:
SF:/Users/edward/Desktop/canopy-frontend/packages/canopy-frontend-common/src/utils/validators/phone.js
FN:3,(anonymous_0)
FN:9,(anonymous_1)
FN:11,(anonymous_2)
FNF:3
FNH:1
FNDA:9,(anonymous_0)
FNDA:0,(anonymous_1)
FNDA:0,(anonymous_2)
DA:3,1
DA:4,9
DA:9,1
DA:11,1
LF:4
LH:4
BRDA:4,0,0,9
BRDA:4,0,1,9
BRDA:4,0,2,5
BRDA:9,1,0,0
BRDA:9,1,1,0
BRF:5
BRH:3
end_of_record
TN:
SF:/Users/edward/Desktop/canopy-frontend/packages/canopy-frontend-common/src/utils/validators/regex.js
FNF:0
FNH:0
DA:1,7
DA:3,7
DA:5,7
DA:7,7
DA:9,7
DA:11,7
LF:6
LH:6
BRF:0
BRH:0
end_of_record
