{"/Users/edward/Desktop/canopy-frontend/packages/canopy-frontend-common/src/App.js": {"path":"/Users/edward/Desktop/canopy-frontend/packages/canopy-frontend-common/src/App.js","statementMap":{"0":{"start":{"line":1,"column":0},"end":{"line":null,"column":-1}},"1":{"start":{"line":2,"column":0},"end":{"line":null,"column":-1}},"2":{"start":{"line":3,"column":0},"end":{"line":null,"column":-1}},"3":{"start":{"line":4,"column":0},"end":{"line":null,"column":-1}},"4":{"start":{"line":6,"column":0},"end":{"line":null,"column":-1}},"5":{"start":{"line":7,"column":0},"end":{"line":null,"column":-1}},"6":{"start":{"line":9,"column":0},"end":{"line":null,"column":-1}},"7":{"start":{"line":10,"column":0},"end":{"line":null,"column":-1}},"8":{"start":{"line":11,"column":0},"end":{"line":null,"column":-1}},"9":{"start":{"line":12,"column":0},"end":{"line":null,"column":-1}},"10":{"start":{"line":13,"column":0},"end":{"line":null,"column":-1}},"11":{"start":{"line":15,"column":0},"end":{"line":null,"column":-1}},"12":{"start":{"line":16,"column":0},"end":{"line":null,"column":-1}},"13":{"start":{"line":18,"column":0},"end":{"line":null,"column":-1}},"14":{"start":{"line":19,"column":0},"end":{"line":null,"column":-1}},"15":{"start":{"line":20,"column":0},"end":{"line":null,"column":-1}},"16":{"start":{"line":21,"column":0},"end":{"line":null,"column":-1}},"17":{"start":{"line":22,"column":0},"end":{"line":null,"column":-1}},"18":{"start":{"line":23,"column":0},"end":{"line":null,"column":-1}},"19":{"start":{"line":24,"column":0},"end":{"line":null,"column":-1}},"20":{"start":{"line":25,"column":0},"end":{"line":null,"column":-1}},"21":{"start":{"line":26,"column":0},"end":{"line":null,"column":-1}},"22":{"start":{"line":27,"column":0},"end":{"line":null,"column":-1}},"23":{"start":{"line":29,"column":0},"end":{"line":null,"column":-1}},"24":{"start":{"line":30,"column":0},"end":{"line":null,"column":-1}},"25":{"start":{"line":31,"column":0},"end":{"line":null,"column":-1}},"26":{"start":{"line":32,"column":0},"end":{"line":null,"column":-1}},"27":{"start":{"line":33,"column":0},"end":{"line":null,"column":-1}},"28":{"start":{"line":34,"column":0},"end":{"line":null,"column":-1}},"29":{"start":{"line":39,"column":0},"end":{"line":null,"column":-1}},"30":{"start":{"line":41,"column":0},"end":{"line":43,"column":1}},"31":{"start":{"line":42,"column":2},"end":{"line":null,"column":-1}},"32":{"start":{"line":45,"column":0},"end":{"line":null,"column":-1}},"33":{"start":{"line":45,"column":38},"end":{"line":45,"column":37}},"34":{"start":{"line":45,"column":38},"end":{"line":null,"column":-1}},"35":{"start":{"line":54,"column":4},"end":{"line":56,"column":5}},"36":{"start":{"line":55,"column":6},"end":{"line":null,"column":-1}},"37":{"start":{"line":60,"column":4},"end":{"line":null,"column":-1}},"38":{"start":{"line":87,"column":26},"end":{"line":null,"column":-1}},"39":{"start":{"line":102,"column":26},"end":{"line":null,"column":-1}},"40":{"start":{"line":107,"column":26},"end":{"line":null,"column":-1}}},"fnMap":{"0":{"name":"(anonymous_8)","decl":{"start":{"line":45,"column":38},"end":{"line":null,"column":-1}},"loc":{"start":{"line":45,"column":38},"end":{"line":45,"column":0}}},"1":{"name":"render","decl":{"start":{"line":87,"column":26},"end":{"line":null,"column":-1}},"loc":{"start":{"line":87,"column":26},"end":{"line":null,"column":-1}}},"2":{"name":"render","decl":{"start":{"line":102,"column":26},"end":{"line":null,"column":-1}},"loc":{"start":{"line":102,"column":26},"end":{"line":null,"column":-1}}},"3":{"name":"render","decl":{"start":{"line":107,"column":26},"end":{"line":null,"column":-1}},"loc":{"start":{"line":107,"column":26},"end":{"line":null,"column":-1}}}},"branchMap":{"0":{"loc":{"start":{"line":41,"column":0},"end":{"line":43,"column":1}},"type":"if","locations":[{"start":{"line":41,"column":0},"end":{"line":43,"column":1}},{"start":{"line":41,"column":0},"end":{"line":43,"column":1}}]},"1":{"loc":{"start":{"line":54,"column":4},"end":{"line":56,"column":5}},"type":"if","locations":[{"start":{"line":54,"column":4},"end":{"line":56,"column":5}},{"start":{"line":54,"column":4},"end":{"line":56,"column":5}}]}},"s":{"0":0,"1":0,"2":0,"3":0,"4":0,"5":0,"6":0,"7":0,"8":0,"9":0,"10":0,"11":0,"12":0,"13":0,"14":0,"15":0,"16":0,"17":0,"18":0,"19":0,"20":0,"21":0,"22":0,"23":0,"24":0,"25":0,"26":0,"27":0,"28":0,"29":0,"30":0,"31":0,"32":0,"33":0,"34":0,"35":0,"36":0,"37":0,"38":0,"39":0,"40":0},"f":{"0":0,"1":0,"2":0,"3":0},"b":{"0":[0,0],"1":[0,0]}}
,"/Users/edward/Desktop/canopy-frontend/packages/canopy-frontend-common/src/actions/agencies.js": {"path":"/Users/edward/Desktop/canopy-frontend/packages/canopy-frontend-common/src/actions/agencies.js","statementMap":{"0":{"start":{"line":6,"column":33},"end":{"line":9,"column":2}},"1":{"start":{"line":6,"column":46},"end":{"line":9,"column":1}},"2":{"start":{"line":11,"column":35},"end":{"line":24,"column":1}},"3":{"start":{"line":11,"column":47},"end":{"line":24,"column":1}},"4":{"start":{"line":13,"column":2},"end":{"line":17,"column":3}},"5":{"start":{"line":14,"column":4},"end":{"line":14,"column":53}},"6":{"start":{"line":16,"column":4},"end":{"line":16,"column":39}},"7":{"start":{"line":19,"column":2},"end":{"line":21,"column":3}},"8":{"start":{"line":20,"column":4},"end":{"line":20,"column":42}},"9":{"start":{"line":23,"column":2},"end":{"line":23,"column":18}},"10":{"start":{"line":26,"column":31},"end":{"line":36,"column":1}},"11":{"start":{"line":26,"column":52},"end":{"line":36,"column":1}},"12":{"start":{"line":27,"column":17},"end":{"line":27,"column":26}},"13":{"start":{"line":28,"column":2},"end":{"line":28,"column":34}},"14":{"start":{"line":30,"column":2},"end":{"line":35,"column":3}},"15":{"start":{"line":31,"column":4},"end":{"line":31,"column":35}},"16":{"start":{"line":32,"column":4},"end":{"line":32,"column":38}},"17":{"start":{"line":34,"column":4},"end":{"line":34,"column":39}},"18":{"start":{"line":38,"column":32},"end":{"line":41,"column":2}},"19":{"start":{"line":38,"column":41},"end":{"line":41,"column":1}}},"fnMap":{"0":{"name":"(anonymous_0)","decl":{"start":{"line":6,"column":33},"end":{"line":6,"column":34}},"loc":{"start":{"line":6,"column":46},"end":{"line":9,"column":1}},"line":6},"1":{"name":"(anonymous_1)","decl":{"start":{"line":11,"column":35},"end":{"line":11,"column":36}},"loc":{"start":{"line":11,"column":47},"end":{"line":24,"column":1}},"line":11},"2":{"name":"(anonymous_2)","decl":{"start":{"line":11,"column":47},"end":{"line":11,"column":48}},"loc":{"start":{"line":11,"column":65},"end":{"line":24,"column":1}},"line":11},"3":{"name":"(anonymous_3)","decl":{"start":{"line":26,"column":31},"end":{"line":26,"column":32}},"loc":{"start":{"line":26,"column":52},"end":{"line":36,"column":1}},"line":26},"4":{"name":"(anonymous_4)","decl":{"start":{"line":26,"column":52},"end":{"line":26,"column":53}},"loc":{"start":{"line":26,"column":70},"end":{"line":36,"column":1}},"line":26},"5":{"name":"(anonymous_5)","decl":{"start":{"line":38,"column":32},"end":{"line":38,"column":33}},"loc":{"start":{"line":38,"column":41},"end":{"line":41,"column":1}},"line":38}},"branchMap":{"0":{"loc":{"start":{"line":19,"column":2},"end":{"line":21,"column":3}},"type":"if","locations":[{"start":{"line":19,"column":2},"end":{"line":21,"column":3}},{"start":{"line":19,"column":2},"end":{"line":21,"column":3}}],"line":19}},"s":{"0":1,"1":2,"2":1,"3":3,"4":3,"5":3,"6":1,"7":3,"8":0,"9":3,"10":1,"11":2,"12":2,"13":2,"14":2,"15":2,"16":1,"17":1,"18":1,"19":0},"f":{"0":2,"1":3,"2":3,"3":2,"4":2,"5":0},"b":{"0":[0,3]},"_coverageSchema":"332fd63041d2c1bcb487cc26dd0d5f7d97098a6c","hash":"9f33f9a04316d5c026681974d7ce3f1af4386945"}
,"/Users/edward/Desktop/canopy-frontend/packages/canopy-frontend-common/src/actions/agency.js": {"path":"/Users/edward/Desktop/canopy-frontend/packages/canopy-frontend-common/src/actions/agency.js","statementMap":{"0":{"start":{"line":3,"column":35},"end":{"line":10,"column":1}},"1":{"start":{"line":3,"column":45},"end":{"line":10,"column":1}},"2":{"start":{"line":4,"column":2},"end":{"line":9,"column":3}},"3":{"start":{"line":5,"column":21},"end":{"line":5,"column":58}},"4":{"start":{"line":6,"column":4},"end":{"line":6,"column":41}},"5":{"start":{"line":8,"column":4},"end":{"line":8,"column":39}},"6":{"start":{"line":12,"column":34},"end":{"line":18,"column":1}},"7":{"start":{"line":12,"column":44},"end":{"line":18,"column":1}},"8":{"start":{"line":13,"column":24},"end":{"line":15,"column":3}},"9":{"start":{"line":14,"column":4},"end":{"line":14,"column":38}},"10":{"start":{"line":17,"column":2},"end":{"line":17,"column":23}},"11":{"start":{"line":20,"column":36},"end":{"line":27,"column":1}},"12":{"start":{"line":20,"column":46},"end":{"line":27,"column":1}},"13":{"start":{"line":21,"column":2},"end":{"line":26,"column":3}},"14":{"start":{"line":22,"column":21},"end":{"line":22,"column":59}},"15":{"start":{"line":23,"column":4},"end":{"line":23,"column":41}},"16":{"start":{"line":25,"column":4},"end":{"line":25,"column":39}},"17":{"start":{"line":29,"column":32},"end":{"line":36,"column":1}},"18":{"start":{"line":29,"column":42},"end":{"line":36,"column":1}},"19":{"start":{"line":30,"column":2},"end":{"line":35,"column":3}},"20":{"start":{"line":31,"column":21},"end":{"line":31,"column":69}},"21":{"start":{"line":32,"column":4},"end":{"line":32,"column":41}},"22":{"start":{"line":34,"column":4},"end":{"line":34,"column":39}},"23":{"start":{"line":38,"column":34},"end":{"line":45,"column":1}},"24":{"start":{"line":38,"column":44},"end":{"line":45,"column":1}},"25":{"start":{"line":39,"column":2},"end":{"line":44,"column":3}},"26":{"start":{"line":40,"column":21},"end":{"line":40,"column":64}},"27":{"start":{"line":41,"column":4},"end":{"line":41,"column":41}},"28":{"start":{"line":43,"column":4},"end":{"line":43,"column":39}}},"fnMap":{"0":{"name":"(anonymous_0)","decl":{"start":{"line":3,"column":35},"end":{"line":3,"column":36}},"loc":{"start":{"line":3,"column":45},"end":{"line":10,"column":1}},"line":3},"1":{"name":"(anonymous_1)","decl":{"start":{"line":3,"column":45},"end":{"line":3,"column":46}},"loc":{"start":{"line":3,"column":63},"end":{"line":10,"column":1}},"line":3},"2":{"name":"(anonymous_2)","decl":{"start":{"line":12,"column":34},"end":{"line":12,"column":35}},"loc":{"start":{"line":12,"column":44},"end":{"line":18,"column":1}},"line":12},"3":{"name":"(anonymous_3)","decl":{"start":{"line":12,"column":44},"end":{"line":12,"column":45}},"loc":{"start":{"line":12,"column":62},"end":{"line":18,"column":1}},"line":12},"4":{"name":"(anonymous_4)","decl":{"start":{"line":13,"column":70},"end":{"line":13,"column":71}},"loc":{"start":{"line":14,"column":4},"end":{"line":14,"column":38}},"line":14},"5":{"name":"(anonymous_5)","decl":{"start":{"line":20,"column":36},"end":{"line":20,"column":37}},"loc":{"start":{"line":20,"column":46},"end":{"line":27,"column":1}},"line":20},"6":{"name":"(anonymous_6)","decl":{"start":{"line":20,"column":46},"end":{"line":20,"column":47}},"loc":{"start":{"line":20,"column":64},"end":{"line":27,"column":1}},"line":20},"7":{"name":"(anonymous_7)","decl":{"start":{"line":29,"column":32},"end":{"line":29,"column":33}},"loc":{"start":{"line":29,"column":42},"end":{"line":36,"column":1}},"line":29},"8":{"name":"(anonymous_8)","decl":{"start":{"line":29,"column":42},"end":{"line":29,"column":43}},"loc":{"start":{"line":29,"column":60},"end":{"line":36,"column":1}},"line":29},"9":{"name":"(anonymous_9)","decl":{"start":{"line":38,"column":34},"end":{"line":38,"column":35}},"loc":{"start":{"line":38,"column":44},"end":{"line":45,"column":1}},"line":38},"10":{"name":"(anonymous_10)","decl":{"start":{"line":38,"column":44},"end":{"line":38,"column":45}},"loc":{"start":{"line":38,"column":62},"end":{"line":45,"column":1}},"line":38}},"branchMap":{},"s":{"0":1,"1":4,"2":4,"3":4,"4":2,"5":2,"6":1,"7":3,"8":3,"9":2,"10":2,"11":1,"12":4,"13":4,"14":4,"15":2,"16":2,"17":1,"18":4,"19":4,"20":4,"21":2,"22":2,"23":1,"24":4,"25":4,"26":4,"27":2,"28":2},"f":{"0":4,"1":4,"2":3,"3":3,"4":2,"5":4,"6":4,"7":4,"8":4,"9":4,"10":4},"b":{},"_coverageSchema":"332fd63041d2c1bcb487cc26dd0d5f7d97098a6c","hash":"b19e265ad2df4545f8d2b678182a2e51da8ddef2"}
,"/Users/edward/Desktop/canopy-frontend/packages/canopy-frontend-common/src/actions/agents.js": {"path":"/Users/edward/Desktop/canopy-frontend/packages/canopy-frontend-common/src/actions/agents.js","statementMap":{"0":{"start":{"line":5,"column":24},"end":{"line":8,"column":2}},"1":{"start":{"line":5,"column":34},"end":{"line":8,"column":1}},"2":{"start":{"line":10,"column":27},"end":{"line":12,"column":2}},"3":{"start":{"line":10,"column":34},"end":{"line":12,"column":1}},"4":{"start":{"line":14,"column":31},"end":{"line":23,"column":1}},"5":{"start":{"line":14,"column":39},"end":{"line":23,"column":1}},"6":{"start":{"line":15,"column":16},"end":{"line":17,"column":3}},"7":{"start":{"line":16,"column":4},"end":{"line":16,"column":38}},"8":{"start":{"line":18,"column":2},"end":{"line":20,"column":3}},"9":{"start":{"line":19,"column":4},"end":{"line":19,"column":30}},"10":{"start":{"line":22,"column":2},"end":{"line":22,"column":15}}},"fnMap":{"0":{"name":"(anonymous_0)","decl":{"start":{"line":5,"column":24},"end":{"line":5,"column":25}},"loc":{"start":{"line":5,"column":34},"end":{"line":8,"column":1}},"line":5},"1":{"name":"(anonymous_1)","decl":{"start":{"line":10,"column":27},"end":{"line":10,"column":28}},"loc":{"start":{"line":10,"column":34},"end":{"line":12,"column":1}},"line":10},"2":{"name":"(anonymous_2)","decl":{"start":{"line":14,"column":31},"end":{"line":14,"column":32}},"loc":{"start":{"line":14,"column":39},"end":{"line":23,"column":1}},"line":14},"3":{"name":"(anonymous_3)","decl":{"start":{"line":14,"column":39},"end":{"line":14,"column":40}},"loc":{"start":{"line":14,"column":57},"end":{"line":23,"column":1}},"line":14},"4":{"name":"(anonymous_4)","decl":{"start":{"line":15,"column":54},"end":{"line":15,"column":55}},"loc":{"start":{"line":16,"column":4},"end":{"line":16,"column":38}},"line":16}},"branchMap":{"0":{"loc":{"start":{"line":18,"column":2},"end":{"line":20,"column":3}},"type":"if","locations":[{"start":{"line":18,"column":2},"end":{"line":20,"column":3}},{"start":{"line":18,"column":2},"end":{"line":20,"column":3}}],"line":18}},"s":{"0":1,"1":2,"2":1,"3":1,"4":1,"5":3,"6":3,"7":1,"8":1,"9":0,"10":1},"f":{"0":2,"1":1,"2":3,"3":3,"4":1},"b":{"0":[0,1]},"_coverageSchema":"332fd63041d2c1bcb487cc26dd0d5f7d97098a6c","hash":"2745611e7a60aeecf9eb39ab341b9e0b624bd9e3"}
,"/Users/edward/Desktop/canopy-frontend/packages/canopy-frontend-common/src/actions/auth.js": {"path":"/Users/edward/Desktop/canopy-frontend/packages/canopy-frontend-common/src/actions/auth.js","statementMap":{"0":{"start":{"line":20,"column":13},"end":{"line":23,"column":1}},"1":{"start":{"line":20,"column":19},"end":{"line":23,"column":1}},"2":{"start":{"line":21,"column":2},"end":{"line":21,"column":29}},"3":{"start":{"line":22,"column":2},"end":{"line":22,"column":30}},"4":{"start":{"line":25,"column":25},"end":{"line":28,"column":2}},"5":{"start":{"line":25,"column":34},"end":{"line":28,"column":1}},"6":{"start":{"line":30,"column":30},"end":{"line":33,"column":2}},"7":{"start":{"line":30,"column":39},"end":{"line":33,"column":1}},"8":{"start":{"line":35,"column":21},"end":{"line":43,"column":1}},"9":{"start":{"line":35,"column":31},"end":{"line":43,"column":1}},"10":{"start":{"line":36,"column":23},"end":{"line":40,"column":4}},"11":{"start":{"line":37,"column":4},"end":{"line":39,"column":6}},"12":{"start":{"line":42,"column":2},"end":{"line":42,"column":22}},"13":{"start":{"line":45,"column":26},"end":{"line":53,"column":1}},"14":{"start":{"line":45,"column":36},"end":{"line":53,"column":1}},"15":{"start":{"line":46,"column":23},"end":{"line":50,"column":4}},"16":{"start":{"line":47,"column":4},"end":{"line":49,"column":6}},"17":{"start":{"line":52,"column":2},"end":{"line":52,"column":22}},"18":{"start":{"line":55,"column":28},"end":{"line":58,"column":2}},"19":{"start":{"line":55,"column":45},"end":{"line":58,"column":1}},"20":{"start":{"line":60,"column":34},"end":{"line":63,"column":2}},"21":{"start":{"line":60,"column":51},"end":{"line":63,"column":1}},"22":{"start":{"line":65,"column":22},"end":{"line":67,"column":2}},"23":{"start":{"line":65,"column":29},"end":{"line":67,"column":1}},"24":{"start":{"line":69,"column":25},"end":{"line":72,"column":2}},"25":{"start":{"line":69,"column":34},"end":{"line":72,"column":1}},"26":{"start":{"line":74,"column":17},"end":{"line":86,"column":1}},"27":{"start":{"line":75,"column":2},"end":{"line":85,"column":4}},"28":{"start":{"line":76,"column":4},"end":{"line":84,"column":5}},"29":{"start":{"line":77,"column":6},"end":{"line":77,"column":31}},"30":{"start":{"line":78,"column":6},"end":{"line":78,"column":39}},"31":{"start":{"line":79,"column":6},"end":{"line":81,"column":7}},"32":{"start":{"line":80,"column":8},"end":{"line":80,"column":39}},"33":{"start":{"line":83,"column":6},"end":{"line":83,"column":68}},"34":{"start":{"line":88,"column":18},"end":{"line":94,"column":1}},"35":{"start":{"line":88,"column":24},"end":{"line":94,"column":1}},"36":{"start":{"line":89,"column":2},"end":{"line":89,"column":15}},"37":{"start":{"line":90,"column":2},"end":{"line":90,"column":19}},"38":{"start":{"line":91,"column":2},"end":{"line":91,"column":33}},"39":{"start":{"line":92,"column":2},"end":{"line":92,"column":21}},"40":{"start":{"line":93,"column":2},"end":{"line":93,"column":20}},"41":{"start":{"line":98,"column":0},"end":{"line":98,"column":28}},"42":{"start":{"line":99,"column":0},"end":{"line":99,"column":30}},"43":{"start":{"line":101,"column":41},"end":{"line":108,"column":1}},"44":{"start":{"line":101,"column":47},"end":{"line":108,"column":1}},"45":{"start":{"line":102,"column":15},"end":{"line":102,"column":62}},"46":{"start":{"line":103,"column":2},"end":{"line":107,"column":3}},"47":{"start":{"line":104,"column":4},"end":{"line":104,"column":51}},"48":{"start":{"line":106,"column":4},"end":{"line":106,"column":29}},"49":{"start":{"line":110,"column":29},"end":{"line":142,"column":1}},"50":{"start":{"line":110,"column":63},"end":{"line":142,"column":1}},"51":{"start":{"line":117,"column":6},"end":{"line":117,"column":16}},"52":{"start":{"line":118,"column":2},"end":{"line":141,"column":3}},"53":{"start":{"line":119,"column":4},"end":{"line":121,"column":5}},"54":{"start":{"line":120,"column":6},"end":{"line":120,"column":44}},"55":{"start":{"line":123,"column":25},"end":{"line":123,"column":64}},"56":{"start":{"line":124,"column":4},"end":{"line":135,"column":5}},"57":{"start":{"line":125,"column":24},"end":{"line":125,"column":48}},"58":{"start":{"line":126,"column":6},"end":{"line":132,"column":7}},"59":{"start":{"line":128,"column":8},"end":{"line":128,"column":52}},"60":{"start":{"line":131,"column":8},"end":{"line":131,"column":38}},"61":{"start":{"line":133,"column":11},"end":{"line":135,"column":5}},"62":{"start":{"line":134,"column":6},"end":{"line":134,"column":31}},"63":{"start":{"line":137,"column":4},"end":{"line":139,"column":6}},"64":{"start":{"line":140,"column":4},"end":{"line":140,"column":26}},"65":{"start":{"line":144,"column":33},"end":{"line":174,"column":1}},"66":{"start":{"line":144,"column":42},"end":{"line":174,"column":1}},"67":{"start":{"line":145,"column":30},"end":{"line":148,"column":3}},"68":{"start":{"line":149,"column":23},"end":{"line":153,"column":4}},"69":{"start":{"line":152,"column":4},"end":{"line":152,"column":45}},"70":{"start":{"line":155,"column":2},"end":{"line":169,"column":3}},"71":{"start":{"line":157,"column":6},"end":{"line":157,"column":38}},"72":{"start":{"line":158,"column":6},"end":{"line":158,"column":12}},"73":{"start":{"line":160,"column":6},"end":{"line":160,"column":33}},"74":{"start":{"line":161,"column":6},"end":{"line":161,"column":56}},"75":{"start":{"line":162,"column":6},"end":{"line":162,"column":12}},"76":{"start":{"line":164,"column":6},"end":{"line":164,"column":54}},"77":{"start":{"line":165,"column":6},"end":{"line":165,"column":44}},"78":{"start":{"line":166,"column":6},"end":{"line":166,"column":12}},"79":{"start":{"line":168,"column":6},"end":{"line":168,"column":12}},"80":{"start":{"line":171,"column":2},"end":{"line":173,"column":3}},"81":{"start":{"line":172,"column":4},"end":{"line":172,"column":33}},"82":{"start":{"line":176,"column":36},"end":{"line":184,"column":1}},"83":{"start":{"line":176,"column":58},"end":{"line":184,"column":1}},"84":{"start":{"line":177,"column":15},"end":{"line":179,"column":3}},"85":{"start":{"line":178,"column":4},"end":{"line":178,"column":38}},"86":{"start":{"line":181,"column":2},"end":{"line":183,"column":3}},"87":{"start":{"line":182,"column":4},"end":{"line":182,"column":28}},"88":{"start":{"line":186,"column":34},"end":{"line":204,"column":1}},"89":{"start":{"line":186,"column":55},"end":{"line":204,"column":1}},"90":{"start":{"line":189,"column":6},"end":{"line":189,"column":22}},"91":{"start":{"line":190,"column":17},"end":{"line":192,"column":3}},"92":{"start":{"line":191,"column":4},"end":{"line":191,"column":42}},"93":{"start":{"line":194,"column":2},"end":{"line":203,"column":3}},"94":{"start":{"line":195,"column":4},"end":{"line":201,"column":6}},"95":{"start":{"line":202,"column":4},"end":{"line":202,"column":19}},"96":{"start":{"line":206,"column":23},"end":{"line":212,"column":1}},"97":{"start":{"line":207,"column":2},"end":{"line":211,"column":3}},"98":{"start":{"line":208,"column":4},"end":{"line":208,"column":70}},"99":{"start":{"line":214,"column":23},"end":{"line":220,"column":1}},"100":{"start":{"line":215,"column":2},"end":{"line":219,"column":3}},"101":{"start":{"line":216,"column":4},"end":{"line":216,"column":47}}},"fnMap":{"0":{"name":"(anonymous_0)","decl":{"start":{"line":20,"column":13},"end":{"line":20,"column":14}},"loc":{"start":{"line":20,"column":19},"end":{"line":23,"column":1}},"line":20},"1":{"name":"(anonymous_1)","decl":{"start":{"line":20,"column":19},"end":{"line":20,"column":20}},"loc":{"start":{"line":20,"column":31},"end":{"line":23,"column":1}},"line":20},"2":{"name":"(anonymous_2)","decl":{"start":{"line":25,"column":25},"end":{"line":25,"column":26}},"loc":{"start":{"line":25,"column":34},"end":{"line":28,"column":1}},"line":25},"3":{"name":"(anonymous_3)","decl":{"start":{"line":30,"column":30},"end":{"line":30,"column":31}},"loc":{"start":{"line":30,"column":39},"end":{"line":33,"column":1}},"line":30},"4":{"name":"(anonymous_4)","decl":{"start":{"line":35,"column":21},"end":{"line":35,"column":22}},"loc":{"start":{"line":35,"column":31},"end":{"line":43,"column":1}},"line":35},"5":{"name":"(anonymous_5)","decl":{"start":{"line":35,"column":31},"end":{"line":35,"column":32}},"loc":{"start":{"line":35,"column":49},"end":{"line":43,"column":1}},"line":35},"6":{"name":"(anonymous_6)","decl":{"start":{"line":36,"column":53},"end":{"line":36,"column":54}},"loc":{"start":{"line":36,"column":62},"end":{"line":40,"column":3}},"line":36},"7":{"name":"(anonymous_7)","decl":{"start":{"line":45,"column":26},"end":{"line":45,"column":27}},"loc":{"start":{"line":45,"column":36},"end":{"line":53,"column":1}},"line":45},"8":{"name":"(anonymous_8)","decl":{"start":{"line":45,"column":36},"end":{"line":45,"column":37}},"loc":{"start":{"line":45,"column":54},"end":{"line":53,"column":1}},"line":45},"9":{"name":"(anonymous_9)","decl":{"start":{"line":46,"column":58},"end":{"line":46,"column":59}},"loc":{"start":{"line":46,"column":67},"end":{"line":50,"column":3}},"line":46},"10":{"name":"(anonymous_10)","decl":{"start":{"line":55,"column":28},"end":{"line":55,"column":29}},"loc":{"start":{"line":55,"column":45},"end":{"line":58,"column":1}},"line":55},"11":{"name":"(anonymous_11)","decl":{"start":{"line":60,"column":34},"end":{"line":60,"column":35}},"loc":{"start":{"line":60,"column":51},"end":{"line":63,"column":1}},"line":60},"12":{"name":"(anonymous_12)","decl":{"start":{"line":65,"column":22},"end":{"line":65,"column":23}},"loc":{"start":{"line":65,"column":29},"end":{"line":67,"column":1}},"line":65},"13":{"name":"(anonymous_13)","decl":{"start":{"line":69,"column":25},"end":{"line":69,"column":26}},"loc":{"start":{"line":69,"column":34},"end":{"line":72,"column":1}},"line":69},"14":{"name":"(anonymous_14)","decl":{"start":{"line":74,"column":17},"end":{"line":74,"column":18}},"loc":{"start":{"line":74,"column":51},"end":{"line":86,"column":1}},"line":74},"15":{"name":"(anonymous_15)","decl":{"start":{"line":75,"column":9},"end":{"line":75,"column":10}},"loc":{"start":{"line":75,"column":27},"end":{"line":85,"column":3}},"line":75},"16":{"name":"(anonymous_16)","decl":{"start":{"line":88,"column":18},"end":{"line":88,"column":19}},"loc":{"start":{"line":88,"column":24},"end":{"line":94,"column":1}},"line":88},"17":{"name":"(anonymous_17)","decl":{"start":{"line":88,"column":24},"end":{"line":88,"column":25}},"loc":{"start":{"line":88,"column":36},"end":{"line":94,"column":1}},"line":88},"18":{"name":"(anonymous_18)","decl":{"start":{"line":101,"column":41},"end":{"line":101,"column":42}},"loc":{"start":{"line":101,"column":47},"end":{"line":108,"column":1}},"line":101},"19":{"name":"(anonymous_19)","decl":{"start":{"line":101,"column":47},"end":{"line":101,"column":48}},"loc":{"start":{"line":101,"column":65},"end":{"line":108,"column":1}},"line":101},"20":{"name":"(anonymous_20)","decl":{"start":{"line":110,"column":29},"end":{"line":110,"column":30}},"loc":{"start":{"line":110,"column":63},"end":{"line":142,"column":1}},"line":110},"21":{"name":"(anonymous_21)","decl":{"start":{"line":110,"column":63},"end":{"line":110,"column":64}},"loc":{"start":{"line":113,"column":5},"end":{"line":142,"column":1}},"line":113},"22":{"name":"(anonymous_22)","decl":{"start":{"line":144,"column":33},"end":{"line":144,"column":34}},"loc":{"start":{"line":144,"column":42},"end":{"line":174,"column":1}},"line":144},"23":{"name":"(anonymous_23)","decl":{"start":{"line":144,"column":42},"end":{"line":144,"column":43}},"loc":{"start":{"line":144,"column":60},"end":{"line":174,"column":1}},"line":144},"24":{"name":"(anonymous_24)","decl":{"start":{"line":151,"column":10},"end":{"line":151,"column":11}},"loc":{"start":{"line":151,"column":19},"end":{"line":153,"column":3}},"line":151},"25":{"name":"(anonymous_25)","decl":{"start":{"line":176,"column":36},"end":{"line":176,"column":37}},"loc":{"start":{"line":176,"column":58},"end":{"line":184,"column":1}},"line":176},"26":{"name":"(anonymous_26)","decl":{"start":{"line":176,"column":58},"end":{"line":176,"column":59}},"loc":{"start":{"line":176,"column":76},"end":{"line":184,"column":1}},"line":176},"27":{"name":"(anonymous_27)","decl":{"start":{"line":177,"column":59},"end":{"line":177,"column":60}},"loc":{"start":{"line":178,"column":4},"end":{"line":178,"column":38}},"line":178},"28":{"name":"(anonymous_28)","decl":{"start":{"line":186,"column":34},"end":{"line":186,"column":35}},"loc":{"start":{"line":186,"column":55},"end":{"line":204,"column":1}},"line":186},"29":{"name":"(anonymous_29)","decl":{"start":{"line":186,"column":55},"end":{"line":186,"column":56}},"loc":{"start":{"line":186,"column":73},"end":{"line":204,"column":1}},"line":186},"30":{"name":"(anonymous_30)","decl":{"start":{"line":190,"column":60},"end":{"line":190,"column":61}},"loc":{"start":{"line":191,"column":4},"end":{"line":191,"column":42}},"line":191},"31":{"name":"(anonymous_31)","decl":{"start":{"line":206,"column":23},"end":{"line":206,"column":24}},"loc":{"start":{"line":206,"column":41},"end":{"line":212,"column":1}},"line":206},"32":{"name":"(anonymous_32)","decl":{"start":{"line":214,"column":23},"end":{"line":214,"column":24}},"loc":{"start":{"line":214,"column":35},"end":{"line":220,"column":1}},"line":214}},"branchMap":{"0":{"loc":{"start":{"line":38,"column":24},"end":{"line":38,"column":74}},"type":"binary-expr","locations":[{"start":{"line":38,"column":25},"end":{"line":38,"column":30}},{"start":{"line":38,"column":34},"end":{"line":38,"column":45}},{"start":{"line":38,"column":50},"end":{"line":38,"column":74}}],"line":38},"1":{"loc":{"start":{"line":48,"column":24},"end":{"line":48,"column":74}},"type":"binary-expr","locations":[{"start":{"line":48,"column":25},"end":{"line":48,"column":30}},{"start":{"line":48,"column":34},"end":{"line":48,"column":45}},{"start":{"line":48,"column":50},"end":{"line":48,"column":74}}],"line":48},"2":{"loc":{"start":{"line":76,"column":4},"end":{"line":84,"column":5}},"type":"if","locations":[{"start":{"line":76,"column":4},"end":{"line":84,"column":5}},{"start":{"line":76,"column":4},"end":{"line":84,"column":5}}],"line":76},"3":{"loc":{"start":{"line":79,"column":6},"end":{"line":81,"column":7}},"type":"if","locations":[{"start":{"line":79,"column":6},"end":{"line":81,"column":7}},{"start":{"line":79,"column":6},"end":{"line":81,"column":7}}],"line":79},"4":{"loc":{"start":{"line":103,"column":2},"end":{"line":107,"column":3}},"type":"if","locations":[{"start":{"line":103,"column":2},"end":{"line":107,"column":3}},{"start":{"line":103,"column":2},"end":{"line":107,"column":3}}],"line":103},"5":{"loc":{"start":{"line":110,"column":30},"end":{"line":110,"column":45}},"type":"default-arg","locations":[{"start":{"line":110,"column":41},"end":{"line":110,"column":45}}],"line":110},"6":{"loc":{"start":{"line":119,"column":4},"end":{"line":121,"column":5}},"type":"if","locations":[{"start":{"line":119,"column":4},"end":{"line":121,"column":5}},{"start":{"line":119,"column":4},"end":{"line":121,"column":5}}],"line":119},"7":{"loc":{"start":{"line":119,"column":8},"end":{"line":119,"column":40}},"type":"binary-expr","locations":[{"start":{"line":119,"column":8},"end":{"line":119,"column":25}},{"start":{"line":119,"column":29},"end":{"line":119,"column":40}}],"line":119},"8":{"loc":{"start":{"line":124,"column":4},"end":{"line":135,"column":5}},"type":"if","locations":[{"start":{"line":124,"column":4},"end":{"line":135,"column":5}},{"start":{"line":124,"column":4},"end":{"line":135,"column":5}}],"line":124},"9":{"loc":{"start":{"line":126,"column":6},"end":{"line":132,"column":7}},"type":"if","locations":[{"start":{"line":126,"column":6},"end":{"line":132,"column":7}},{"start":{"line":126,"column":6},"end":{"line":132,"column":7}}],"line":126},"10":{"loc":{"start":{"line":133,"column":11},"end":{"line":135,"column":5}},"type":"if","locations":[{"start":{"line":133,"column":11},"end":{"line":135,"column":5}},{"start":{"line":133,"column":11},"end":{"line":135,"column":5}}],"line":133},"11":{"loc":{"start":{"line":155,"column":2},"end":{"line":169,"column":3}},"type":"switch","locations":[{"start":{"line":156,"column":4},"end":{"line":158,"column":12}},{"start":{"line":159,"column":4},"end":{"line":162,"column":12}},{"start":{"line":163,"column":4},"end":{"line":166,"column":12}},{"start":{"line":167,"column":4},"end":{"line":168,"column":12}}],"line":155},"12":{"loc":{"start":{"line":155,"column":10},"end":{"line":155,"column":43}},"type":"binary-expr","locations":[{"start":{"line":155,"column":10},"end":{"line":155,"column":22}},{"start":{"line":155,"column":26},"end":{"line":155,"column":43}}],"line":155},"13":{"loc":{"start":{"line":171,"column":2},"end":{"line":173,"column":3}},"type":"if","locations":[{"start":{"line":171,"column":2},"end":{"line":173,"column":3}},{"start":{"line":171,"column":2},"end":{"line":173,"column":3}}],"line":171},"14":{"loc":{"start":{"line":171,"column":6},"end":{"line":171,"column":42}},"type":"binary-expr","locations":[{"start":{"line":171,"column":6},"end":{"line":171,"column":18}},{"start":{"line":171,"column":22},"end":{"line":171,"column":42}}],"line":171},"15":{"loc":{"start":{"line":181,"column":2},"end":{"line":183,"column":3}},"type":"if","locations":[{"start":{"line":181,"column":2},"end":{"line":183,"column":3}},{"start":{"line":181,"column":2},"end":{"line":183,"column":3}}],"line":181},"16":{"loc":{"start":{"line":194,"column":2},"end":{"line":203,"column":3}},"type":"if","locations":[{"start":{"line":194,"column":2},"end":{"line":203,"column":3}},{"start":{"line":194,"column":2},"end":{"line":203,"column":3}}],"line":194}},"s":{"0":34,"1":1,"2":0,"3":0,"4":34,"5":4,"6":34,"7":4,"8":34,"9":4,"10":4,"11":2,"12":2,"13":34,"14":4,"15":4,"16":2,"17":2,"18":34,"19":7,"20":34,"21":0,"22":34,"23":3,"24":34,"25":0,"26":34,"27":4,"28":4,"29":3,"30":3,"31":3,"32":3,"33":1,"34":34,"35":3,"36":3,"37":3,"38":3,"39":3,"40":3,"41":34,"42":34,"43":34,"44":0,"45":0,"46":0,"47":0,"48":0,"49":34,"50":7,"51":7,"52":7,"53":7,"54":1,"55":7,"56":7,"57":2,"58":2,"59":1,"60":1,"61":5,"62":3,"63":0,"64":0,"65":34,"66":0,"67":0,"68":0,"69":0,"70":0,"71":0,"72":0,"73":0,"74":0,"75":0,"76":0,"77":0,"78":0,"79":0,"80":0,"81":0,"82":34,"83":0,"84":0,"85":0,"86":0,"87":0,"88":34,"89":3,"90":3,"91":3,"92":1,"93":2,"94":1,"95":1,"96":34,"97":3,"98":3,"99":34,"100":3,"101":3},"f":{"0":1,"1":0,"2":4,"3":4,"4":4,"5":4,"6":2,"7":4,"8":4,"9":2,"10":7,"11":0,"12":3,"13":0,"14":4,"15":4,"16":3,"17":3,"18":0,"19":0,"20":7,"21":7,"22":0,"23":0,"24":0,"25":0,"26":0,"27":0,"28":3,"29":3,"30":1,"31":3,"32":3},"b":{"0":[2,2,2],"1":[2,2,2],"2":[3,1],"3":[3,0],"4":[0,0],"5":[5],"6":[1,6],"7":[7,6],"8":[2,5],"9":[1,1],"10":[3,2],"11":[0,0,0,0],"12":[0,0],"13":[0,0],"14":[0,0],"15":[0,0],"16":[1,1]},"_coverageSchema":"332fd63041d2c1bcb487cc26dd0d5f7d97098a6c","hash":"ac292f4d085275bc868725cd64d5193a9c232fbc"}
,"/Users/edward/Desktop/canopy-frontend/packages/canopy-frontend-common/src/actions/form.js": {"path":"/Users/edward/Desktop/canopy-frontend/packages/canopy-frontend-common/src/actions/form.js","statementMap":{"0":{"start":{"line":15,"column":28},"end":{"line":18,"column":2}},"1":{"start":{"line":15,"column":39},"end":{"line":18,"column":1}},"2":{"start":{"line":20,"column":27},"end":{"line":22,"column":2}},"3":{"start":{"line":20,"column":34},"end":{"line":22,"column":1}},"4":{"start":{"line":24,"column":36},"end":{"line":27,"column":2}},"5":{"start":{"line":24,"column":47},"end":{"line":27,"column":1}},"6":{"start":{"line":29,"column":35},"end":{"line":31,"column":2}},"7":{"start":{"line":29,"column":42},"end":{"line":31,"column":1}},"8":{"start":{"line":33,"column":20},"end":{"line":36,"column":1}},"9":{"start":{"line":33,"column":43},"end":{"line":36,"column":1}},"10":{"start":{"line":34,"column":2},"end":{"line":34,"column":33}},"11":{"start":{"line":35,"column":2},"end":{"line":35,"column":26}},"12":{"start":{"line":38,"column":22},"end":{"line":41,"column":1}},"13":{"start":{"line":38,"column":28},"end":{"line":41,"column":1}},"14":{"start":{"line":39,"column":2},"end":{"line":39,"column":26}},"15":{"start":{"line":40,"column":2},"end":{"line":40,"column":29}},"16":{"start":{"line":43,"column":28},"end":{"line":54,"column":1}},"17":{"start":{"line":43,"column":51},"end":{"line":54,"column":1}},"18":{"start":{"line":44,"column":15},"end":{"line":46,"column":3}},"19":{"start":{"line":45,"column":4},"end":{"line":45,"column":38}},"20":{"start":{"line":48,"column":2},"end":{"line":53,"column":3}},"21":{"start":{"line":49,"column":4},"end":{"line":49,"column":74}},"22":{"start":{"line":50,"column":4},"end":{"line":50,"column":39}},"23":{"start":{"line":51,"column":4},"end":{"line":51,"column":28}},"24":{"start":{"line":52,"column":4},"end":{"line":52,"column":32}},"25":{"start":{"line":56,"column":35},"end":{"line":66,"column":1}},"26":{"start":{"line":56,"column":58},"end":{"line":66,"column":1}},"27":{"start":{"line":57,"column":15},"end":{"line":59,"column":3}},"28":{"start":{"line":58,"column":4},"end":{"line":58,"column":38}},"29":{"start":{"line":61,"column":2},"end":{"line":65,"column":3}},"30":{"start":{"line":62,"column":4},"end":{"line":62,"column":33}},"31":{"start":{"line":63,"column":4},"end":{"line":63,"column":28}},"32":{"start":{"line":64,"column":4},"end":{"line":64,"column":32}},"33":{"start":{"line":68,"column":36},"end":{"line":77,"column":1}},"34":{"start":{"line":68,"column":59},"end":{"line":77,"column":1}},"35":{"start":{"line":69,"column":23},"end":{"line":71,"column":3}},"36":{"start":{"line":70,"column":4},"end":{"line":70,"column":38}},"37":{"start":{"line":73,"column":2},"end":{"line":76,"column":3}},"38":{"start":{"line":74,"column":4},"end":{"line":74,"column":44}},"39":{"start":{"line":75,"column":4},"end":{"line":75,"column":28}},"40":{"start":{"line":79,"column":29},"end":{"line":86,"column":1}},"41":{"start":{"line":79,"column":56},"end":{"line":86,"column":1}},"42":{"start":{"line":80,"column":20},"end":{"line":84,"column":3}},"43":{"start":{"line":82,"column":6},"end":{"line":82,"column":41}},"44":{"start":{"line":85,"column":2},"end":{"line":85,"column":44}},"45":{"start":{"line":88,"column":38},"end":{"line":96,"column":1}},"46":{"start":{"line":88,"column":61},"end":{"line":96,"column":1}},"47":{"start":{"line":89,"column":27},"end":{"line":91,"column":3}},"48":{"start":{"line":90,"column":17},"end":{"line":90,"column":51}},"49":{"start":{"line":92,"column":2},"end":{"line":95,"column":3}},"50":{"start":{"line":93,"column":4},"end":{"line":93,"column":28}},"51":{"start":{"line":94,"column":4},"end":{"line":94,"column":32}},"52":{"start":{"line":98,"column":26},"end":{"line":120,"column":1}},"53":{"start":{"line":98,"column":36},"end":{"line":120,"column":1}},"54":{"start":{"line":99,"column":18},"end":{"line":99,"column":29}},"55":{"start":{"line":100,"column":19},"end":{"line":100,"column":21}},"56":{"start":{"line":102,"column":2},"end":{"line":109,"column":5}},"57":{"start":{"line":103,"column":4},"end":{"line":108,"column":5}},"58":{"start":{"line":104,"column":6},"end":{"line":106,"column":7}},"59":{"start":{"line":105,"column":8},"end":{"line":105,"column":35}},"60":{"start":{"line":107,"column":6},"end":{"line":107,"column":24}},"61":{"start":{"line":111,"column":2},"end":{"line":111,"column":30}},"62":{"start":{"line":113,"column":21},"end":{"line":115,"column":3}},"63":{"start":{"line":114,"column":4},"end":{"line":114,"column":38}},"64":{"start":{"line":116,"column":2},"end":{"line":119,"column":3}},"65":{"start":{"line":117,"column":4},"end":{"line":117,"column":43}},"66":{"start":{"line":118,"column":4},"end":{"line":118,"column":32}},"67":{"start":{"line":122,"column":34},"end":{"line":133,"column":1}},"68":{"start":{"line":122,"column":55},"end":{"line":133,"column":1}},"69":{"start":{"line":123,"column":17},"end":{"line":125,"column":4}},"70":{"start":{"line":124,"column":4},"end":{"line":124,"column":39}},"71":{"start":{"line":127,"column":2},"end":{"line":132,"column":3}},"72":{"start":{"line":128,"column":4},"end":{"line":128,"column":30}},"73":{"start":{"line":129,"column":4},"end":{"line":131,"column":5}},"74":{"start":{"line":130,"column":6},"end":{"line":130,"column":30}}},"fnMap":{"0":{"name":"(anonymous_0)","decl":{"start":{"line":15,"column":28},"end":{"line":15,"column":29}},"loc":{"start":{"line":15,"column":39},"end":{"line":18,"column":1}},"line":15},"1":{"name":"(anonymous_1)","decl":{"start":{"line":20,"column":27},"end":{"line":20,"column":28}},"loc":{"start":{"line":20,"column":34},"end":{"line":22,"column":1}},"line":20},"2":{"name":"(anonymous_2)","decl":{"start":{"line":24,"column":36},"end":{"line":24,"column":37}},"loc":{"start":{"line":24,"column":47},"end":{"line":27,"column":1}},"line":24},"3":{"name":"(anonymous_3)","decl":{"start":{"line":29,"column":35},"end":{"line":29,"column":36}},"loc":{"start":{"line":29,"column":42},"end":{"line":31,"column":1}},"line":29},"4":{"name":"(anonymous_4)","decl":{"start":{"line":33,"column":20},"end":{"line":33,"column":21}},"loc":{"start":{"line":33,"column":43},"end":{"line":36,"column":1}},"line":33},"5":{"name":"(anonymous_5)","decl":{"start":{"line":33,"column":43},"end":{"line":33,"column":44}},"loc":{"start":{"line":33,"column":55},"end":{"line":36,"column":1}},"line":33},"6":{"name":"(anonymous_6)","decl":{"start":{"line":38,"column":22},"end":{"line":38,"column":23}},"loc":{"start":{"line":38,"column":28},"end":{"line":41,"column":1}},"line":38},"7":{"name":"(anonymous_7)","decl":{"start":{"line":38,"column":28},"end":{"line":38,"column":29}},"loc":{"start":{"line":38,"column":40},"end":{"line":41,"column":1}},"line":38},"8":{"name":"(anonymous_8)","decl":{"start":{"line":43,"column":28},"end":{"line":43,"column":29}},"loc":{"start":{"line":43,"column":51},"end":{"line":54,"column":1}},"line":43},"9":{"name":"(anonymous_9)","decl":{"start":{"line":43,"column":51},"end":{"line":43,"column":52}},"loc":{"start":{"line":43,"column":69},"end":{"line":54,"column":1}},"line":43},"10":{"name":"(anonymous_10)","decl":{"start":{"line":44,"column":52},"end":{"line":44,"column":53}},"loc":{"start":{"line":45,"column":4},"end":{"line":45,"column":38}},"line":45},"11":{"name":"(anonymous_11)","decl":{"start":{"line":56,"column":35},"end":{"line":56,"column":36}},"loc":{"start":{"line":56,"column":58},"end":{"line":66,"column":1}},"line":56},"12":{"name":"(anonymous_12)","decl":{"start":{"line":56,"column":58},"end":{"line":56,"column":59}},"loc":{"start":{"line":56,"column":76},"end":{"line":66,"column":1}},"line":56},"13":{"name":"(anonymous_13)","decl":{"start":{"line":57,"column":59},"end":{"line":57,"column":60}},"loc":{"start":{"line":58,"column":4},"end":{"line":58,"column":38}},"line":58},"14":{"name":"(anonymous_14)","decl":{"start":{"line":68,"column":36},"end":{"line":68,"column":37}},"loc":{"start":{"line":68,"column":59},"end":{"line":77,"column":1}},"line":68},"15":{"name":"(anonymous_15)","decl":{"start":{"line":68,"column":59},"end":{"line":68,"column":60}},"loc":{"start":{"line":68,"column":77},"end":{"line":77,"column":1}},"line":68},"16":{"name":"(anonymous_16)","decl":{"start":{"line":69,"column":68},"end":{"line":69,"column":69}},"loc":{"start":{"line":70,"column":4},"end":{"line":70,"column":38}},"line":70},"17":{"name":"(anonymous_17)","decl":{"start":{"line":79,"column":29},"end":{"line":79,"column":30}},"loc":{"start":{"line":79,"column":56},"end":{"line":86,"column":1}},"line":79},"18":{"name":"(anonymous_18)","decl":{"start":{"line":79,"column":56},"end":{"line":79,"column":57}},"loc":{"start":{"line":79,"column":74},"end":{"line":86,"column":1}},"line":79},"19":{"name":"(anonymous_19)","decl":{"start":{"line":81,"column":4},"end":{"line":81,"column":5}},"loc":{"start":{"line":81,"column":13},"end":{"line":83,"column":5}},"line":81},"20":{"name":"(anonymous_20)","decl":{"start":{"line":88,"column":38},"end":{"line":88,"column":39}},"loc":{"start":{"line":88,"column":61},"end":{"line":96,"column":1}},"line":88},"21":{"name":"(anonymous_21)","decl":{"start":{"line":88,"column":61},"end":{"line":88,"column":62}},"loc":{"start":{"line":88,"column":79},"end":{"line":96,"column":1}},"line":88},"22":{"name":"(anonymous_22)","decl":{"start":{"line":90,"column":4},"end":{"line":90,"column":5}},"loc":{"start":{"line":90,"column":17},"end":{"line":90,"column":51}},"line":90},"23":{"name":"(anonymous_23)","decl":{"start":{"line":98,"column":26},"end":{"line":98,"column":27}},"loc":{"start":{"line":98,"column":36},"end":{"line":120,"column":1}},"line":98},"24":{"name":"(anonymous_24)","decl":{"start":{"line":98,"column":36},"end":{"line":98,"column":37}},"loc":{"start":{"line":98,"column":54},"end":{"line":120,"column":1}},"line":98},"25":{"name":"(anonymous_25)","decl":{"start":{"line":102,"column":30},"end":{"line":102,"column":31}},"loc":{"start":{"line":102,"column":35},"end":{"line":109,"column":3}},"line":102},"26":{"name":"(anonymous_26)","decl":{"start":{"line":113,"column":57},"end":{"line":113,"column":58}},"loc":{"start":{"line":114,"column":4},"end":{"line":114,"column":38}},"line":114},"27":{"name":"(anonymous_27)","decl":{"start":{"line":122,"column":34},"end":{"line":122,"column":35}},"loc":{"start":{"line":122,"column":55},"end":{"line":133,"column":1}},"line":122},"28":{"name":"(anonymous_28)","decl":{"start":{"line":122,"column":55},"end":{"line":122,"column":56}},"loc":{"start":{"line":122,"column":73},"end":{"line":133,"column":1}},"line":122},"29":{"name":"(anonymous_29)","decl":{"start":{"line":123,"column":63},"end":{"line":123,"column":64}},"loc":{"start":{"line":123,"column":72},"end":{"line":125,"column":3}},"line":123}},"branchMap":{"0":{"loc":{"start":{"line":48,"column":2},"end":{"line":53,"column":3}},"type":"if","locations":[{"start":{"line":48,"column":2},"end":{"line":53,"column":3}},{"start":{"line":48,"column":2},"end":{"line":53,"column":3}}],"line":48},"1":{"loc":{"start":{"line":61,"column":2},"end":{"line":65,"column":3}},"type":"if","locations":[{"start":{"line":61,"column":2},"end":{"line":65,"column":3}},{"start":{"line":61,"column":2},"end":{"line":65,"column":3}}],"line":61},"2":{"loc":{"start":{"line":73,"column":2},"end":{"line":76,"column":3}},"type":"if","locations":[{"start":{"line":73,"column":2},"end":{"line":76,"column":3}},{"start":{"line":73,"column":2},"end":{"line":76,"column":3}}],"line":73},"3":{"loc":{"start":{"line":92,"column":2},"end":{"line":95,"column":3}},"type":"if","locations":[{"start":{"line":92,"column":2},"end":{"line":95,"column":3}},{"start":{"line":92,"column":2},"end":{"line":95,"column":3}}],"line":92},"4":{"loc":{"start":{"line":103,"column":4},"end":{"line":108,"column":5}},"type":"if","locations":[{"start":{"line":103,"column":4},"end":{"line":108,"column":5}},{"start":{"line":103,"column":4},"end":{"line":108,"column":5}}],"line":103},"5":{"loc":{"start":{"line":104,"column":6},"end":{"line":106,"column":7}},"type":"if","locations":[{"start":{"line":104,"column":6},"end":{"line":106,"column":7}},{"start":{"line":104,"column":6},"end":{"line":106,"column":7}}],"line":104},"6":{"loc":{"start":{"line":116,"column":2},"end":{"line":119,"column":3}},"type":"if","locations":[{"start":{"line":116,"column":2},"end":{"line":119,"column":3}},{"start":{"line":116,"column":2},"end":{"line":119,"column":3}}],"line":116},"7":{"loc":{"start":{"line":127,"column":2},"end":{"line":132,"column":3}},"type":"if","locations":[{"start":{"line":127,"column":2},"end":{"line":132,"column":3}},{"start":{"line":127,"column":2},"end":{"line":132,"column":3}}],"line":127},"8":{"loc":{"start":{"line":129,"column":4},"end":{"line":131,"column":5}},"type":"if","locations":[{"start":{"line":129,"column":4},"end":{"line":131,"column":5}},{"start":{"line":129,"column":4},"end":{"line":131,"column":5}}],"line":129}},"s":{"0":9,"1":0,"2":9,"3":0,"4":9,"5":5,"6":9,"7":0,"8":9,"9":0,"10":0,"11":0,"12":9,"13":0,"14":0,"15":0,"16":9,"17":1,"18":1,"19":0,"20":0,"21":0,"22":0,"23":0,"24":0,"25":9,"26":4,"27":4,"28":1,"29":2,"30":1,"31":1,"32":1,"33":9,"34":5,"35":5,"36":1,"37":3,"38":2,"39":2,"40":9,"41":8,"42":8,"43":1,"44":2,"45":9,"46":0,"47":0,"48":0,"49":0,"50":0,"51":0,"52":9,"53":4,"54":4,"55":4,"56":4,"57":6,"58":0,"59":0,"60":0,"61":4,"62":4,"63":1,"64":2,"65":1,"66":1,"67":9,"68":4,"69":4,"70":1,"71":2,"72":1,"73":1,"74":0},"f":{"0":0,"1":0,"2":5,"3":0,"4":0,"5":0,"6":0,"7":0,"8":1,"9":1,"10":0,"11":4,"12":4,"13":1,"14":5,"15":5,"16":1,"17":8,"18":8,"19":1,"20":0,"21":0,"22":0,"23":4,"24":4,"25":6,"26":1,"27":4,"28":4,"29":1},"b":{"0":[0,0],"1":[1,1],"2":[2,1],"3":[0,0],"4":[0,6],"5":[0,0],"6":[1,1],"7":[1,1],"8":[0,1]},"_coverageSchema":"332fd63041d2c1bcb487cc26dd0d5f7d97098a6c","hash":"322e89e5c3ddda36f68fec281d3fbb0b82cf0852"}
,"/Users/edward/Desktop/canopy-frontend/packages/canopy-frontend-common/src/actions/images.js": {"path":"/Users/edward/Desktop/canopy-frontend/packages/canopy-frontend-common/src/actions/images.js","statementMap":{"0":{"start":{"line":3,"column":27},"end":{"line":8,"column":1}},"1":{"start":{"line":4,"column":2},"end":{"line":7,"column":4}},"2":{"start":{"line":10,"column":27},"end":{"line":15,"column":1}},"3":{"start":{"line":11,"column":2},"end":{"line":14,"column":4}}},"fnMap":{"0":{"name":"(anonymous_0)","decl":{"start":{"line":3,"column":27},"end":{"line":3,"column":28}},"loc":{"start":{"line":3,"column":36},"end":{"line":8,"column":1}},"line":3},"1":{"name":"(anonymous_1)","decl":{"start":{"line":10,"column":27},"end":{"line":10,"column":28}},"loc":{"start":{"line":10,"column":36},"end":{"line":15,"column":1}},"line":10}},"branchMap":{},"s":{"0":8,"1":2,"2":8,"3":2},"f":{"0":2,"1":2},"b":{},"_coverageSchema":"332fd63041d2c1bcb487cc26dd0d5f7d97098a6c","hash":"7cc7ce36ccd17811d5edfc006079fd5c4e09a9a6"}
,"/Users/edward/Desktop/canopy-frontend/packages/canopy-frontend-common/src/actions/inputField.js": {"path":"/Users/edward/Desktop/canopy-frontend/packages/canopy-frontend-common/src/actions/inputField.js","statementMap":{"0":{"start":{"line":3,"column":28},"end":{"line":5,"column":2}},"1":{"start":{"line":3,"column":35},"end":{"line":5,"column":1}},"2":{"start":{"line":7,"column":20},"end":{"line":7,"column":48}},"3":{"start":{"line":7,"column":29},"end":{"line":7,"column":47}}},"fnMap":{"0":{"name":"(anonymous_0)","decl":{"start":{"line":3,"column":28},"end":{"line":3,"column":29}},"loc":{"start":{"line":3,"column":35},"end":{"line":5,"column":1}},"line":3},"1":{"name":"(anonymous_1)","decl":{"start":{"line":7,"column":20},"end":{"line":7,"column":21}},"loc":{"start":{"line":7,"column":29},"end":{"line":7,"column":47}},"line":7}},"branchMap":{},"s":{"0":10,"1":1,"2":10,"3":2},"f":{"0":1,"1":2},"b":{},"_coverageSchema":"332fd63041d2c1bcb487cc26dd0d5f7d97098a6c","hash":"7ed90b57dd3ea53e1049b404697da2a5668700ae"}
,"/Users/edward/Desktop/canopy-frontend/packages/canopy-frontend-common/src/actions/leases.js": {"path":"/Users/edward/Desktop/canopy-frontend/packages/canopy-frontend-common/src/actions/leases.js","statementMap":{"0":{"start":{"line":6,"column":34},"end":{"line":9,"column":2}},"1":{"start":{"line":6,"column":44},"end":{"line":9,"column":1}},"2":{"start":{"line":11,"column":38},"end":{"line":14,"column":2}},"3":{"start":{"line":11,"column":48},"end":{"line":14,"column":1}},"4":{"start":{"line":16,"column":32},"end":{"line":24,"column":1}},"5":{"start":{"line":16,"column":44},"end":{"line":24,"column":1}},"6":{"start":{"line":17,"column":21},"end":{"line":19,"column":3}},"7":{"start":{"line":18,"column":4},"end":{"line":18,"column":38}},"8":{"start":{"line":21,"column":2},"end":{"line":23,"column":3}},"9":{"start":{"line":22,"column":4},"end":{"line":22,"column":39}},"10":{"start":{"line":26,"column":33},"end":{"line":33,"column":1}},"11":{"start":{"line":26,"column":45},"end":{"line":33,"column":1}},"12":{"start":{"line":27,"column":2},"end":{"line":32,"column":3}},"13":{"start":{"line":28,"column":19},"end":{"line":28,"column":56}},"14":{"start":{"line":29,"column":4},"end":{"line":29,"column":41}},"15":{"start":{"line":31,"column":4},"end":{"line":31,"column":39}},"16":{"start":{"line":35,"column":35},"end":{"line":42,"column":1}},"17":{"start":{"line":35,"column":49},"end":{"line":42,"column":1}},"18":{"start":{"line":36,"column":2},"end":{"line":41,"column":3}},"19":{"start":{"line":37,"column":18},"end":{"line":37,"column":59}},"20":{"start":{"line":38,"column":4},"end":{"line":38,"column":44}},"21":{"start":{"line":40,"column":4},"end":{"line":40,"column":39}}},"fnMap":{"0":{"name":"(anonymous_0)","decl":{"start":{"line":6,"column":34},"end":{"line":6,"column":35}},"loc":{"start":{"line":6,"column":44},"end":{"line":9,"column":1}},"line":6},"1":{"name":"(anonymous_1)","decl":{"start":{"line":11,"column":38},"end":{"line":11,"column":39}},"loc":{"start":{"line":11,"column":48},"end":{"line":14,"column":1}},"line":11},"2":{"name":"(anonymous_2)","decl":{"start":{"line":16,"column":32},"end":{"line":16,"column":33}},"loc":{"start":{"line":16,"column":44},"end":{"line":24,"column":1}},"line":16},"3":{"name":"(anonymous_3)","decl":{"start":{"line":16,"column":44},"end":{"line":16,"column":45}},"loc":{"start":{"line":16,"column":62},"end":{"line":24,"column":1}},"line":16},"4":{"name":"(anonymous_4)","decl":{"start":{"line":17,"column":61},"end":{"line":17,"column":62}},"loc":{"start":{"line":18,"column":4},"end":{"line":18,"column":38}},"line":18},"5":{"name":"(anonymous_5)","decl":{"start":{"line":26,"column":33},"end":{"line":26,"column":34}},"loc":{"start":{"line":26,"column":45},"end":{"line":33,"column":1}},"line":26},"6":{"name":"(anonymous_6)","decl":{"start":{"line":26,"column":45},"end":{"line":26,"column":46}},"loc":{"start":{"line":26,"column":63},"end":{"line":33,"column":1}},"line":26},"7":{"name":"(anonymous_7)","decl":{"start":{"line":35,"column":35},"end":{"line":35,"column":36}},"loc":{"start":{"line":35,"column":49},"end":{"line":42,"column":1}},"line":35},"8":{"name":"(anonymous_8)","decl":{"start":{"line":35,"column":49},"end":{"line":35,"column":50}},"loc":{"start":{"line":35,"column":67},"end":{"line":42,"column":1}},"line":35}},"branchMap":{"0":{"loc":{"start":{"line":21,"column":2},"end":{"line":23,"column":3}},"type":"if","locations":[{"start":{"line":21,"column":2},"end":{"line":23,"column":3}},{"start":{"line":21,"column":2},"end":{"line":23,"column":3}}],"line":21}},"s":{"0":2,"1":5,"2":2,"3":5,"4":2,"5":3,"6":3,"7":1,"8":3,"9":2,"10":2,"11":3,"12":3,"13":3,"14":2,"15":1,"16":2,"17":3,"18":3,"19":3,"20":2,"21":1},"f":{"0":5,"1":5,"2":3,"3":3,"4":1,"5":3,"6":3,"7":3,"8":3},"b":{"0":[2,1]},"_coverageSchema":"332fd63041d2c1bcb487cc26dd0d5f7d97098a6c","hash":"9f9c483e72e502e687c19cb844aef3b6e608fee7"}
,"/Users/edward/Desktop/canopy-frontend/packages/canopy-frontend-common/src/actions/locale.js": {"path":"/Users/edward/Desktop/canopy-frontend/packages/canopy-frontend-common/src/actions/locale.js","statementMap":{"0":{"start":{"line":3,"column":25},"end":{"line":6,"column":2}},"1":{"start":{"line":3,"column":43},"end":{"line":6,"column":1}}},"fnMap":{"0":{"name":"(anonymous_0)","decl":{"start":{"line":3,"column":25},"end":{"line":3,"column":26}},"loc":{"start":{"line":3,"column":43},"end":{"line":6,"column":1}},"line":3}},"branchMap":{},"s":{"0":2,"1":1},"f":{"0":1},"b":{},"_coverageSchema":"332fd63041d2c1bcb487cc26dd0d5f7d97098a6c","hash":"debb049052de88b97ab8f663898dbcaed0ba42d5"}
,"/Users/edward/Desktop/canopy-frontend/packages/canopy-frontend-common/src/actions/menu.js": {"path":"/Users/edward/Desktop/canopy-frontend/packages/canopy-frontend-common/src/actions/menu.js","statementMap":{"0":{"start":{"line":3,"column":24},"end":{"line":5,"column":2}},"1":{"start":{"line":3,"column":31},"end":{"line":5,"column":1}},"2":{"start":{"line":7,"column":24},"end":{"line":9,"column":2}},"3":{"start":{"line":7,"column":31},"end":{"line":9,"column":1}}},"fnMap":{"0":{"name":"(anonymous_0)","decl":{"start":{"line":3,"column":24},"end":{"line":3,"column":25}},"loc":{"start":{"line":3,"column":31},"end":{"line":5,"column":1}},"line":3},"1":{"name":"(anonymous_1)","decl":{"start":{"line":7,"column":24},"end":{"line":7,"column":25}},"loc":{"start":{"line":7,"column":31},"end":{"line":9,"column":1}},"line":7}},"branchMap":{},"s":{"0":1,"1":1,"2":1,"3":1},"f":{"0":1,"1":1},"b":{},"_coverageSchema":"332fd63041d2c1bcb487cc26dd0d5f7d97098a6c","hash":"170ebebe5afca4d4d8b9ee1dc6e1d5b0816102ee"}
,"/Users/edward/Desktop/canopy-frontend/packages/canopy-frontend-common/src/actions/modal.js": {"path":"/Users/edward/Desktop/canopy-frontend/packages/canopy-frontend-common/src/actions/modal.js","statementMap":{"0":{"start":{"line":3,"column":25},"end":{"line":6,"column":2}},"1":{"start":{"line":3,"column":42},"end":{"line":6,"column":1}},"2":{"start":{"line":8,"column":25},"end":{"line":10,"column":2}},"3":{"start":{"line":8,"column":32},"end":{"line":10,"column":1}},"4":{"start":{"line":12,"column":31},"end":{"line":30,"column":1}},"5":{"start":{"line":13,"column":2},"end":{"line":29,"column":4}},"6":{"start":{"line":14,"column":27},"end":{"line":14,"column":44}},"7":{"start":{"line":17,"column":4},"end":{"line":26,"column":5}},"8":{"start":{"line":19,"column":8},"end":{"line":19,"column":65}},"9":{"start":{"line":20,"column":8},"end":{"line":20,"column":14}},"10":{"start":{"line":22,"column":8},"end":{"line":22,"column":63}},"11":{"start":{"line":23,"column":8},"end":{"line":23,"column":14}},"12":{"start":{"line":25,"column":8},"end":{"line":25,"column":14}},"13":{"start":{"line":28,"column":4},"end":{"line":28,"column":33}}},"fnMap":{"0":{"name":"(anonymous_0)","decl":{"start":{"line":3,"column":25},"end":{"line":3,"column":26}},"loc":{"start":{"line":3,"column":42},"end":{"line":6,"column":1}},"line":3},"1":{"name":"(anonymous_1)","decl":{"start":{"line":8,"column":25},"end":{"line":8,"column":26}},"loc":{"start":{"line":8,"column":32},"end":{"line":10,"column":1}},"line":8},"2":{"name":"(anonymous_2)","decl":{"start":{"line":12,"column":31},"end":{"line":12,"column":32}},"loc":{"start":{"line":12,"column":40},"end":{"line":30,"column":1}},"line":12},"3":{"name":"(anonymous_3)","decl":{"start":{"line":13,"column":9},"end":{"line":13,"column":10}},"loc":{"start":{"line":13,"column":33},"end":{"line":29,"column":3}},"line":13}},"branchMap":{"0":{"loc":{"start":{"line":17,"column":4},"end":{"line":26,"column":5}},"type":"switch","locations":[{"start":{"line":18,"column":6},"end":{"line":20,"column":14}},{"start":{"line":21,"column":6},"end":{"line":23,"column":14}},{"start":{"line":24,"column":6},"end":{"line":25,"column":14}}],"line":17}},"s":{"0":4,"1":7,"2":4,"3":1,"4":4,"5":3,"6":3,"7":3,"8":1,"9":1,"10":1,"11":1,"12":1,"13":3},"f":{"0":7,"1":1,"2":3,"3":3},"b":{"0":[1,1,1]},"_coverageSchema":"332fd63041d2c1bcb487cc26dd0d5f7d97098a6c","hash":"34b2d14fb94dd2f9137895b0ac025412581a0ab9"}
,"/Users/edward/Desktop/canopy-frontend/packages/canopy-frontend-common/src/actions/navigation.js": {"path":"/Users/edward/Desktop/canopy-frontend/packages/canopy-frontend-common/src/actions/navigation.js","statementMap":{"0":{"start":{"line":4,"column":20},"end":{"line":4,"column":57}},"1":{"start":{"line":4,"column":26},"end":{"line":4,"column":57}},"2":{"start":{"line":4,"column":38},"end":{"line":4,"column":57}},"3":{"start":{"line":5,"column":18},"end":{"line":10,"column":1}},"4":{"start":{"line":5,"column":25},"end":{"line":10,"column":1}},"5":{"start":{"line":6,"column":16},"end":{"line":6,"column":26}},"6":{"start":{"line":7,"column":2},"end":{"line":9,"column":3}},"7":{"start":{"line":8,"column":4},"end":{"line":8,"column":24}},"8":{"start":{"line":11,"column":22},"end":{"line":11,"column":63}},"9":{"start":{"line":11,"column":31},"end":{"line":11,"column":63}},"10":{"start":{"line":11,"column":37},"end":{"line":11,"column":63}}},"fnMap":{"0":{"name":"(anonymous_0)","decl":{"start":{"line":4,"column":20},"end":{"line":4,"column":21}},"loc":{"start":{"line":4,"column":26},"end":{"line":4,"column":57}},"line":4},"1":{"name":"(anonymous_1)","decl":{"start":{"line":4,"column":26},"end":{"line":4,"column":27}},"loc":{"start":{"line":4,"column":38},"end":{"line":4,"column":57}},"line":4},"2":{"name":"(anonymous_2)","decl":{"start":{"line":5,"column":18},"end":{"line":5,"column":19}},"loc":{"start":{"line":5,"column":25},"end":{"line":10,"column":1}},"line":5},"3":{"name":"(anonymous_3)","decl":{"start":{"line":5,"column":25},"end":{"line":5,"column":26}},"loc":{"start":{"line":5,"column":49},"end":{"line":10,"column":1}},"line":5},"4":{"name":"(anonymous_4)","decl":{"start":{"line":11,"column":22},"end":{"line":11,"column":23}},"loc":{"start":{"line":11,"column":31},"end":{"line":11,"column":63}},"line":11},"5":{"name":"(anonymous_5)","decl":{"start":{"line":11,"column":31},"end":{"line":11,"column":32}},"loc":{"start":{"line":11,"column":37},"end":{"line":11,"column":63}},"line":11}},"branchMap":{"0":{"loc":{"start":{"line":7,"column":2},"end":{"line":9,"column":3}},"type":"if","locations":[{"start":{"line":7,"column":2},"end":{"line":9,"column":3}},{"start":{"line":7,"column":2},"end":{"line":9,"column":3}}],"line":7}},"s":{"0":36,"1":0,"2":0,"3":36,"4":5,"5":0,"6":0,"7":0,"8":36,"9":1,"10":1},"f":{"0":0,"1":0,"2":5,"3":0,"4":1,"5":1},"b":{"0":[0,0]},"_coverageSchema":"332fd63041d2c1bcb487cc26dd0d5f7d97098a6c","hash":"358fbf7a2dce67dcd8412e4b771f38e98b76b0e6"}
,"/Users/edward/Desktop/canopy-frontend/packages/canopy-frontend-common/src/actions/notifications.js": {"path":"/Users/edward/Desktop/canopy-frontend/packages/canopy-frontend-common/src/actions/notifications.js","statementMap":{"0":{"start":{"line":10,"column":33},"end":{"line":12,"column":1}},"1":{"start":{"line":14,"column":34},"end":{"line":18,"column":1}},"2":{"start":{"line":15,"column":2},"end":{"line":15,"column":20}},"3":{"start":{"line":17,"column":2},"end":{"line":17,"column":30}},"4":{"start":{"line":20,"column":32},"end":{"line":27,"column":1}},"5":{"start":{"line":20,"column":43},"end":{"line":27,"column":1}},"6":{"start":{"line":21,"column":2},"end":{"line":24,"column":5}},"7":{"start":{"line":26,"column":2},"end":{"line":26,"column":31}},"8":{"start":{"line":29,"column":33},"end":{"line":39,"column":1}},"9":{"start":{"line":29,"column":42},"end":{"line":39,"column":1}},"10":{"start":{"line":30,"column":2},"end":{"line":38,"column":3}},"11":{"start":{"line":31,"column":4},"end":{"line":31,"column":26}},"12":{"start":{"line":33,"column":4},"end":{"line":36,"column":7}},"13":{"start":{"line":37,"column":4},"end":{"line":37,"column":33}},"14":{"start":{"line":41,"column":35},"end":{"line":48,"column":1}},"15":{"start":{"line":41,"column":46},"end":{"line":48,"column":1}},"16":{"start":{"line":42,"column":2},"end":{"line":45,"column":5}},"17":{"start":{"line":47,"column":2},"end":{"line":47,"column":31}}},"fnMap":{"0":{"name":"(anonymous_0)","decl":{"start":{"line":14,"column":34},"end":{"line":14,"column":35}},"loc":{"start":{"line":14,"column":52},"end":{"line":18,"column":1}},"line":14},"1":{"name":"(anonymous_1)","decl":{"start":{"line":20,"column":32},"end":{"line":20,"column":33}},"loc":{"start":{"line":20,"column":43},"end":{"line":27,"column":1}},"line":20},"2":{"name":"(anonymous_2)","decl":{"start":{"line":20,"column":43},"end":{"line":20,"column":44}},"loc":{"start":{"line":20,"column":55},"end":{"line":27,"column":1}},"line":20},"3":{"name":"(anonymous_3)","decl":{"start":{"line":29,"column":33},"end":{"line":29,"column":34}},"loc":{"start":{"line":29,"column":42},"end":{"line":39,"column":1}},"line":29},"4":{"name":"(anonymous_4)","decl":{"start":{"line":29,"column":42},"end":{"line":29,"column":43}},"loc":{"start":{"line":29,"column":54},"end":{"line":39,"column":1}},"line":29},"5":{"name":"(anonymous_5)","decl":{"start":{"line":41,"column":35},"end":{"line":41,"column":36}},"loc":{"start":{"line":41,"column":46},"end":{"line":48,"column":1}},"line":41},"6":{"name":"(anonymous_6)","decl":{"start":{"line":41,"column":46},"end":{"line":41,"column":47}},"loc":{"start":{"line":41,"column":58},"end":{"line":48,"column":1}},"line":41}},"branchMap":{"0":{"loc":{"start":{"line":30,"column":2},"end":{"line":38,"column":3}},"type":"if","locations":[{"start":{"line":30,"column":2},"end":{"line":38,"column":3}},{"start":{"line":30,"column":2},"end":{"line":38,"column":3}}],"line":30},"1":{"loc":{"start":{"line":30,"column":6},"end":{"line":30,"column":35}},"type":"binary-expr","locations":[{"start":{"line":30,"column":6},"end":{"line":30,"column":11}},{"start":{"line":30,"column":15},"end":{"line":30,"column":35}}],"line":30}},"s":{"0":31,"1":31,"2":4,"3":1,"4":31,"5":1,"6":1,"7":1,"8":31,"9":1,"10":1,"11":0,"12":1,"13":1,"14":31,"15":1,"16":1,"17":1},"f":{"0":4,"1":1,"2":1,"3":1,"4":1,"5":1,"6":1},"b":{"0":[0,1],"1":[1,1]},"_coverageSchema":"332fd63041d2c1bcb487cc26dd0d5f7d97098a6c","hash":"6e6c9b7bceebd93c398614ee8fdc0e819d8c4287"}
,"/Users/edward/Desktop/canopy-frontend/packages/canopy-frontend-common/src/actions/openBanking.js": {"path":"/Users/edward/Desktop/canopy-frontend/packages/canopy-frontend-common/src/actions/openBanking.js","statementMap":{"0":{"start":{"line":10,"column":41},"end":{"line":13,"column":2}},"1":{"start":{"line":10,"column":52},"end":{"line":13,"column":1}},"2":{"start":{"line":15,"column":46},"end":{"line":18,"column":2}},"3":{"start":{"line":15,"column":72},"end":{"line":18,"column":1}},"4":{"start":{"line":20,"column":32},"end":{"line":23,"column":2}},"5":{"start":{"line":20,"column":43},"end":{"line":23,"column":1}},"6":{"start":{"line":25,"column":44},"end":{"line":27,"column":2}},"7":{"start":{"line":25,"column":51},"end":{"line":27,"column":1}},"8":{"start":{"line":29,"column":38},"end":{"line":36,"column":1}},"9":{"start":{"line":29,"column":44},"end":{"line":36,"column":1}},"10":{"start":{"line":30,"column":2},"end":{"line":35,"column":3}},"11":{"start":{"line":31,"column":18},"end":{"line":31,"column":49}},"12":{"start":{"line":32,"column":4},"end":{"line":32,"column":47}},"13":{"start":{"line":34,"column":4},"end":{"line":34,"column":35}},"14":{"start":{"line":38,"column":45},"end":{"line":48,"column":1}},"15":{"start":{"line":41,"column":6},"end":{"line":48,"column":1}},"16":{"start":{"line":42,"column":2},"end":{"line":47,"column":3}},"17":{"start":{"line":43,"column":4},"end":{"line":43,"column":56}},"18":{"start":{"line":44,"column":4},"end":{"line":44,"column":47}},"19":{"start":{"line":46,"column":4},"end":{"line":46,"column":35}},"20":{"start":{"line":50,"column":37},"end":{"line":60,"column":1}},"21":{"start":{"line":50,"column":48},"end":{"line":60,"column":1}},"22":{"start":{"line":51,"column":2},"end":{"line":59,"column":3}},"23":{"start":{"line":52,"column":25},"end":{"line":55,"column":6}},"24":{"start":{"line":56,"column":4},"end":{"line":56,"column":52}},"25":{"start":{"line":58,"column":4},"end":{"line":58,"column":35}},"26":{"start":{"line":62,"column":37},"end":{"line":72,"column":1}},"27":{"start":{"line":62,"column":48},"end":{"line":72,"column":1}},"28":{"start":{"line":63,"column":2},"end":{"line":71,"column":3}},"29":{"start":{"line":64,"column":25},"end":{"line":67,"column":6}},"30":{"start":{"line":68,"column":4},"end":{"line":68,"column":52}},"31":{"start":{"line":70,"column":4},"end":{"line":70,"column":35}},"32":{"start":{"line":74,"column":35},"end":{"line":80,"column":1}},"33":{"start":{"line":74,"column":53},"end":{"line":80,"column":1}},"34":{"start":{"line":75,"column":2},"end":{"line":79,"column":3}},"35":{"start":{"line":76,"column":4},"end":{"line":76,"column":56}},"36":{"start":{"line":78,"column":4},"end":{"line":78,"column":35}}},"fnMap":{"0":{"name":"(anonymous_0)","decl":{"start":{"line":10,"column":41},"end":{"line":10,"column":42}},"loc":{"start":{"line":10,"column":52},"end":{"line":13,"column":1}},"line":10},"1":{"name":"(anonymous_1)","decl":{"start":{"line":15,"column":46},"end":{"line":15,"column":47}},"loc":{"start":{"line":15,"column":72},"end":{"line":18,"column":1}},"line":15},"2":{"name":"(anonymous_2)","decl":{"start":{"line":20,"column":32},"end":{"line":20,"column":33}},"loc":{"start":{"line":20,"column":43},"end":{"line":23,"column":1}},"line":20},"3":{"name":"(anonymous_3)","decl":{"start":{"line":25,"column":44},"end":{"line":25,"column":45}},"loc":{"start":{"line":25,"column":51},"end":{"line":27,"column":1}},"line":25},"4":{"name":"(anonymous_4)","decl":{"start":{"line":29,"column":38},"end":{"line":29,"column":39}},"loc":{"start":{"line":29,"column":44},"end":{"line":36,"column":1}},"line":29},"5":{"name":"(anonymous_5)","decl":{"start":{"line":29,"column":44},"end":{"line":29,"column":45}},"loc":{"start":{"line":29,"column":62},"end":{"line":36,"column":1}},"line":29},"6":{"name":"(anonymous_6)","decl":{"start":{"line":38,"column":45},"end":{"line":38,"column":46}},"loc":{"start":{"line":41,"column":6},"end":{"line":48,"column":1}},"line":41},"7":{"name":"(anonymous_7)","decl":{"start":{"line":41,"column":6},"end":{"line":41,"column":7}},"loc":{"start":{"line":41,"column":24},"end":{"line":48,"column":1}},"line":41},"8":{"name":"(anonymous_8)","decl":{"start":{"line":50,"column":37},"end":{"line":50,"column":38}},"loc":{"start":{"line":50,"column":48},"end":{"line":60,"column":1}},"line":50},"9":{"name":"(anonymous_9)","decl":{"start":{"line":50,"column":48},"end":{"line":50,"column":49}},"loc":{"start":{"line":50,"column":66},"end":{"line":60,"column":1}},"line":50},"10":{"name":"(anonymous_10)","decl":{"start":{"line":62,"column":37},"end":{"line":62,"column":38}},"loc":{"start":{"line":62,"column":48},"end":{"line":72,"column":1}},"line":62},"11":{"name":"(anonymous_11)","decl":{"start":{"line":62,"column":48},"end":{"line":62,"column":49}},"loc":{"start":{"line":62,"column":66},"end":{"line":72,"column":1}},"line":62},"12":{"name":"(anonymous_12)","decl":{"start":{"line":74,"column":35},"end":{"line":74,"column":36}},"loc":{"start":{"line":74,"column":53},"end":{"line":80,"column":1}},"line":74},"13":{"name":"(anonymous_13)","decl":{"start":{"line":74,"column":53},"end":{"line":74,"column":54}},"loc":{"start":{"line":74,"column":71},"end":{"line":80,"column":1}},"line":74}},"branchMap":{"0":{"loc":{"start":{"line":15,"column":47},"end":{"line":15,"column":66}},"type":"default-arg","locations":[{"start":{"line":15,"column":62},"end":{"line":15,"column":66}}],"line":15}},"s":{"0":1,"1":2,"2":1,"3":4,"4":1,"5":3,"6":1,"7":0,"8":1,"9":3,"10":3,"11":3,"12":2,"13":1,"14":1,"15":5,"16":5,"17":5,"18":4,"19":1,"20":1,"21":3,"22":3,"23":3,"24":2,"25":1,"26":1,"27":3,"28":3,"29":3,"30":1,"31":2,"32":1,"33":2,"34":2,"35":2,"36":1},"f":{"0":2,"1":4,"2":3,"3":0,"4":3,"5":3,"6":5,"7":5,"8":3,"9":3,"10":3,"11":3,"12":2,"13":2},"b":{"0":[4]},"_coverageSchema":"332fd63041d2c1bcb487cc26dd0d5f7d97098a6c","hash":"71a37fe08779187e15715d858ae7de59fcc1e29e"}
,"/Users/edward/Desktop/canopy-frontend/packages/canopy-frontend-common/src/actions/photos.js": {"path":"/Users/edward/Desktop/canopy-frontend/packages/canopy-frontend-common/src/actions/photos.js","statementMap":{"0":{"start":{"line":6,"column":38},"end":{"line":15,"column":1}},"1":{"start":{"line":6,"column":57},"end":{"line":15,"column":1}},"2":{"start":{"line":7,"column":19},"end":{"line":7,"column":46}},"3":{"start":{"line":8,"column":22},"end":{"line":10,"column":3}},"4":{"start":{"line":9,"column":17},"end":{"line":9,"column":71}},"5":{"start":{"line":12,"column":2},"end":{"line":14,"column":3}},"6":{"start":{"line":13,"column":4},"end":{"line":13,"column":39}},"7":{"start":{"line":17,"column":29},"end":{"line":19,"column":1}},"8":{"start":{"line":17,"column":38},"end":{"line":19,"column":1}},"9":{"start":{"line":18,"column":2},"end":{"line":18,"column":57}},"10":{"start":{"line":21,"column":26},"end":{"line":24,"column":2}},"11":{"start":{"line":21,"column":36},"end":{"line":24,"column":1}},"12":{"start":{"line":26,"column":30},"end":{"line":29,"column":2}},"13":{"start":{"line":26,"column":40},"end":{"line":29,"column":1}},"14":{"start":{"line":31,"column":16},"end":{"line":31,"column":59}},"15":{"start":{"line":31,"column":34},"end":{"line":31,"column":58}},"16":{"start":{"line":33,"column":19},"end":{"line":48,"column":1}},"17":{"start":{"line":34,"column":2},"end":{"line":47,"column":4}}},"fnMap":{"0":{"name":"(anonymous_0)","decl":{"start":{"line":6,"column":38},"end":{"line":6,"column":39}},"loc":{"start":{"line":6,"column":57},"end":{"line":15,"column":1}},"line":6},"1":{"name":"(anonymous_1)","decl":{"start":{"line":6,"column":57},"end":{"line":6,"column":58}},"loc":{"start":{"line":6,"column":75},"end":{"line":15,"column":1}},"line":6},"2":{"name":"(anonymous_2)","decl":{"start":{"line":9,"column":4},"end":{"line":9,"column":5}},"loc":{"start":{"line":9,"column":17},"end":{"line":9,"column":71}},"line":9},"3":{"name":"(anonymous_3)","decl":{"start":{"line":17,"column":29},"end":{"line":17,"column":30}},"loc":{"start":{"line":17,"column":38},"end":{"line":19,"column":1}},"line":17},"4":{"name":"(anonymous_4)","decl":{"start":{"line":17,"column":38},"end":{"line":17,"column":39}},"loc":{"start":{"line":17,"column":50},"end":{"line":19,"column":1}},"line":17},"5":{"name":"(anonymous_5)","decl":{"start":{"line":21,"column":26},"end":{"line":21,"column":27}},"loc":{"start":{"line":21,"column":36},"end":{"line":24,"column":1}},"line":21},"6":{"name":"(anonymous_6)","decl":{"start":{"line":26,"column":30},"end":{"line":26,"column":31}},"loc":{"start":{"line":26,"column":40},"end":{"line":29,"column":1}},"line":26},"7":{"name":"(anonymous_7)","decl":{"start":{"line":31,"column":16},"end":{"line":31,"column":17}},"loc":{"start":{"line":31,"column":34},"end":{"line":31,"column":58}},"line":31},"8":{"name":"(anonymous_8)","decl":{"start":{"line":33,"column":19},"end":{"line":33,"column":20}},"loc":{"start":{"line":33,"column":27},"end":{"line":48,"column":1}},"line":33}},"branchMap":{"0":{"loc":{"start":{"line":12,"column":2},"end":{"line":14,"column":3}},"type":"if","locations":[{"start":{"line":12,"column":2},"end":{"line":14,"column":3}},{"start":{"line":12,"column":2},"end":{"line":14,"column":3}}],"line":12},"1":{"loc":{"start":{"line":40,"column":10},"end":{"line":41,"column":60}},"type":"binary-expr","locations":[{"start":{"line":40,"column":10},"end":{"line":40,"column":40}},{"start":{"line":41,"column":12},"end":{"line":41,"column":60}}],"line":40},"2":{"loc":{"start":{"line":42,"column":10},"end":{"line":43,"column":63}},"type":"binary-expr","locations":[{"start":{"line":42,"column":10},"end":{"line":42,"column":35}},{"start":{"line":43,"column":12},"end":{"line":43,"column":63}}],"line":42}},"s":{"0":1,"1":6,"2":6,"3":6,"4":4,"5":6,"6":1,"7":1,"8":1,"9":1,"10":1,"11":1,"12":1,"13":1,"14":1,"15":10,"16":1,"17":6},"f":{"0":6,"1":6,"2":4,"3":1,"4":1,"5":1,"6":1,"7":10,"8":6},"b":{"0":[1,5],"1":[6,6],"2":[6,4]},"_coverageSchema":"332fd63041d2c1bcb487cc26dd0d5f7d97098a6c","hash":"03f6592c2ea70ededdb3195b38f7b7a8f6555679"}
,"/Users/edward/Desktop/canopy-frontend/packages/canopy-frontend-common/src/actions/progress.js": {"path":"/Users/edward/Desktop/canopy-frontend/packages/canopy-frontend-common/src/actions/progress.js","statementMap":{"0":{"start":{"line":3,"column":30},"end":{"line":6,"column":2}},"1":{"start":{"line":3,"column":43},"end":{"line":6,"column":1}},"2":{"start":{"line":8,"column":29},"end":{"line":10,"column":2}},"3":{"start":{"line":8,"column":36},"end":{"line":10,"column":1}}},"fnMap":{"0":{"name":"(anonymous_0)","decl":{"start":{"line":3,"column":30},"end":{"line":3,"column":31}},"loc":{"start":{"line":3,"column":43},"end":{"line":6,"column":1}},"line":3},"1":{"name":"(anonymous_1)","decl":{"start":{"line":8,"column":29},"end":{"line":8,"column":30}},"loc":{"start":{"line":8,"column":36},"end":{"line":10,"column":1}},"line":8}},"branchMap":{},"s":{"0":35,"1":5,"2":35,"3":3},"f":{"0":5,"1":3},"b":{},"_coverageSchema":"332fd63041d2c1bcb487cc26dd0d5f7d97098a6c","hash":"0976da0c8462f5e97a4d5cc3e54235ae34f0e3a6"}
,"/Users/edward/Desktop/canopy-frontend/packages/canopy-frontend-common/src/actions/properties.js": {"path":"/Users/edward/Desktop/canopy-frontend/packages/canopy-frontend-common/src/actions/properties.js","statementMap":{"0":{"start":{"line":12,"column":38},"end":{"line":13,"column":31}},"1":{"start":{"line":15,"column":27},"end":{"line":18,"column":2}},"2":{"start":{"line":15,"column":40},"end":{"line":18,"column":1}},"3":{"start":{"line":20,"column":30},"end":{"line":22,"column":2}},"4":{"start":{"line":20,"column":37},"end":{"line":22,"column":1}},"5":{"start":{"line":24,"column":33},"end":{"line":32,"column":1}},"6":{"start":{"line":24,"column":47},"end":{"line":32,"column":1}},"7":{"start":{"line":25,"column":19},"end":{"line":27,"column":79}},"8":{"start":{"line":27,"column":24},"end":{"line":27,"column":78}},"9":{"start":{"line":29,"column":2},"end":{"line":31,"column":3}},"10":{"start":{"line":30,"column":4},"end":{"line":30,"column":36}},"11":{"start":{"line":34,"column":48},"end":{"line":42,"column":1}},"12":{"start":{"line":34,"column":62},"end":{"line":42,"column":1}},"13":{"start":{"line":35,"column":20},"end":{"line":37,"column":79}},"14":{"start":{"line":37,"column":24},"end":{"line":37,"column":78}},"15":{"start":{"line":39,"column":2},"end":{"line":41,"column":3}},"16":{"start":{"line":40,"column":4},"end":{"line":40,"column":38}},"17":{"start":{"line":44,"column":28},"end":{"line":47,"column":2}},"18":{"start":{"line":44,"column":42},"end":{"line":47,"column":1}},"19":{"start":{"line":49,"column":41},"end":{"line":58,"column":1}},"20":{"start":{"line":49,"column":49},"end":{"line":58,"column":1}},"21":{"start":{"line":50,"column":19},"end":{"line":52,"column":79}},"22":{"start":{"line":52,"column":24},"end":{"line":52,"column":78}},"23":{"start":{"line":54,"column":2},"end":{"line":57,"column":3}},"24":{"start":{"line":55,"column":4},"end":{"line":55,"column":39}},"25":{"start":{"line":56,"column":4},"end":{"line":56,"column":34}},"26":{"start":{"line":60,"column":41},"end":{"line":69,"column":1}},"27":{"start":{"line":60,"column":52},"end":{"line":69,"column":1}},"28":{"start":{"line":61,"column":19},"end":{"line":63,"column":79}},"29":{"start":{"line":63,"column":24},"end":{"line":63,"column":78}},"30":{"start":{"line":64,"column":2},"end":{"line":68,"column":3}},"31":{"start":{"line":65,"column":4},"end":{"line":67,"column":6}},"32":{"start":{"line":71,"column":33},"end":{"line":74,"column":2}},"33":{"start":{"line":71,"column":56},"end":{"line":74,"column":1}}},"fnMap":{"0":{"name":"(anonymous_0)","decl":{"start":{"line":15,"column":27},"end":{"line":15,"column":28}},"loc":{"start":{"line":15,"column":40},"end":{"line":18,"column":1}},"line":15},"1":{"name":"(anonymous_1)","decl":{"start":{"line":20,"column":30},"end":{"line":20,"column":31}},"loc":{"start":{"line":20,"column":37},"end":{"line":22,"column":1}},"line":20},"2":{"name":"(anonymous_2)","decl":{"start":{"line":24,"column":33},"end":{"line":24,"column":34}},"loc":{"start":{"line":24,"column":47},"end":{"line":32,"column":1}},"line":24},"3":{"name":"(anonymous_3)","decl":{"start":{"line":24,"column":47},"end":{"line":24,"column":48}},"loc":{"start":{"line":24,"column":65},"end":{"line":32,"column":1}},"line":24},"4":{"name":"(anonymous_4)","decl":{"start":{"line":27,"column":11},"end":{"line":27,"column":12}},"loc":{"start":{"line":27,"column":24},"end":{"line":27,"column":78}},"line":27},"5":{"name":"(anonymous_5)","decl":{"start":{"line":34,"column":48},"end":{"line":34,"column":49}},"loc":{"start":{"line":34,"column":62},"end":{"line":42,"column":1}},"line":34},"6":{"name":"(anonymous_6)","decl":{"start":{"line":34,"column":62},"end":{"line":34,"column":63}},"loc":{"start":{"line":34,"column":80},"end":{"line":42,"column":1}},"line":34},"7":{"name":"(anonymous_7)","decl":{"start":{"line":37,"column":11},"end":{"line":37,"column":12}},"loc":{"start":{"line":37,"column":24},"end":{"line":37,"column":78}},"line":37},"8":{"name":"(anonymous_8)","decl":{"start":{"line":44,"column":28},"end":{"line":44,"column":29}},"loc":{"start":{"line":44,"column":42},"end":{"line":47,"column":1}},"line":44},"9":{"name":"(anonymous_9)","decl":{"start":{"line":49,"column":41},"end":{"line":49,"column":42}},"loc":{"start":{"line":49,"column":49},"end":{"line":58,"column":1}},"line":49},"10":{"name":"(anonymous_10)","decl":{"start":{"line":49,"column":49},"end":{"line":49,"column":50}},"loc":{"start":{"line":49,"column":67},"end":{"line":58,"column":1}},"line":49},"11":{"name":"(anonymous_11)","decl":{"start":{"line":52,"column":11},"end":{"line":52,"column":12}},"loc":{"start":{"line":52,"column":24},"end":{"line":52,"column":78}},"line":52},"12":{"name":"(anonymous_12)","decl":{"start":{"line":60,"column":41},"end":{"line":60,"column":42}},"loc":{"start":{"line":60,"column":52},"end":{"line":69,"column":1}},"line":60},"13":{"name":"(anonymous_13)","decl":{"start":{"line":60,"column":52},"end":{"line":60,"column":53}},"loc":{"start":{"line":60,"column":70},"end":{"line":69,"column":1}},"line":60},"14":{"name":"(anonymous_14)","decl":{"start":{"line":63,"column":11},"end":{"line":63,"column":12}},"loc":{"start":{"line":63,"column":24},"end":{"line":63,"column":78}},"line":63},"15":{"name":"(anonymous_15)","decl":{"start":{"line":71,"column":33},"end":{"line":71,"column":34}},"loc":{"start":{"line":71,"column":56},"end":{"line":74,"column":1}},"line":71}},"branchMap":{"0":{"loc":{"
[...]
,"/Users/edward/Desktop/canopy-frontend/packages/canopy-frontend-common/src/utils/string/index.js": {"path":"/Users/edward/Desktop/canopy-frontend/packages/canopy-frontend-common/src/utils/string/index.js","statementMap":{"0":{"start":{"line":3,"column":37},"end":{"line":5,"column":1}},"1":{"start":{"line":4,"column":2},"end":{"line":4,"column":68}},"2":{"start":{"line":7,"column":26},"end":{"line":14,"column":1}},"3":{"start":{"line":8,"column":14},"end":{"line":11,"column":18}},"4":{"start":{"line":13,"column":2},"end":{"line":13,"column":36}},"5":{"start":{"line":16,"column":27},"end":{"line":19,"column":44}},"6":{"start":{"line":17,"column":2},"end":{"line":19,"column":44}},"7":{"start":{"line":21,"column":29},"end":{"line":30,"column":15}},"8":{"start":{"line":22,"column":2},"end":{"line":30,"column":15}},"9":{"start":{"line":28,"column":18},"end":{"line":28,"column":22}},"10":{"start":{"line":29,"column":15},"end":{"line":29,"column":38}},"11":{"start":{"line":32,"column":29},"end":{"line":33,"column":55}},"12":{"start":{"line":33,"column":2},"end":{"line":33,"column":55}}},"fnMap":{"0":{"name":"(anonymous_0)","decl":{"start":{"line":3,"column":37},"end":{"line":3,"column":38}},"loc":{"start":{"line":3,"column":47},"end":{"line":5,"column":1}},"line":3},"1":{"name":"(anonymous_1)","decl":{"start":{"line":7,"column":26},"end":{"line":7,"column":27}},"loc":{"start":{"line":7,"column":34},"end":{"line":14,"column":1}},"line":7},"2":{"name":"(anonymous_2)","decl":{"start":{"line":16,"column":27},"end":{"line":16,"column":28}},"loc":{"start":{"line":17,"column":2},"end":{"line":19,"column":44}},"line":17},"3":{"name":"(anonymous_3)","decl":{"start":{"line":21,"column":29},"end":{"line":21,"column":30}},"loc":{"start":{"line":22,"column":2},"end":{"line":30,"column":15}},"line":22},"4":{"name":"(anonymous_4)","decl":{"start":{"line":28,"column":12},"end":{"line":28,"column":13}},"loc":{"start":{"line":28,"column":18},"end":{"line":28,"column":22}},"line":28},"5":{"name":"(anonymous_5)","decl":{"start":{"line":29,"column":9},"end":{"line":29,"column":10}},"loc":{"start":{"line":29,"column":15},"end":{"line":29,"column":38}},"line":29},"6":{"name":"(anonymous_6)","decl":{"start":{"line":32,"column":29},"end":{"line":32,"column":30}},"loc":{"start":{"line":33,"column":2},"end":{"line":33,"column":55}},"line":33}},"branchMap":{"0":{"loc":{"start":{"line":4,"column":9},"end":{"line":4,"column":67}},"type":"binary-expr","locations":[{"start":{"line":4,"column":9},"end":{"line":4,"column":15}},{"start":{"line":4,"column":19},"end":{"line":4,"column":67}}],"line":4},"1":{"loc":{"start":{"line":16,"column":36},"end":{"line":16,"column":49}},"type":"default-arg","locations":[{"start":{"line":16,"column":47},"end":{"line":16,"column":49}}],"line":16},"2":{"loc":{"start":{"line":16,"column":51},"end":{"line":16,"column":64}},"type":"default-arg","locations":[{"start":{"line":16,"column":63},"end":{"line":16,"column":64}}],"line":16},"3":{"loc":{"start":{"line":21,"column":39},"end":{"line":21,"column":62}},"type":"default-arg","locations":[{"start":{"line":21,"column":57},"end":{"line":21,"column":62}}],"line":21},"4":{"loc":{"start":{"line":26,"column":4},"end":{"line":26,"column":39}},"type":"binary-expr","locations":[{"start":{"line":26,"column":4},"end":{"line":26,"column":19}},{"start":{"line":26,"column":23},"end":{"line":26,"column":39}}],"line":26}},"s":{"0":13,"1":19,"2":13,"3":18,"4":18,"5":13,"6":7,"7":13,"8":82,"9":328,"10":16,"11":13,"12":29},"f":{"0":19,"1":18,"2":7,"3":82,"4":328,"5":16,"6":29},"b":{"0":[19,19],"1":[5],"2":[6],"3":[52],"4":[82,30]},"_coverageSchema":"332fd63041d2c1bcb487cc26dd0d5f7d97098a6c","hash":"556d6a55740b7489b45220d20602927312b7b607"}
,"/Users/edward/Desktop/canopy-frontend/packages/canopy-frontend-common/src/utils/validators/alphaonly.js": {"path":"/Users/edward/Desktop/canopy-frontend/packages/canopy-frontend-common/src/utils/validators/alphaonly.js","statementMap":{"0":{"start":{"line":3,"column":28},"end":{"line":4,"column":67}},"1":{"start":{"line":4,"column":2},"end":{"line":4,"column":67}}},"fnMap":{"0":{"name":"(anonymous_0)","decl":{"start":{"line":3,"column":28},"end":{"line":3,"column":29}},"loc":{"start":{"line":4,"column":2},"end":{"line":4,"column":67}},"line":4}},"branchMap":{"0":{"loc":{"start":{"line":4,"column":2},"end":{"line":4,"column":67}},"type":"binary-expr","locations":[{"start":{"line":4,"column":2},"end":{"line":4,"column":7}},{"start":{"line":4,"column":11},"end":{"line":4,"column":39}},{"start":{"line":4,"column":43},"end":{"line":4,"column":67}}],"line":4}},"s":{"0":1,"1":11},"f":{"0":11},"b":{"0":[11,11,6]},"_coverageSchema":"332fd63041d2c1bcb487cc26dd0d5f7d97098a6c","hash":"7e315147b6293a1d8cf67ece61f47c371c146a23"}
,"/Users/edward/Desktop/canopy-frontend/packages/canopy-frontend-common/src/utils/validators/common.js": {"path":"/Users/edward/Desktop/canopy-frontend/packages/canopy-frontend-common/src/utils/validators/common.js","statementMap":{"0":{"start":{"line":1,"column":26},"end":{"line":1,"column":71}},"1":{"start":{"line":1,"column":42},"end":{"line":1,"column":71}},"2":{"start":{"line":3,"column":24},"end":{"line":8,"column":1}},"3":{"start":{"line":4,"column":26},"end":{"line":4,"column":55}},"4":{"start":{"line":5,"column":18},"end":{"line":5,"column":52}},"5":{"start":{"line":7,"column":2},"end":{"line":7,"column":36}},"6":{"start":{"line":10,"column":22},"end":{"line":18,"column":8}},"7":{"start":{"line":11,"column":2},"end":{"line":18,"column":8}},"8":{"start":{"line":12,"column":31},"end":{"line":12,"column":42}},"9":{"start":{"line":14,"column":4},"end":{"line":17,"column":6}},"10":{"start":{"line":20,"column":22},"end":{"line":21,"column":45}},"11":{"start":{"line":20,"column":46},"end":{"line":21,"column":45}},"12":{"start":{"line":21,"column":2},"end":{"line":21,"column":45}},"13":{"start":{"line":23,"column":26},"end":{"line":30,"column":3}},"14":{"start":{"line":24,"column":2},"end":{"line":30,"column":3}},"15":{"start":{"line":25,"column":19},"end":{"line":28,"column":5}},"16":{"start":{"line":32,"column":44},"end":{"line":46,"column":1}},"17":{"start":{"line":33,"column":25},"end":{"line":33,"column":46}},"18":{"start":{"line":34,"column":23},"end":{"line":34,"column":50}},"19":{"start":{"line":35,"column":26},"end":{"line":37,"column":3}},"20":{"start":{"line":36,"column":21},"end":{"line":36,"column":43}},"21":{"start":{"line":39,"column":2},"end":{"line":43,"column":3}},"22":{"start":{"line":40,"column":4},"end":{"line":42,"column":6}},"23":{"start":{"line":45,"column":2},"end":{"line":45,"column":14}}},"fnMap":{"0":{"name":"(anonymous_0)","decl":{"start":{"line":1,"column":26},"end":{"line":1,"column":27}},"loc":{"start":{"line":1,"column":42},"end":{"line":1,"column":71}},"line":1},"1":{"name":"(anonymous_1)","decl":{"start":{"line":3,"column":24},"end":{"line":3,"column":25}},"loc":{"start":{"line":3,"column":50},"end":{"line":8,"column":1}},"line":3},"2":{"name":"(anonymous_2)","decl":{"start":{"line":10,"column":22},"end":{"line":10,"column":23}},"loc":{"start":{"line":11,"column":2},"end":{"line":18,"column":8}},"line":11},"3":{"name":"(anonymous_3)","decl":{"start":{"line":11,"column":29},"end":{"line":11,"column":30}},"loc":{"start":{"line":11,"column":43},"end":{"line":18,"column":3}},"line":11},"4":{"name":"(anonymous_4)","decl":{"start":{"line":20,"column":22},"end":{"line":20,"column":23}},"loc":{"start":{"line":20,"column":46},"end":{"line":21,"column":45}},"line":20},"5":{"name":"(anonymous_5)","decl":{"start":{"line":20,"column":46},"end":{"line":20,"column":47}},"loc":{"start":{"line":21,"column":2},"end":{"line":21,"column":45}},"line":21},"6":{"name":"(anonymous_6)","decl":{"start":{"line":23,"column":26},"end":{"line":23,"column":27}},"loc":{"start":{"line":24,"column":2},"end":{"line":30,"column":3}},"line":24},"7":{"name":"(anonymous_7)","decl":{"start":{"line":25,"column":4},"end":{"line":25,"column":5}},"loc":{"start":{"line":25,"column":19},"end":{"line":28,"column":5}},"line":25},"8":{"name":"(anonymous_8)","decl":{"start":{"line":32,"column":44},"end":{"line":32,"column":45}},"loc":{"start":{"line":32,"column":68},"end":{"line":46,"column":1}},"line":32},"9":{"name":"(anonymous_9)","decl":{"start":{"line":36,"column":4},"end":{"line":36,"column":5}},"loc":{"start":{"line":36,"column":21},"end":{"line":36,"column":43}},"line":36}},"branchMap":{"0":{"loc":{"start":{"line":1,"column":42},"end":{"line":1,"column":71}},"type":"binary-expr","locations":[{"start":{"line":1,"column":42},"end":{"line":1,"column":48}},{"start":{"line":1,"column":52},"end":{"line":1,"column":71}}],"line":1},"1":{"loc":{"start":{"line":12,"column":11},"end":{"line":12,"column":27}},"type":"default-arg","locations":[{"start":{"line":12,"column":25},"end":{"line":12,"column":27}}],"line":12},"2":{"loc":{"start":{"line":21,"column":2},"end":{"line":21,"column":45}},"type":"binary-expr","locations":[{"start":{"line":21,"column":3},"end":{"line":21,"column":38}},{"start":{"line":21,"column":43},"end":{"line":21,"column":45}}],"line":21},"3":{"loc":{"start":{"line":39,"column":2},"end":{"line":43,"column":3}},"type":"if","locations":[{"start":{"line":39,"column":2},"end":{"line":43,"column":3}},{"start":{"line":39,"column":2},"end":{"line":43,"column":3}}],"line":39},"4":{"loc":{"start":{"line":39,"column":6},"end":{"line":39,"column":38}},"type":"binary-expr","locations":[{"start":{"line":39,"column":6},"end":{"line":39,"column":18}},{"start":{"line":39,"column":22},"end":{"line":39,"column":38}}],"line":39}},"s":{"0":8,"1":1,"2":8,"3":30,"4":30,"5":30,"6":8,"7":30,"8":30,"9":30,"10":8,"11":30,"12":1,"13":8,"14":30,"15":1,"16":8,"17":0,"18":0,"19":0,"20":0,"21":0,"22":0,"23":0},"f":{"0":1,"1":30,"2":30,"3":30,"4":30,"5":1,"6":30,"7":1,"8":0,"9":0},"b":{"0":[1,1],"1":[29],"2":[1,0],"3":[0,0],"4":[0,0]},"_coverageSchema":"332fd63041d2c1bcb487cc26dd0d5f7d97098a6c","hash":"c6d46aa29f606154064b20de7796c0173c02e446"}
,"/Users/edward/Desktop/canopy-frontend/packages/canopy-frontend-common/src/utils/validators/email.js": {"path":"/Users/edward/Desktop/canopy-frontend/packages/canopy-frontend-common/src/utils/validators/email.js","statementMap":{"0":{"start":{"line":6,"column":28},"end":{"line":7,"column":76}},"1":{"start":{"line":7,"column":2},"end":{"line":7,"column":76}},"2":{"start":{"line":9,"column":32},"end":{"line":19,"column":1}},"3":{"start":{"line":10,"column":2},"end":{"line":18,"column":7}},"4":{"start":{"line":12,"column":24},"end":{"line":12,"column":65}},"5":{"start":{"line":15,"column":6},"end":{"line":15,"column":64}},"6":{"start":{"line":17,"column":6},"end":{"line":17,"column":37}},"7":{"start":{"line":21,"column":26},"end":{"line":21,"column":64}},"8":{"start":{"line":21,"column":35},"end":{"line":21,"column":64}},"9":{"start":{"line":23,"column":37},"end":{"line":24,"column":69}},"10":{"start":{"line":24,"column":2},"end":{"line":24,"column":69}},"11":{"start":{"line":26,"column":31},"end":{"line":26,"column":57}},"12":{"start":{"line":26,"column":40},"end":{"line":26,"column":57}}},"fnMap":{"0":{"name":"(anonymous_0)","decl":{"start":{"line":6,"column":28},"end":{"line":6,"column":29}},"loc":{"start":{"line":7,"column":2},"end":{"line":7,"column":76}},"line":7},"1":{"name":"(anonymous_1)","decl":{"start":{"line":9,"column":32},"end":{"line":9,"column":33}},"loc":{"start":{"line":9,"column":41},"end":{"line":19,"column":1}},"line":9},"2":{"name":"(anonymous_2)","decl":{"start":{"line":12,"column":6},"end":{"line":12,"column":7}},"loc":{"start":{"line":12,"column":24},"end":{"line":12,"column":65}},"line":12},"3":{"name":"(anonymous_3)","decl":{"start":{"line":14,"column":11},"end":{"line":14,"column":12}},"loc":{"start":{"line":14,"column":24},"end":{"line":18,"column":5}},"line":14},"4":{"name":"(anonymous_4)","decl":{"start":{"line":21,"column":26},"end":{"line":21,"column":27}},"loc":{"start":{"line":21,"column":35},"end":{"line":21,"column":64}},"line":21},"5":{"name":"(anonymous_5)","decl":{"start":{"line":23,"column":37},"end":{"line":23,"column":38}},"loc":{"start":{"line":24,"column":2},"end":{"line":24,"column":69}},"line":24},"6":{"name":"(anonymous_6)","decl":{"start":{"line":26,"column":31},"end":{"line":26,"column":32}},"loc":{"start":{"line":26,"column":40},"end":{"line":26,"column":57}},"line":26}},"branchMap":{"0":{"loc":{"start":{"line":7,"column":2},"end":{"line":7,"column":76}},"type":"binary-expr","locations":[{"start":{"line":7,"column":2},"end":{"line":7,"column":7}},{"start":{"line":7,"column":11},"end":{"line":7,"column":49}},{"start":{"line":7,"column":53},"end":{"line":7,"column":76}}],"line":7},"1":{"loc":{"start":{"line":12,"column":24},"end":{"line":12,"column":65}},"type":"cond-expr","locations":[{"start":{"line":12,"column":37},"end":{"line":12,"column":58}},{"start":{"line":12,"column":61},"end":{"line":12,"column":65}}],"line":12},"2":{"loc":{"start":{"line":21,"column":35},"end":{"line":21,"column":64}},"type":"binary-expr","locations":[{"start":{"line":21,"column":35},"end":{"line":21,"column":41}},{"start":{"line":21,"column":45},"end":{"line":21,"column":64}}],"line":21},"3":{"loc":{"start":{"line":24,"column":2},"end":{"line":24,"column":69}},"type":"binary-expr","locations":[{"start":{"line":24,"column":2},"end":{"line":24,"column":19}},{"start":{"line":24,"column":23},"end":{"line":24,"column":42}},{"start":{"line":24,"column":46},"end":{"line":24,"column":69}}],"line":24}},"s":{"0":3,"1":21,"2":3,"3":2,"4":1,"5":1,"6":1,"7":3,"8":0,"9":3,"10":0,"11":3,"12":0},"f":{"0":21,"1":2,"2":1,"3":1,"4":0,"5":0,"6":0},"b":{"0":[21,21,10],"1":[0,1],"2":[0,0],"3":[0,0,0]},"_coverageSchema":"332fd63041d2c1bcb487cc26dd0d5f7d97098a6c","hash":"44f3623933c81269b0f49b71e851d45b49297210"}
,"/Users/edward/Desktop/canopy-frontend/packages/canopy-frontend-common/src/utils/validators/number.js": {"path":"/Users/edward/Desktop/canopy-frontend/packages/canopy-frontend-common/src/utils/validators/number.js","statementMap":{"0":{"start":{"line":3,"column":28},"end":{"line":4,"column":66}},"1":{"start":{"line":4,"column":2},"end":{"line":4,"column":66}},"2":{"start":{"line":6,"column":25},"end":{"line":7,"column":69}},"3":{"start":{"line":7,"column":2},"end":{"line":7,"column":69}}},"fnMap":{"0":{"name":"(anonymous_0)","decl":{"start":{"line":3,"column":28},"end":{"line":3,"column":29}},"loc":{"start":{"line":4,"column":2},"end":{"line":4,"column":66}},"line":4},"1":{"name":"(anonymous_1)","decl":{"start":{"line":6,"column":25},"end":{"line":6,"column":26}},"loc":{"start":{"line":7,"column":2},"end":{"line":7,"column":69}},"line":7}},"branchMap":{"0":{"loc":{"start":{"line":4,"column":2},"end":{"line":4,"column":66}},"type":"binary-expr","locations":[{"start":{"line":4,"column":2},"end":{"line":4,"column":8}},{"start":{"line":4,"column":12},"end":{"line":4,"column":38}},{"start":{"line":4,"column":42},"end":{"line":4,"column":66}}],"line":4},"1":{"loc":{"start":{"line":7,"column":2},"end":{"line":7,"column":69}},"type":"binary-expr","locations":[{"start":{"line":7,"column":2},"end":{"line":7,"column":8}},{"start":{"line":7,"column":12},"end":{"line":7,"column":39}},{"start":{"line":7,"column":43},"end":{"line":7,"column":69}}],"line":7}},"s":{"0":1,"1":29,"2":1,"3":9},"f":{"0":29,"1":9},"b":{"0":[29,29,26],"1":[9,9,0]},"_coverageSchema":"332fd63041d2c1bcb487cc26dd0d5f7d97098a6c","hash":"e32cca75aed562f8a6f28eea08280b6f1326dd1f"}
,"/Users/edward/Desktop/canopy-frontend/packages/canopy-frontend-common/src/utils/validators/password.js": {"path":"/Users/edward/Desktop/canopy-frontend/packages/canopy-frontend-common/src/utils/validators/password.js","statementMap":{"0":{"start":{"line":3,"column":31},"end":{"line":4,"column":76}},"1":{"start":{"line":4,"column":2},"end":{"line":4,"column":76}},"2":{"start":{"line":6,"column":38},"end":{"line":10,"column":3}},"3":{"start":{"line":7,"column":2},"end":{"line":10,"column":3}}},"fnMap":{"0":{"name":"(anonymous_0)","decl":{"start":{"line":3,"column":31},"end":{"line":3,"column":32}},"loc":{"start":{"line":4,"column":2},"end":{"line":4,"column":76}},"line":4},"1":{"name":"(anonymous_1)","decl":{"start":{"line":6,"column":38},"end":{"line":6,"column":39}},"loc":{"start":{"line":7,"column":2},"end":{"line":10,"column":3}},"line":7}},"branchMap":{"0":{"loc":{"start":{"line":4,"column":2},"end":{"line":4,"column":76}},"type":"binary-expr","locations":[{"start":{"line":4,"column":2},"end":{"line":4,"column":10}},{"start":{"line":4,"column":14},"end":{"line":4,"column":44}},{"start":{"line":4,"column":48},"end":{"line":4,"column":76}}],"line":4},"1":{"loc":{"start":{"line":7,"column":2},"end":{"line":10,"column":3}},"type":"binary-expr","locations":[{"start":{"line":7,"column":2},"end":{"line":7,"column":10}},{"start":{"line":8,"column":2},"end":{"line":8,"column":37}},{"start":{"line":8,"column":41},"end":{"line":10,"column":3}}],"line":7}},"s":{"0":2,"1":12,"2":2,"3":2},"f":{"0":12,"1":2},"b":{"0":[12,12,6],"1":[2,2,1]},"_coverageSchema":"332fd63041d2c1bcb487cc26dd0d5f7d97098a6c","hash":"3dfa2cd161fc71162484ab7dc96d71d175bb6598"}
,"/Users/edward/Desktop/canopy-frontend/packages/canopy-frontend-common/src/utils/validators/phone.js": {"path":"/Users/edward/Desktop/canopy-frontend/packages/canopy-frontend-common/src/utils/validators/phone.js","statementMap":{"0":{"start":{"line":3,"column":34},"end":{"line":7,"column":3}},"1":{"start":{"line":4,"column":2},"end":{"line":7,"column":3}},"2":{"start":{"line":9,"column":19},"end":{"line":9,"column":75}},"3":{"start":{"line":9,"column":34},"end":{"line":9,"column":75}},"4":{"start":{"line":11,"column":31},"end":{"line":11,"column":69}},"5":{"start":{"line":11,"column":46},"end":{"line":11,"column":69}}},"fnMap":{"0":{"name":"(anonymous_0)","decl":{"start":{"line":3,"column":34},"end":{"line":3,"column":35}},"loc":{"start":{"line":4,"column":2},"end":{"line":7,"column":3}},"line":4},"1":{"name":"(anonymous_1)","decl":{"start":{"line":9,"column":19},"end":{"line":9,"column":20}},"loc":{"start":{"line":9,"column":34},"end":{"line":9,"column":75}},"line":9},"2":{"name":"(anonymous_2)","decl":{"start":{"line":11,"column":31},"end":{"line":11,"column":32}},"loc":{"start":{"line":11,"column":46},"end":{"line":11,"column":69}},"line":11}},"branchMap":{"0":{"loc":{"start":{"line":4,"column":2},"end":{"line":7,"column":3}},"type":"binary-expr","locations":[{"start":{"line":4,"column":2},"end":{"line":4,"column":13}},{"start":{"line":5,"column":2},"end":{"line":5,"column":32}},{"start":{"line":5,"column":36},"end":{"line":7,"column":3}}],"line":4},"1":{"loc":{"start":{"line":9,"column":34},"end":{"line":9,"column":75}},"type":"binary-expr","locations":[{"start":{"line":9,"column":34},"end":{"line":9,"column":46}},{"start":{"line":9,"column":50},"end":{"line":9,"column":75}}],"line":9}},"s":{"0":1,"1":9,"2":1,"3":0,"4":1,"5":0},"f":{"0":9,"1":0,"2":0},"b":{"0":[9,9,5],"1":[0,0]},"_coverageSchema":"332fd63041d2c1bcb487cc26dd0d5f7d97098a6c","hash":"69f44e3713b04efb3e1cce9006d73c07fbd6fa35"}
,"/Users/edward/Desktop/canopy-frontend/packages/canopy-frontend-common/src/utils/validators/regex.js": {"path":"/Users/edward/Desktop/canopy-frontend/packages/canopy-frontend-common/src/utils/validators/regex.js","statementMap":{"0":{"start":{"line":1,"column":26},"end":{"line":1,"column":139}},"1":{"start":{"line":3,"column":29},"end":{"line":3,"column":143}},"2":{"start":{"line":5,"column":26},"end":{"line":5,"column":161}},"3":{"start":{"line":7,"column":27},"end":{"line":7,"column":34}},"4":{"start":{"line":9,"column":28},"end":{"line":9,"column":47}},"5":{"start":{"line":11,"column":30},"end":{"line":11,"column":46}}},"fnMap":{},"branchMap":{},"s":{"0":7,"1":7,"2":7,"3":7,"4":7,"5":7},"f":{},"b":{},"_coverageSchema":"332fd63041d2c1bcb487cc26dd0d5f7d97098a6c","hash":"2cece0d23af30d7c5b430f61d0fab199bfe95106"}
}
